Flutter crash report.
Please report a bug at https://github.com/flutter/flutter/issues.

## command

flutter pub add permission_handler

## exception

PathNotFoundException: PathNotFoundException: Deletion failed, path = 'D:\Tugas Akhir\realtime\windows\flutter\ephemeral\.plugin_symlinks' (OS Error: The system cannot find the file specified.
, errno = 2)

```
#0      _Directory._deleteSync (dart:io/directory_impl.dart:188:7)
#1      FileSystemEntity.deleteSync (dart:io/file_system_entity.dart:407:7)
#2      ForwardingFileSystemEntity.deleteSync (package:file/src/forwarding/forwarding_file_system_entity.dart:70:16)
#3      ErrorHandlingDirectory.deleteSync.<anonymous closure> (package:flutter_tools/src/base/error_handling_io.dart:479:22)
#4      _runSync (package:flutter_tools/src/base/error_handling_io.dart:587:14)
#5      ErrorHandlingDirectory.deleteSync (package:flutter_tools/src/base/error_handling_io.dart:478:12)
#6      _createPlatformPluginSymlinks (package:flutter_tools/src/flutter_plugins.dart:1076:22)
#7      createPluginSymlinks (package:flutter_tools/src/flutter_plugins.dart:1012:5)
#8      refreshPluginsList (package:flutter_tools/src/flutter_plugins.dart:1122:5)
<asynchronous suspension>
#9      FlutterProject.ensureReadyForPlatformSpecificTooling (package:flutter_tools/src/project.dart:369:5)
<asynchronous suspension>
#10     PackagesGetCommand.runCommand (package:flutter_tools/src/commands/packages.dart:382:7)
<asynchronous suspension>
#11     FlutterCommand.run.<anonymous closure> (package:flutter_tools/src/runner/flutter_command.dart:1389:27)
<asynchronous suspension>
#12     AppContext.run.<anonymous closure> (package:flutter_tools/src/base/context.dart:153:19)
<asynchronous suspension>
#13     CommandRunner.runCommand (package:args/command_runner.dart:212:13)
<asynchronous suspension>
#14     FlutterCommandRunner.runCommand.<anonymous closure> (package:flutter_tools/src/runner/flutter_command_runner.dart:355:9)
<asynchronous suspension>
#15     AppContext.run.<anonymous closure> (package:flutter_tools/src/base/context.dart:153:19)
<asynchronous suspension>
#16     FlutterCommandRunner.runCommand (package:flutter_tools/src/runner/flutter_command_runner.dart:295:5)
<asynchronous suspension>
#17     run.<anonymous closure>.<anonymous closure> (package:flutter_tools/runner.dart:119:9)
<asynchronous suspension>
#18     AppContext.run.<anonymous closure> (package:flutter_tools/src/base/context.dart:153:19)
<asynchronous suspension>
#19     main (package:flutter_tools/executable.dart:90:3)
<asynchronous suspension>
```

## flutter doctor

```
[32m[✓][39m Flutter (Channel stable, 3.19.3, on Microsoft Windows [Version 10.0.22621.3296], locale en-ID)
    [32m•[39m Flutter version 3.19.3 on channel stable at C:\src\flutter
    [32m•[39m Upstream repository https://github.com/flutter/flutter.git
    [32m•[39m Framework revision ba39319843 (4 weeks ago), 2024-03-07 15:22:21 -0600
    [32m•[39m Engine revision 2e4ba9c6fb
    [32m•[39m Dart version 3.3.1
    [32m•[39m DevTools version 2.31.1

[32m[✓][39m Windows Version (Installed version of Windows is version 10 or higher)

[32m[✓][39m Android toolchain - develop for Android devices (Android SDK version 33.0.0)
    [32m•[39m Android SDK at C:\Users\User\AppData\Local\Android\sdk
    [32m•[39m Platform android-34, build-tools 33.0.0
    [32m•[39m Java binary at: C:\Program Files\Android\Android Studio\jre\bin\java
    [32m•[39m Java version OpenJDK Runtime Environment (build 11.0.13+0-b1751.21-8125866)
    [32m•[39m All Android licenses accepted.

[32m[✓][39m Chrome - develop for the web
    [32m•[39m Chrome at C:\Program Files\Google\Chrome\Application\chrome.exe

[31m[✗][39m Visual Studio - develop Windows apps
    [31m✗[39m Visual Studio not installed; this is necessary to develop Windows apps.
      Download at https://visualstudio.microsoft.com/downloads/.
      Please install the "Desktop development with C++" workload, including all of its default components

[32m[✓][39m Android Studio (version 2021.3)
    [32m•[39m Android Studio at C:\Program Files\Android\Android Studio
    [32m•[39m Flutter plugin can be installed from:
      🔨 https://plugins.jetbrains.com/plugin/9212-flutter
    [32m•[39m Dart plugin can be installed from:
      🔨 https://plugins.jetbrains.com/plugin/6351-dart
    [32m•[39m Java version OpenJDK Runtime Environment (build 11.0.13+0-b1751.21-8125866)

[32m[✓][39m VS Code (version 1.87.2)
    [32m•[39m VS Code at C:\Users\User\AppData\Local\Programs\Microsoft VS Code
    [32m•[39m Flutter extension version 3.84.0

[32m[✓][39m Connected device (3 available)
    [32m•[39m Windows (desktop) • windows • windows-x64    • Microsoft Windows [Version 10.0.22621.3296]
    [32m•[39m Chrome (web)      • chrome  • web-javascript • Google Chrome 123.0.6312.86
    [32m•[39m Edge (web)        • edge    • web-javascript • Microsoft Edge 122.0.2365.92

[32m[✓][39m Network resources
    [32m•[39m All expected network resources are available.

[33m![39m Doctor found issues in 1 category.
```
