#
# There is insufficient memory for the Java Runtime Environment to continue.
# Native memory allocation (mmap) failed to map 37748736 bytes for Failed to commit area from 0x000000070b100000 to 0x000000070d500000 of length 37748736.
# Possible reasons:
#   The system is out of physical RAM or swap space
#   The process is running with CompressedOops enabled, and the Java Heap may be blocking the growth of the native heap
# Possible solutions:
#   Reduce memory load on the system
#   Increase physical memory or swap space
#   Check if swap backing store is full
#   Decrease Java heap size (-Xmx/-Xms)
#   Decrease number of Java threads
#   Decrease Java thread stack sizes (-Xss)
#   Set larger code cache with -XX:ReservedCodeCacheSize=
#   JVM is running with Zero Based Compressed Oops mode in which the Java heap is
#     placed in the first 32GB address space. The Java Heap base address is the
#     maximum limit for the native heap growth. Please use -XX:HeapBaseMinAddress
#     to set the Java Heap base and to place the Java Heap above 32GB virtual address.
# This output file may be truncated or incomplete.
#
#  Out of Memory Error (./src/hotspot/os/windows/os_windows.cpp:3619), pid=1336, tid=400
#
# JRE version: OpenJDK Runtime Environment (11.0.13) (build 11.0.13+0-b1751.21-8125866)
# Java VM: OpenJDK 64-Bit Server VM (11.0.13+0-b1751.21-8125866, mixed mode, tiered, compressed oops, g1 gc, windows-amd64)
# No core dump will be written. Minidumps are not enabled by default on client versions of Windows
#

---------------  S U M M A R Y ------------

Command Line: --add-opens=java.base/java.util=ALL-UNNAMED --add-opens=java.base/java.lang=ALL-UNNAMED --add-opens=java.base/java.lang.invoke=ALL-UNNAMED --add-opens=java.base/java.util=ALL-UNNAMED --add-opens=java.prefs/java.util.prefs=ALL-UNNAMED --add-opens=java.prefs/java.util.prefs=ALL-UNNAMED --add-opens=java.base/java.nio.charset=ALL-UNNAMED --add-opens=java.base/java.net=ALL-UNNAMED --add-opens=java.base/java.util.concurrent.atomic=ALL-UNNAMED -Xmx4G -Dfile.encoding=windows-1252 -Duser.country=ID -Duser.language=en -Duser.variant org.gradle.launcher.daemon.bootstrap.GradleDaemon 7.5

Host: Intel(R) Core(TM) i5-7200U CPU @ 2.50GHz, 4 cores, 3G,  Windows 11 , 64 bit Build 22621 (10.0.22621.3958)
Time: Mon Sep  2 06:18:47 2024 SE Asia Standard Time elapsed time: 81.078384 seconds (0d 0h 1m 21s)

---------------  T H R E A D  ---------------

Current thread (0x000001afc6c42000):  VMThread "VM Thread" [stack: 0x0000009233700000,0x0000009233800000] [id=400]

Stack: [0x0000009233700000,0x0000009233800000]
[error occurred during error reporting (printing stack bounds), id 0xc0000005, EXCEPTION_ACCESS_VIOLATION (0xc0000005) at pc=0x000001afab7b112d]

Native frames: (J=compiled Java code, j=interpreted, Vv=VM code, C=native code)
V  [jvm.dll+0x6100fa]
V  [jvm.dll+0x747090]
V  [jvm.dll+0x7486ad]
V  [jvm.dll+0x748ce5]
V  [jvm.dll+0x748c9b]
V  [jvm.dll+0x60f224]
V  [jvm.dll+0x60f9b8]
C  [ntdll.dll+0xa504f]
C  [ntdll.dll+0x1e866]
C  [ntdll.dll+0xa403e]
C  0x000001afab7b112d

VM_Operation (0x00000092349f8150): G1CollectForAllocation, mode: safepoint, requested by thread 0x000001afc9757000


---------------  P R O C E S S  ---------------

Threads class SMR info:
_java_thread_list=0x000001afca2e81c0, length=88, elements={
0x000001afa64ba800, 0x000001afc6c6a800, 0x000001afc6c6d800, 0x000001afc6c8c800,
0x000001afc6c8d800, 0x000001afc6c8e800, 0x000001afc6c91800, 0x000001afc6c94800,
0x000001afc6c96000, 0x000001afc773f800, 0x000001afc8b9a000, 0x000001afc888c000,
0x000001afc90da800, 0x000001afc8ec2800, 0x000001afc811a000, 0x000001afc9756000,
0x000001afc9757000, 0x000001afc9758000, 0x000001afc85ba800, 0x000001afc85bb000,
0x000001afc7a1f000, 0x000001afc7a1e000, 0x000001afc7a1c800, 0x000001afc7a1f800,
0x000001afc7a1b800, 0x000001afc7a1d000, 0x000001afc7a1a000, 0x000001afc7a20800,
0x000001afc7a1a800, 0x000001afc8e6e000, 0x000001afc8e6f800, 0x000001afc8e6f000,
0x000001afc8e6d000, 0x000001afc8e71800, 0x000001afc8e6b800, 0x000001afc8e72000,
0x000001afc8e6c800, 0x000001afc8e73000, 0x000001afc8e77000, 0x000001afc8e74800,
0x000001afc8e78000, 0x000001afc8e78800, 0x000001afc8e79800, 0x000001afc8e7a800,
0x000001afc8e75800, 0x000001afc8e76000, 0x000001afc9f29000, 0x000001afc9f2d800,
0x000001afc9f29800, 0x000001afc9f2d000, 0x000001afc9f2b000, 0x000001afc9f2e800,
0x000001afc9f2f800, 0x000001afc9f2c000, 0x000001afc9f30000, 0x000001afc9f2a800,
0x000001afc9f32800, 0x000001afc9f32000, 0x000001afc9f33800, 0x000001afc9f34000,
0x000001afc9f35000, 0x000001afc9f36000, 0x000001afc9f36800, 0x000001afc9f31000,
0x000001afc9f37800, 0x000001afcd892800, 0x000001afcd894800, 0x000001afcd890000,
0x000001afcd895800, 0x000001afcd896800, 0x000001afcd893000, 0x000001afcd890800,
0x000001afcd897000, 0x000001afcd891800, 0x000001afcd898000, 0x000001afcd899000,
0x000001afcd894000, 0x000001afcd899800, 0x000001afcd89b000, 0x000001afcd89a800,
0x000001afcd89d000, 0x000001afcd89c000, 0x000001afcd89d800, 0x000001afcd89e800,
0x000001afcbb04000, 0x000001afcbb08800, 0x000001afcbb05000, 0x000001afcbb02800
}

Java Threads: ( => current thread )
  0x000001afa64ba800 JavaThread "main" [_thread_blocked, id=3900, stack(0x0000009233100000,0x0000009233200000)]
  0x000001afc6c6a800 JavaThread "Reference Handler" daemon [_thread_blocked, id=1188, stack(0x0000009233800000,0x0000009233900000)]
  0x000001afc6c6d800 JavaThread "Finalizer" daemon [_thread_blocked, id=11268, stack(0x0000009233900000,0x0000009233a00000)]
  0x000001afc6c8c800 JavaThread "Signal Dispatcher" daemon [_thread_blocked, id=5544, stack(0x0000009233a00000,0x0000009233b00000)]
  0x000001afc6c8d800 JavaThread "Attach Listener" daemon [_thread_blocked, id=6264, stack(0x0000009233b00000,0x0000009233c00000)]
  0x000001afc6c8e800 JavaThread "Service Thread" daemon [_thread_blocked, id=9448, stack(0x0000009233c00000,0x0000009233d00000)]
  0x000001afc6c91800 JavaThread "C2 CompilerThread0" daemon [_thread_blocked, id=10056, stack(0x0000009233d00000,0x0000009233e00000)]
  0x000001afc6c94800 JavaThread "C1 CompilerThread0" daemon [_thread_blocked, id=5572, stack(0x0000009233e00000,0x0000009233f00000)]
  0x000001afc6c96000 JavaThread "Sweeper thread" daemon [_thread_blocked, id=524, stack(0x0000009233f00000,0x0000009234000000)]
  0x000001afc773f800 JavaThread "Common-Cleaner" daemon [_thread_blocked, id=11580, stack(0x0000009234000000,0x0000009234100000)]
  0x000001afc8b9a000 JavaThread "Daemon health stats" [_thread_blocked, id=11628, stack(0x0000009234300000,0x0000009234400000)]
  0x000001afc888c000 JavaThread "Incoming local TCP Connector on port 60509" [_thread_in_native, id=2756, stack(0x0000009234400000,0x0000009234500000)]
  0x000001afc90da800 JavaThread "Daemon periodic checks" [_thread_blocked, id=5016, stack(0x0000009234500000,0x0000009234600000)]
  0x000001afc8ec2800 JavaThread "Daemon" [_thread_blocked, id=5228, stack(0x0000009234600000,0x0000009234700000)]
  0x000001afc811a000 JavaThread "Handler for socket connection from /127.0.0.1:60509 to /127.0.0.1:60510" [_thread_in_native, id=12196, stack(0x0000009234700000,0x0000009234800000)]
  0x000001afc9756000 JavaThread "Cancel handler" [_thread_blocked, id=12248, stack(0x0000009234800000,0x0000009234900000)]
  0x000001afc9757000 JavaThread "Daemon worker" [_thread_blocked, id=9932, stack(0x0000009234900000,0x0000009234a00000)]
  0x000001afc9758000 JavaThread "Asynchronous log dispatcher for DefaultDaemonConnection: socket connection from /127.0.0.1:60509 to /127.0.0.1:60510" [_thread_blocked, id=5284, stack(0x0000009234a00000,0x0000009234b00000)]
  0x000001afc85ba800 JavaThread "Stdin handler" [_thread_blocked, id=2160, stack(0x0000009234b00000,0x0000009234c00000)]
  0x000001afc85bb000 JavaThread "Daemon client event forwarder" [_thread_blocked, id=9432, stack(0x0000009234c00000,0x0000009234d00000)]
  0x000001afc7a1f000 JavaThread "Cache worker for journal cache (C:\Users\User\.gradle\caches\journal-1)" [_thread_blocked, id=7648, stack(0x0000009234f00000,0x0000009235000000)]
  0x000001afc7a1e000 JavaThread "File lock request listener" [_thread_in_native, id=5000, stack(0x0000009235000000,0x0000009235100000)]
  0x000001afc7a1c800 JavaThread "Cache worker for file hash cache (C:\Users\User\.gradle\caches\7.5\fileHashes)" [_thread_blocked, id=12224, stack(0x0000009235100000,0x0000009235200000)]
  0x000001afc7a1f800 JavaThread "File watcher server" daemon [_thread_in_native, id=11016, stack(0x0000009235200000,0x0000009235300000)]
  0x000001afc7a1b800 JavaThread "File watcher consumer" daemon [_thread_blocked, id=11216, stack(0x0000009235300000,0x0000009235400000)]
  0x000001afc7a1d000 JavaThread "Cache worker for checksums cache (D:\Tugas Akhir\baru ni\kesalahan\hapus\Project_DisApp\realtime\android\.gradle\7.5\checksums)" [_thread_blocked, id=2908, stack(0x0000009235400000,0x0000009235500000)]
  0x000001afc7a1a000 JavaThread "Cache worker for cache directory md-rule (C:\Users\User\.gradle\caches\7.5\md-rule)" [_thread_blocked, id=7520, stack(0x0000009235500000,0x0000009235600000)]
  0x000001afc7a20800 JavaThread "Cache worker for file content cache (C:\Users\User\.gradle\caches\7.5\fileContent)" [_thread_blocked, id=6868, stack(0x0000009235600000,0x0000009235700000)]
  0x000001afc7a1a800 JavaThread "Cache worker for file hash cache (D:\Tugas Akhir\baru ni\kesalahan\hapus\Project_DisApp\realtime\android\.gradle\7.5\fileHashes)" [_thread_blocked, id=8744, stack(0x0000009235700000,0x0000009235800000)]
  0x000001afc8e6e000 JavaThread "Cache worker for cache directory md-supplier (C:\Users\User\.gradle\caches\7.5\md-supplier)" [_thread_blocked, id=5256, stack(0x0000009235800000,0x0000009235900000)]
  0x000001afc8e6f800 JavaThread "Cache worker for execution history cache (C:\Users\User\.gradle\caches\7.5\executionHistory)" [_thread_blocked, id=11380, stack(0x0000009235900000,0x0000009235a00000)]
  0x000001afc8e6f000 JavaThread "jar transforms" [_thread_blocked, id=4156, stack(0x0000009235a00000,0x0000009235b00000)]
  0x000001afc8e6d000 JavaThread "Cache worker for kotlin-dsl (C:\Users\User\.gradle\caches\7.5\kotlin-dsl)" [_thread_blocked, id=11232, stack(0x0000009235b00000,0x0000009235c00000)]
  0x000001afc8e71800 JavaThread "jar transforms Thread 2" [_thread_blocked, id=6672, stack(0x0000009235c00000,0x0000009235d00000)]
  0x000001afc8e6b800 JavaThread "Cache worker for dependencies-accessors (D:\Tugas Akhir\baru ni\kesalahan\hapus\Project_DisApp\realtime\android\.gradle\7.5\dependencies-accessors)" [_thread_blocked, id=5836, stack(0x0000009235d00000,0x0000009235e00000)]
  0x000001afc8e72000 JavaThread "Cache worker for Build Output Cleanup Cache (C:\src\flutter\packages\flutter_tools\gradle\.gradle\buildOutputCleanup)" [_thread_blocked, id=11868, stack(0x0000009235e00000,0x0000009235f00000)]
  0x000001afc8e6c800 JavaThread "jar transforms Thread 3" [_thread_blocked, id=1296, stack(0x0000009235f00000,0x0000009236000000)]
  0x000001afc8e73000 JavaThread "Memory manager" [_thread_blocked, id=1320, stack(0x0000009236000000,0x0000009236100000)]
  0x000001afc8e77000 JavaThread "jar transforms Thread 4" [_thread_blocked, id=11952, stack(0x0000009236100000,0x0000009236200000)]
  0x000001afc8e74800 JavaThread "included builds" [_thread_blocked, id=4756, stack(0x0000009236200000,0x0000009236300000)]
  0x000001afc8e78000 JavaThread "Execution worker" [_thread_blocked, id=5272, stack(0x0000009236300000,0x0000009236400000)]
  0x000001afc8e78800 JavaThread "Execution worker Thread 2" [_thread_blocked, id=5896, stack(0x0000009236400000,0x0000009236500000)]
  0x000001afc8e79800 JavaThread "Execution worker Thread 3" [_thread_blocked, id=8896, stack(0x0000009236500000,0x0000009236600000)]
  0x000001afc8e7a800 JavaThread "File lock release action executor" [_thread_blocked, id=3176, stack(0x0000009236600000,0x0000009236700000)]
  0x000001afc8e75800 JavaThread "Cache worker for execution history cache (C:\src\flutter\packages\flutter_tools\gradle\.gradle\7.5\executionHistory)" [_thread_blocked, id=8956, stack(0x0000009236700000,0x0000009236800000)]
  0x000001afc8e76000 JavaThread "Unconstrained build operations" [_thread_blocked, id=2956, stack(0x0000009236a00000,0x0000009236b00000)]
  0x000001afc9f29000 JavaThread "Unconstrained build operations Thread 2" [_thread_blocked, id=9292, stack(0x0000009236b00000,0x0000009236c00000)]
  0x000001afc9f2d800 JavaThread "Unconstrained build operations Thread 3" [_thread_blocked, id=4284, stack(0x0000009236c00000,0x0000009236d00000)]
  0x000001afc9f29800 JavaThread "Unconstrained build operations Thread 4" [_thread_blocked, id=7020, stack(0x0000009236d00000,0x0000009236e00000)]
  0x000001afc9f2d000 JavaThread "Unconstrained build operations Thread 5" [_thread_blocked, id=7268, stack(0x0000009236e00000,0x0000009236f00000)]
  0x000001afc9f2b000 JavaThread "Unconstrained build operations Thread 6" [_thread_blocked, id=8424, stack(0x0000009236f00000,0x0000009237000000)]
  0x000001afc9f2e800 JavaThread "Unconstrained build operations Thread 7" [_thread_blocked, id=12072, stack(0x0000009237000000,0x0000009237100000)]
  0x000001afc9f2f800 JavaThread "Unconstrained build operations Thread 8" [_thread_blocked, id=7064, stack(0x0000009237100000,0x0000009237200000)]
  0x000001afc9f2c000 JavaThread "Unconstrained build operations Thread 9" [_thread_blocked, id=5676, stack(0x0000009237200000,0x0000009237300000)]
  0x000001afc9f30000 JavaThread "Unconstrained build operations Thread 10" [_thread_blocked, id=6344, stack(0x0000009237300000,0x0000009237400000)]
  0x000001afc9f2a800 JavaThread "Unconstrained build operations Thread 11" [_thread_blocked, id=4092, stack(0x0000009237400000,0x0000009237500000)]
  0x000001afc9f32800 JavaThread "Unconstrained build operations Thread 12" [_thread_blocked, id=8080, stack(0x0000009237500000,0x0000009237600000)]
  0x000001afc9f32000 JavaThread "Unconstrained build operations Thread 13" [_thread_blocked, id=11512, stack(0x0000009237600000,0x0000009237700000)]
  0x000001afc9f33800 JavaThread "Unconstrained build operations Thread 14" [_thread_blocked, id=10160, stack(0x0000009237700000,0x0000009237800000)]
  0x000001afc9f34000 JavaThread "Unconstrained build operations Thread 15" [_thread_blocked, id=10108, stack(0x0000009237800000,0x0000009237900000)]
  0x000001afc9f35000 JavaThread "Unconstrained build operations Thread 16" [_thread_blocked, id=3916, stack(0x0000009237900000,0x0000009237a00000)]
  0x000001afc9f36000 JavaThread "Unconstrained build operations Thread 17" [_thread_blocked, id=2040, stack(0x0000009237a00000,0x0000009237b00000)]
  0x000001afc9f36800 JavaThread "Unconstrained build operations Thread 18" [_thread_blocked, id=6504, stack(0x0000009237b00000,0x0000009237c00000)]
  0x000001afc9f31000 JavaThread "Unconstrained build operations Thread 19" [_thread_blocked, id=644, stack(0x0000009237c00000,0x0000009237d00000)]
  0x000001afc9f37800 JavaThread "Unconstrained build operations Thread 20" [_thread_blocked, id=6132, stack(0x0000009237d00000,0x0000009237e00000)]
  0x000001afcd892800 JavaThread "Unconstrained build operations Thread 21" [_thread_blocked, id=10208, stack(0x0000009237e00000,0x0000009237f00000)]
  0x000001afcd894800 JavaThread "Unconstrained build operations Thread 22" [_thread_blocked, id=11476, stack(0x0000009237f00000,0x0000009238000000)]
  0x000001afcd890000 JavaThread "Unconstrained build operations Thread 23" [_thread_blocked, id=12100, stack(0x0000009238000000,0x0000009238100000)]
  0x000001afcd895800 JavaThread "Unconstrained build operations Thread 24" [_thread_blocked, id=1728, stack(0x0000009238100000,0x0000009238200000)]
  0x000001afcd896800 JavaThread "Unconstrained build operations Thread 25" [_thread_blocked, id=10808, stack(0x0000009238200000,0x0000009238300000)]
  0x000001afcd893000 JavaThread "Unconstrained build operations Thread 26" [_thread_blocked, id=10884, stack(0x0000009238300000,0x0000009238400000)]
  0x000001afcd890800 JavaThread "Unconstrained build operations Thread 27" [_thread_blocked, id=11764, stack(0x0000009238400000,0x0000009238500000)]
  0x000001afcd897000 JavaThread "Unconstrained build operations Thread 28" [_thread_blocked, id=4256, stack(0x0000009238500000,0x0000009238600000)]
  0x000001afcd891800 JavaThread "Unconstrained build operations Thread 29" [_thread_blocked, id=12132, stack(0x0000009238600000,0x0000009238700000)]
  0x000001afcd898000 JavaThread "Unconstrained build operations Thread 30" [_thread_blocked, id=3112, stack(0x0000009238700000,0x0000009238800000)]
  0x000001afcd899000 JavaThread "Unconstrained build operations Thread 31" [_thread_blocked, id=4512, stack(0x0000009238800000,0x0000009238900000)]
  0x000001afcd894000 JavaThread "Unconstrained build operations Thread 32" [_thread_blocked, id=1660, stack(0x0000009238900000,0x0000009238a00000)]
  0x000001afcd899800 JavaThread "Unconstrained build operations Thread 33" [_thread_blocked, id=11344, stack(0x0000009238a00000,0x0000009238b00000)]
  0x000001afcd89b000 JavaThread "Unconstrained build operations Thread 34" [_thread_blocked, id=12268, stack(0x0000009238b00000,0x0000009238c00000)]
  0x000001afcd89a800 JavaThread "Unconstrained build operations Thread 35" [_thread_blocked, id=9892, stack(0x0000009238c00000,0x0000009238d00000)]
  0x000001afcd89d000 JavaThread "Unconstrained build operations Thread 36" [_thread_blocked, id=11744, stack(0x0000009238d00000,0x0000009238e00000)]
  0x000001afcd89c000 JavaThread "Unconstrained build operations Thread 37" [_thread_blocked, id=2844, stack(0x0000009238e00000,0x0000009238f00000)]
  0x000001afcd89d800 JavaThread "Unconstrained build operations Thread 38" [_thread_blocked, id=11928, stack(0x0000009238f00000,0x0000009239000000)]
  0x000001afcd89e800 JavaThread "Unconstrained build operations Thread 39" [_thread_blocked, id=2584, stack(0x0000009239000000,0x0000009239100000)]
  0x000001afcbb04000 JavaThread "Unconstrained build operations Thread 40" [_thread_blocked, id=11636, stack(0x0000009239100000,0x0000009239200000)]
  0x000001afcbb08800 JavaThread "Cache worker for Build Output Cleanup Cache (D:\Tugas Akhir\baru ni\kesalahan\hapus\Project_DisApp\realtime\android\.gradle\buildOutputCleanup)" [_thread_blocked, id=10024, stack(0x0000009239200000,0x0000009239300000)]
  0x000001afcbb05000 JavaThread "build event listener" [_thread_blocked, id=4232, stack(0x0000009239300000,0x0000009239400000)]
  0x000001afcbb02800 JavaThread "build event listener" [_thread_blocked, id=3708, stack(0x0000009239400000,0x0000009239500000)]

Other Threads:
=>0x000001afc6c42000 VMThread "VM Thread" [stack: 0x0000009233700000,0x0000009233800000] [id=400]
  0x000001afc776d000 WatcherThread [stack: 0x0000009234100000,0x0000009234200000] [id=2892]
  0x000001afa645c000 GCTaskThread "GC Thread#0" [stack: 0x0000009233200000,0x0000009233300000] [id=2944]
  0x000001afc7f53000 GCTaskThread "GC Thread#1" [stack: 0x0000009234200000,0x0000009234300000] [id=11064]
  0x000001afc7a29000 GCTaskThread "GC Thread#2" [stack: 0x0000009234d00000,0x0000009234e00000] [id=3532]
  0x000001afc8106000 GCTaskThread "GC Thread#3" [stack: 0x0000009234e00000,0x0000009234f00000] [id=6284]
  0x000001afa652d000 ConcurrentGCThread "G1 Main Marker" [stack: 0x0000009233300000,0x0000009233400000] [id=1436]
  0x000001afa652e000 ConcurrentGCThread "G1 Conc#0" [stack: 0x0000009233400000,0x0000009233500000] [id=8220]
  0x000001afc6ab0800 ConcurrentGCThread "G1 Refine#0" [stack: 0x0000009233500000,0x0000009233600000] [id=3820]
  0x000001afc6ab1800 ConcurrentGCThread "G1 Young RemSet Sampling" [stack: 0x0000009233600000,0x0000009233700000] [id=9976]

Threads with active compile tasks:
C2 CompilerThread0  81131 10953       4       org.gradle.internal.hash.HashCode::toStringBuilder (67 bytes)

VM state:at safepoint (normal execution)

VM Mutex/Monitor currently owned by a thread:  ([mutex/lock_event])
[0x000001afa64b7220] Threads_lock - owner thread: 0x000001afc6c42000
[0x000001afa64b6530] Heap_lock - owner thread: 0x000001afc9757000

Heap address: 0x0000000700000000, size: 4096 MB, Compressed Oops mode: Zero based, Oop shift amount: 3
Narrow klass base: 0x0000000800000000, Narrow klass shift: 0
Compressed class space size: 1073741824 Address: 0x0000000800000000

Heap:
 garbage-first heap   total 218112K, used 106808K [0x0000000700000000, 0x0000000800000000)
  region size 1024K, 8 young (8192K), 8 survivors (8192K)
 Metaspace       used 92666K, capacity 95841K, committed 96080K, reserved 1132544K
  class space    used 12268K, capacity 13393K, committed 13472K, reserved 1048576K
Heap Regions: E=young(eden), S=young(survivor), O=old, HS=humongous(starts), HC=humongous(continues), CS=collection set, F=free, A=archive, TAMS=top-at-mark-start (previous, next)
|   0|0x0000000700000000, 0x0000000700100000, 0x0000000700100000|100%|HS|  |TAMS 0x0000000700100000, 0x0000000700000000| Complete 
|   1|0x0000000700100000, 0x0000000700200000, 0x0000000700200000|100%|HC|  |TAMS 0x0000000700200000, 0x0000000700100000| Complete 
|   2|0x0000000700200000, 0x0000000700300000, 0x0000000700300000|100%|HC|  |TAMS 0x0000000700300000, 0x0000000700200000| Complete 
|   3|0x0000000700300000, 0x0000000700400000, 0x0000000700400000|100%| O|  |TAMS 0x0000000700400000, 0x0000000700300000| Untracked 
|   4|0x0000000700400000, 0x0000000700500000, 0x0000000700500000|100%| O|  |TAMS 0x0000000700500000, 0x0000000700400000| Untracked 
|   5|0x0000000700500000, 0x0000000700600000, 0x0000000700600000|100%| O|  |TAMS 0x0000000700600000, 0x0000000700500000| Untracked 
|   6|0x0000000700600000, 0x0000000700700000, 0x0000000700700000|100%| O|  |TAMS 0x0000000700700000, 0x0000000700600000| Untracked 
|   7|0x0000000700700000, 0x0000000700800000, 0x0000000700800000|100%| O|  |TAMS 0x0000000700800000, 0x0000000700700000| Untracked 
|   8|0x0000000700800000, 0x0000000700900000, 0x0000000700900000|100%| O|  |TAMS 0x0000000700900000, 0x0000000700800000| Untracked 
|   9|0x0000000700900000, 0x0000000700a00000, 0x0000000700a00000|100%| O|  |TAMS 0x0000000700a00000, 0x0000000700900000| Untracked 
|  10|0x0000000700a00000, 0x0000000700b00000, 0x0000000700b00000|100%| O|  |TAMS 0x0000000700b00000, 0x0000000700a00000| Untracked 
|  11|0x0000000700b00000, 0x0000000700c00000, 0x0000000700c00000|100%| O|  |TAMS 0x0000000700c00000, 0x0000000700b00000| Untracked 
|  12|0x0000000700c00000, 0x0000000700d00000, 0x0000000700d00000|100%| O|  |TAMS 0x0000000700d00000, 0x0000000700c00000| Untracked 
|  13|0x0000000700d00000, 0x0000000700e00000, 0x0000000700e00000|100%| O|  |TAMS 0x0000000700e00000, 0x0000000700d00000| Untracked 
|  14|0x0000000700e00000, 0x0000000700f00000, 0x0000000700f00000|100%| O|  |TAMS 0x0000000700f00000, 0x0000000700e00000| Untracked 
|  15|0x0000000700f00000, 0x0000000701000000, 0x0000000701000000|100%| O|  |TAMS 0x0000000701000000, 0x0000000700f00000| Untracked 
|  16|0x0000000701000000, 0x0000000701100000, 0x0000000701100000|100%| O|  |TAMS 0x0000000701100000, 0x0000000701000000| Untracked 
|  17|0x0000000701100000, 0x0000000701200000, 0x0000000701200000|100%| O|  |TAMS 0x0000000701200000, 0x0000000701100000| Untracked 
|  18|0x0000000701200000, 0x0000000701300000, 0x0000000701300000|100%| O|  |TAMS 0x0000000701300000, 0x0000000701200000| Untracked 
|  19|0x0000000701300000, 0x0000000701400000, 0x0000000701400000|100%| O|  |TAMS 0x0000000701400000, 0x0000000701300000| Untracked 
|  20|0x0000000701400000, 0x0000000701500000, 0x0000000701500000|100%| O|  |TAMS 0x0000000701500000, 0x0000000701400000| Untracked 
|  21|0x0000000701500000, 0x0000000701600000, 0x0000000701600000|100%| O|  |TAMS 0x0000000701600000, 0x0000000701500000| Untracked 
|  22|0x0000000701600000, 0x0000000701700000, 0x0000000701700000|100%| O|  |TAMS 0x0000000701700000, 0x0000000701600000| Untracked 
|  23|0x0000000701700000, 0x0000000701800000, 0x0000000701800000|100%| O|  |TAMS 0x0000000701800000, 0x0000000701700000| Untracked 
|  24|0x0000000701800000, 0x0000000701900000, 0x0000000701900000|100%| O|  |TAMS 0x0000000701900000, 0x0000000701800000| Untracked 
|  25|0x0000000701900000, 0x0000000701a00000, 0x0000000701a00000|100%| O|  |TAMS 0x0000000701a00000, 0x0000000701900000| Untracked 
|  26|0x0000000701a00000, 0x0000000701b00000, 0x0000000701b00000|100%| O|  |TAMS 0x0000000701b00000, 0x0000000701a00000| Untracked 
|  27|0x0000000701b00000, 0x0000000701c00000, 0x0000000701c00000|100%| O|  |TAMS 0x0000000701c00000, 0x0000000701b00000| Untracked 
|  28|0x0000000701c00000, 0x0000000701d00000, 0x0000000701d00000|100%| O|  |TAMS 0x0000000701d00000, 0x0000000701c00000| Untracked 
|  29|0x0000000701d00000, 0x0000000701e00000, 0x0000000701e00000|100%| O|  |TAMS 0x0000000701e00000, 0x0000000701d00000| Untracked 
|  30|0x0000000701e00000, 0x0000000701f00000, 0x0000000701f00000|100%| O|  |TAMS 0x0000000701f00000, 0x0000000701e00000| Untracked 
|  31|0x0000000701f00000, 0x0000000702000000, 0x0000000702000000|100%| O|  |TAMS 0x0000000702000000, 0x0000000701f00000| Untracked 
|  32|0x0000000702000000, 0x0000000702100000, 0x0000000702100000|100%| O|  |TAMS 0x0000000702100000, 0x0000000702000000| Untracked 
|  33|0x0000000702100000, 0x0000000702200000, 0x0000000702200000|100%| O|  |TAMS 0x0000000702200000, 0x0000000702100000| Untracked 
|  34|0x0000000702200000, 0x0000000702300000, 0x0000000702300000|100%| O|  |TAMS 0x0000000702300000, 0x0000000702200000| Untracked 
|  35|0x0000000702300000, 0x0000000702400000, 0x0000000702400000|100%| O|  |TAMS 0x0000000702400000, 0x0000000702300000| Untracked 
|  36|0x0000000702400000, 0x0000000702500000, 0x0000000702500000|100%| O|  |TAMS 0x0000000702500000, 0x0000000702400000| Untracked 
|  37|0x0000000702500000, 0x0000000702600000, 0x0000000702600000|100%| O|  |TAMS 0x0000000702600000, 0x0000000702500000| Untracked 
|  38|0x0000000702600000, 0x0000000702700000, 0x0000000702700000|100%| O|  |TAMS 0x0000000702700000, 0x0000000702600000| Untracked 
|  39|0x0000000702700000, 0x0000000702800000, 0x0000000702800000|100%|HS|  |TAMS 0x0000000702800000, 0x0000000702700000| Complete 
|  40|0x0000000702800000, 0x0000000702900000, 0x0000000702900000|100%|HS|  |TAMS 0x0000000702900000, 0x0000000702800000| Complete 
|  41|0x0000000702900000, 0x0000000702a00000, 0x0000000702a00000|100%| O|  |TAMS 0x0000000702a00000, 0x0000000702900000| Untracked 
|  42|0x0000000702a00000, 0x0000000702b00000, 0x0000000702b00000|100%| O|  |TAMS 0x0000000702b00000, 0x0000000702a00000| Untracked 
|  43|0x0000000702b00000, 0x0000000702c00000, 0x0000000702c00000|100%| O|  |TAMS 0x0000000702c00000, 0x0000000702b00000| Untracked 
|  44|0x0000000702c00000, 0x0000000702d00000, 0x0000000702d00000|100%| O|  |TAMS 0x0000000702d00000, 0x0000000702c00000| Untracked 
|  45|0x0000000702d00000, 0x0000000702e00000, 0x0000000702e00000|100%|HS|  |TAMS 0x0000000702e00000, 0x0000000702d00000| Complete 
|  46|0x0000000702e00000, 0x0000000702f00000, 0x0000000702f00000|100%|HC|  |TAMS 0x0000000702f00000, 0x0000000702e00000| Complete 
|  47|0x0000000702f00000, 0x0000000703000000, 0x0000000703000000|100%| O|  |TAMS 0x0000000703000000, 0x0000000702f00000| Untracked 
|  48|0x0000000703000000, 0x0000000703100000, 0x0000000703100000|100%| O|  |TAMS 0x0000000703100000, 0x0000000703000000| Untracked 
|  49|0x0000000703100000, 0x0000000703200000, 0x0000000703200000|100%| O|  |TAMS 0x0000000703200000, 0x0000000703100000| Untracked 
|  50|0x0000000703200000, 0x0000000703300000, 0x0000000703300000|100%| O|  |TAMS 0x0000000703300000, 0x0000000703200000| Untracked 
|  51|0x0000000703300000, 0x0000000703400000, 0x0000000703400000|100%| O|  |TAMS 0x0000000703400000, 0x0000000703300000| Untracked 
|  52|0x0000000703400000, 0x0000000703500000, 0x0000000703500000|100%| O|  |TAMS 0x0000000703500000, 0x0000000703400000| Untracked 
|  53|0x0000000703500000, 0x0000000703600000, 0x0000000703600000|100%|HS|  |TAMS 0x0000000703600000, 0x0000000703500000| Complete 
|  54|0x0000000703600000, 0x0000000703700000, 0x0000000703700000|100%|HC|  |TAMS 0x0000000703700000, 0x0000000703600000| Complete 
|  55|0x0000000703700000, 0x0000000703800000, 0x0000000703800000|100%|HS|  |TAMS 0x0000000703800000, 0x0000000703700000| Complete 
|  56|0x0000000703800000, 0x0000000703900000, 0x0000000703900000|100%|HC|  |TAMS 0x0000000703900000, 0x0000000703800000| Complete 
|  57|0x0000000703900000, 0x0000000703a00000, 0x0000000703a00000|100%|HC|  |TAMS 0x0000000703a00000, 0x0000000703900000| Complete 
|  58|0x0000000703a00000, 0x0000000703b00000, 0x0000000703b00000|100%|HC|  |TAMS 0x0000000703b00000, 0x0000000703a00000| Complete 
|  59|0x0000000703b00000, 0x0000000703c00000, 0x0000000703c00000|100%| O|  |TAMS 0x0000000703c00000, 0x0000000703b00000| Untracked 
|  60|0x0000000703c00000, 0x0000000703d00000, 0x0000000703d00000|100%| O|  |TAMS 0x0000000703d00000, 0x0000000703c00000| Untracked 
|  61|0x0000000703d00000, 0x0000000703e00000, 0x0000000703e00000|100%| O|  |TAMS 0x0000000703e00000, 0x0000000703d00000| Untracked 
|  62|0x0000000703e00000, 0x0000000703f00000, 0x0000000703f00000|100%| O|  |TAMS 0x0000000703f00000, 0x0000000703e00000| Untracked 
|  63|0x0000000703f00000, 0x0000000704000000, 0x0000000704000000|100%| O|  |TAMS 0x0000000704000000, 0x0000000703f00000| Untracked 
|  64|0x0000000704000000, 0x0000000704100000, 0x0000000704100000|100%| O|  |TAMS 0x0000000704100000, 0x0000000704000000| Untracked 
|  65|0x0000000704100000, 0x0000000704200000, 0x0000000704200000|100%| O|  |TAMS 0x0000000704200000, 0x0000000704100000| Untracked 
|  66|0x0000000704200000, 0x0000000704300000, 0x0000000704300000|100%| O|  |TAMS 0x0000000704300000, 0x0000000704200000| Untracked 
|  67|0x0000000704300000, 0x0000000704400000, 0x0000000704400000|100%| O|  |TAMS 0x0000000704400000, 0x0000000704300000| Untracked 
|  68|0x0000000704400000, 0x0000000704500000, 0x0000000704500000|100%| O|  |TAMS 0x0000000704500000, 0x0000000704400000| Untracked 
|  69|0x0000000704500000, 0x0000000704600000, 0x0000000704600000|100%| O|  |TAMS 0x0000000704600000, 0x0000000704500000| Untracked 
|  70|0x0000000704600000, 0x0000000704700000, 0x0000000704700000|100%| O|  |TAMS 0x0000000704700000, 0x0000000704600000| Untracked 
|  71|0x0000000704700000, 0x0000000704800000, 0x0000000704800000|100%| O|  |TAMS 0x0000000704800000, 0x0000000704700000| Untracked 
|  72|0x0000000704800000, 0x0000000704900000, 0x0000000704900000|100%| O|  |TAMS 0x0000000704900000, 0x0000000704800000| Untracked 
|  73|0x0000000704900000, 0x0000000704a00000, 0x0000000704a00000|100%| O|  |TAMS 0x0000000704a00000, 0x0000000704900000| Untracked 
|  74|0x0000000704a00000, 0x0000000704b00000, 0x0000000704b00000|100%| O|  |TAMS 0x0000000704b00000, 0x0000000704a00000| Untracked 
|  75|0x0000000704b00000, 0x0000000704c00000, 0x0000000704c00000|100%| O|  |TAMS 0x0000000704c00000, 0x0000000704b00000| Untracked 
|  76|0x0000000704c00000, 0x0000000704d00000, 0x0000000704d00000|100%| O|  |TAMS 0x0000000704d00000, 0x0000000704c00000| Untracked 
|  77|0x0000000704d00000, 0x0000000704e00000, 0x0000000704e00000|100%| O|  |TAMS 0x0000000704e00000, 0x0000000704d00000| Untracked 
|  78|0x0000000704e00000, 0x0000000704f00000, 0x0000000704f00000|100%| O|  |TAMS 0x0000000704f00000, 0x0000000704e00000| Untracked 
|  79|0x0000000704f00000, 0x0000000705000000, 0x0000000705000000|100%| O|  |TAMS 0x0000000705000000, 0x0000000704f00000| Untracked 
|  80|0x0000000705000000, 0x0000000705100000, 0x0000000705100000|100%| O|  |TAMS 0x0000000705100000, 0x0000000705000000| Untracked 
|  81|0x0000000705100000, 0x0000000705200000, 0x0000000705200000|100%| O|  |TAMS 0x0000000705200000, 0x0000000705100000| Untracked 
|  82|0x0000000705200000, 0x0000000705300000, 0x0000000705300000|100%| O|  |TAMS 0x0000000705300000, 0x0000000705200000| Untracked 
|  83|0x0000000705300000, 0x0000000705400000, 0x0000000705400000|100%| O|  |TAMS 0x0000000705400000, 0x0000000705300000| Untracked 
|  84|0x0000000705400000, 0x0000000705500000, 0x0000000705500000|100%| O|  |TAMS 0x0000000705500000, 0x0000000705400000| Untracked 
|  85|0x0000000705500000, 0x0000000705600000, 0x0000000705600000|100%| O|  |TAMS 0x0000000705600000, 0x0000000705500000| Untracked 
|  86|0x0000000705600000, 0x0000000705700000, 0x0000000705700000|100%| O|  |TAMS 0x000000070568fc00, 0x0000000705600000| Untracked 
|  87|0x0000000705700000, 0x0000000705800000, 0x0000000705800000|100%|HS|  |TAMS 0x0000000705700000, 0x0000000705700000| Complete 
|  88|0x0000000705800000, 0x0000000705900000, 0x0000000705900000|100%|HS|  |TAMS 0x0000000705800000, 0x0000000705800000| Complete 
|  89|0x0000000705900000, 0x0000000705a00000, 0x0000000705a00000|100%|HS|  |TAMS 0x0000000705900000, 0x0000000705900000| Complete 
|  90|0x0000000705a00000, 0x0000000705b00000, 0x0000000705b00000|100%| O|  |TAMS 0x0000000705a00000, 0x0000000705a00000| Untracked 
|  91|0x0000000705b00000, 0x0000000705c00000, 0x0000000705c00000|100%| O|  |TAMS 0x0000000705b00000, 0x0000000705b00000| Untracked 
|  92|0x0000000705c00000, 0x0000000705d00000, 0x0000000705d00000|100%| O|  |TAMS 0x0000000705c00000, 0x0000000705c00000| Untracked 
|  93|0x0000000705d00000, 0x0000000705e00000, 0x0000000705e00000|100%| O|  |TAMS 0x0000000705d00000, 0x0000000705d00000| Untracked 
|  94|0x0000000705e00000, 0x0000000705f00000, 0x0000000705f00000|100%| O|  |TAMS 0x0000000705e00000, 0x0000000705e00000| Untracked 
|  95|0x0000000705f00000, 0x0000000706000000, 0x0000000706000000|100%| O|  |TAMS 0x0000000705f00000, 0x0000000705f00000| Untracked 
|  96|0x0000000706000000, 0x000000070604e200, 0x0000000706100000| 30%| O|  |TAMS 0x0000000706000000, 0x0000000706000000| Untracked 
|  97|0x0000000706100000, 0x0000000706100000, 0x0000000706200000|  0%| F|  |TAMS 0x0000000706100000, 0x0000000706100000| Untracked 
|  98|0x0000000706200000, 0x0000000706200000, 0x0000000706300000|  0%| F|  |TAMS 0x0000000706200000, 0x0000000706200000| Untracked 
|  99|0x0000000706300000, 0x0000000706300000, 0x0000000706400000|  0%| F|  |TAMS 0x0000000706300000, 0x0000000706300000| Untracked 
| 100|0x0000000706400000, 0x0000000706400000, 0x0000000706500000|  0%| F|  |TAMS 0x0000000706400000, 0x0000000706400000| Untracked 
| 101|0x0000000706500000, 0x0000000706500000, 0x0000000706600000|  0%| F|  |TAMS 0x0000000706500000, 0x0000000706500000| Untracked 
| 102|0x0000000706600000, 0x0000000706600000, 0x0000000706700000|  0%| F|  |TAMS 0x0000000706600000, 0x0000000706600000| Untracked 
| 103|0x0000000706700000, 0x0000000706700000, 0x0000000706800000|  0%| F|  |TAMS 0x0000000706700000, 0x0000000706700000| Untracked 
| 104|0x0000000706800000, 0x0000000706800000, 0x0000000706900000|  0%| F|  |TAMS 0x0000000706800000, 0x0000000706800000| Untracked 
| 105|0x0000000706900000, 0x0000000706900000, 0x0000000706a00000|  0%| F|  |TAMS 0x0000000706900000, 0x0000000706900000| Untracked 
| 106|0x0000000706a00000, 0x0000000706a00000, 0x0000000706b00000|  0%| F|  |TAMS 0x0000000706a00000, 0x0000000706a00000| Untracked 
| 107|0x0000000706b00000, 0x0000000706b00000, 0x0000000706c00000|  0%| F|  |TAMS 0x0000000706b00000, 0x0000000706b00000| Untracked 
| 108|0x0000000706c00000, 0x0000000706c00000, 0x0000000706d00000|  0%| F|  |TAMS 0x0000000706c00000, 0x0000000706c00000| Untracked 
| 109|0x0000000706d00000, 0x0000000706d00000, 0x0000000706e00000|  0%| F|  |TAMS 0x0000000706d00000, 0x0000000706d00000| Untracked 
| 110|0x0000000706e00000, 0x0000000706f00000, 0x0000000706f00000|100%| S|CS|TAMS 0x0000000706e00000, 0x0000000706e00000| Complete 
| 111|0x0000000706f00000, 0x0000000707000000, 0x0000000707000000|100%| S|CS|TAMS 0x0000000706f00000, 0x0000000706f00000| Complete 
| 112|0x0000000707000000, 0x0000000707100000, 0x0000000707100000|100%| S|CS|TAMS 0x0000000707000000, 0x0000000707000000| Complete 
| 113|0x0000000707100000, 0x0000000707200000, 0x0000000707200000|100%| S|CS|TAMS 0x0000000707100000, 0x0000000707100000| Complete 
| 114|0x0000000707200000, 0x0000000707300000, 0x0000000707300000|100%| S|CS|TAMS 0x0000000707200000, 0x0000000707200000| Complete 
| 115|0x0000000707300000, 0x0000000707400000, 0x0000000707400000|100%| S|CS|TAMS 0x0000000707300000, 0x0000000707300000| Complete 
| 116|0x0000000707400000, 0x0000000707500000, 0x0000000707500000|100%| S|CS|TAMS 0x0000000707400000, 0x0000000707400000| Complete 
| 117|0x0000000707500000, 0x0000000707600000, 0x0000000707600000|100%| S|CS|TAMS 0x0000000707500000, 0x0000000707500000| Complete 
| 118|0x0000000707600000, 0x0000000707600000, 0x0000000707700000|  0%| F|  |TAMS 0x0000000707600000, 0x0000000707600000| Untracked 
| 119|0x0000000707700000, 0x0000000707700000, 0x0000000707800000|  0%| F|  |TAMS 0x0000000707700000, 0x0000000707700000| Untracked 
| 120|0x0000000707800000, 0x0000000707800000, 0x0000000707900000|  0%| F|  |TAMS 0x0000000707800000, 0x0000000707800000| Untracked 
| 121|0x0000000707900000, 0x0000000707900000, 0x0000000707a00000|  0%| F|  |TAMS 0x0000000707900000, 0x0000000707900000| Untracked 
| 122|0x0000000707a00000, 0x0000000707a00000, 0x0000000707b00000|  0%| F|  |TAMS 0x0000000707a00000, 0x0000000707a00000| Untracked 
| 123|0x0000000707b00000, 0x0000000707b00000, 0x0000000707c00000|  0%| F|  |TAMS 0x0000000707b00000, 0x0000000707b00000| Untracked 
| 124|0x0000000707c00000, 0x0000000707c00000, 0x0000000707d00000|  0%| F|  |TAMS 0x0000000707c00000, 0x0000000707c00000| Untracked 
| 125|0x0000000707d00000, 0x0000000707d00000, 0x0000000707e00000|  0%| F|  |TAMS 0x0000000707d00000, 0x0000000707d00000| Untracked 
| 126|0x0000000707e00000, 0x0000000707e00000, 0x0000000707f00000|  0%| F|  |TAMS 0x0000000707e00000, 0x0000000707e00000| Untracked 
| 127|0x0000000707f00000, 0x0000000707f00000, 0x0000000708000000|  0%| F|  |TAMS 0x0000000707f00000, 0x0000000707f00000| Untracked 
| 128|0x0000000708000000, 0x0000000708000000, 0x0000000708100000|  0%| F|  |TAMS 0x0000000708000000, 0x0000000708000000| Untracked 
| 129|0x0000000708100000, 0x0000000708100000, 0x0000000708200000|  0%| F|  |TAMS 0x0000000708100000, 0x0000000708100000| Untracked 
| 130|0x0000000708200000, 0x0000000708200000, 0x0000000708300000|  0%| F|  |TAMS 0x0000000708200000, 0x0000000708200000| Untracked 
| 131|0x0000000708300000, 0x0000000708300000, 0x0000000708400000|  0%| F|  |TAMS 0x0000000708300000, 0x0000000708300000| Untracked 
| 132|0x0000000708400000, 0x0000000708400000, 0x0000000708500000|  0%| F|  |TAMS 0x0000000708400000, 0x0000000708400000| Untracked 
| 133|0x0000000708500000, 0x0000000708500000, 0x0000000708600000|  0%| F|  |TAMS 0x0000000708500000, 0x0000000708500000| Untracked 
| 134|0x0000000708600000, 0x0000000708600000, 0x0000000708700000|  0%| F|  |TAMS 0x0000000708600000, 0x0000000708600000| Untracked 
| 135|0x0000000708700000, 0x0000000708700000, 0x0000000708800000|  0%| F|  |TAMS 0x0000000708700000, 0x0000000708700000| Untracked 
| 136|0x0000000708800000, 0x0000000708800000, 0x0000000708900000|  0%| F|  |TAMS 0x0000000708800000, 0x0000000708800000| Untracked 
| 137|0x0000000708900000, 0x0000000708900000, 0x0000000708a00000|  0%| F|  |TAMS 0x0000000708900000, 0x0000000708900000| Untracked 
| 138|0x0000000708a00000, 0x0000000708a00000, 0x0000000708b00000|  0%| F|  |TAMS 0x0000000708a00000, 0x0000000708a00000| Untracked 
| 139|0x0000000708b00000, 0x0000000708b00000, 0x0000000708c00000|  0%| F|  |TAMS 0x0000000708b00000, 0x0000000708b00000| Untracked 
| 140|0x0000000708c00000, 0x0000000708c00000, 0x0000000708d00000|  0%| F|  |TAMS 0x0000000708c00000, 0x0000000708c00000| Untracked 
| 141|0x0000000708d00000, 0x0000000708d00000, 0x0000000708e00000|  0%| F|  |TAMS 0x0000000708d00000, 0x0000000708d00000| Untracked 
| 142|0x0000000708e00000, 0x0000000708e00000, 0x0000000708f00000|  0%| F|  |TAMS 0x0000000708e00000, 0x0000000708e00000| Untracked 
| 143|0x0000000708f00000, 0x0000000708f00000, 0x0000000709000000|  0%| F|  |TAMS 0x0000000708f00000, 0x0000000708f00000| Untracked 
| 144|0x0000000709000000, 0x0000000709000000, 0x0000000709100000|  0%| F|  |TAMS 0x0000000709000000, 0x0000000709000000| Untracked 
| 145|0x0000000709100000, 0x0000000709100000, 0x0000000709200000|  0%| F|  |TAMS 0x0000000709100000, 0x0000000709100000| Untracked 
| 146|0x0000000709200000, 0x0000000709200000, 0x0000000709300000|  0%| F|  |TAMS 0x0000000709200000, 0x0000000709200000| Untracked 
| 147|0x0000000709300000, 0x0000000709300000, 0x0000000709400000|  0%| F|  |TAMS 0x0000000709300000, 0x0000000709300000| Untracked 
| 148|0x0000000709400000, 0x0000000709400000, 0x0000000709500000|  0%| F|  |TAMS 0x0000000709400000, 0x0000000709400000| Untracked 
| 149|0x0000000709500000, 0x0000000709500000, 0x0000000709600000|  0%| F|  |TAMS 0x0000000709500000, 0x0000000709500000| Untracked 
| 150|0x0000000709600000, 0x0000000709600000, 0x0000000709700000|  0%| F|  |TAMS 0x0000000709600000, 0x0000000709600000| Untracked 
| 151|0x0000000709700000, 0x0000000709700000, 0x0000000709800000|  0%| F|  |TAMS 0x0000000709700000, 0x0000000709700000| Untracked 
| 152|0x0000000709800000, 0x0000000709800000, 0x0000000709900000|  0%| F|  |TAMS 0x0000000709800000, 0x0000000709800000| Untracked 
| 153|0x0000000709900000, 0x0000000709900000, 0x0000000709a00000|  0%| F|  |TAMS 0x0000000709900000, 0x0000000709900000| Untracked 
| 154|0x0000000709a00000, 0x0000000709a00000, 0x0000000709b00000|  0%| F|  |TAMS 0x0000000709a00000, 0x0000000709a00000| Untracked 
| 155|0x0000000709b00000, 0x0000000709b00000, 0x0000000709c00000|  0%| F|  |TAMS 0x0000000709b00000, 0x0000000709b00000| Untracked 
| 156|0x0000000709c00000, 0x0000000709c00000, 0x0000000709d00000|  0%| F|  |TAMS 0x0000000709c00000, 0x0000000709c00000| Untracked 
| 157|0x0000000709d00000, 0x0000000709d00000, 0x0000000709e00000|  0%| F|  |TAMS 0x0000000709d00000, 0x0000000709d00000| Untracked 
| 158|0x0000000709e00000, 0x0000000709e00000, 0x0000000709f00000|  0%| F|  |TAMS 0x0000000709e00000, 0x0000000709e00000| Untracked 
| 159|0x0000000709f00000, 0x0000000709f00000, 0x000000070a000000|  0%| F|  |TAMS 0x0000000709f00000, 0x0000000709f00000| Untracked 
| 160|0x000000070a000000, 0x000000070a000000, 0x000000070a100000|  0%| F|  |TAMS 0x000000070a000000, 0x000000070a000000| Untracked 
| 161|0x000000070a100000, 0x000000070a100000, 0x000000070a200000|  0%| F|  |TAMS 0x000000070a100000, 0x000000070a100000| Untracked 
| 162|0x000000070a200000, 0x000000070a200000, 0x000000070a300000|  0%| F|  |TAMS 0x000000070a200000, 0x000000070a200000| Untracked 
| 163|0x000000070a300000, 0x000000070a300000, 0x000000070a400000|  0%| F|  |TAMS 0x000000070a300000, 0x000000070a300000| Untracked 
| 164|0x000000070a400000, 0x000000070a400000, 0x000000070a500000|  0%| F|  |TAMS 0x000000070a400000, 0x000000070a400000| Untracked 
| 165|0x000000070a500000, 0x000000070a500000, 0x000000070a600000|  0%| F|  |TAMS 0x000000070a500000, 0x000000070a500000| Untracked 
| 166|0x000000070a600000, 0x000000070a600000, 0x000000070a700000|  0%| F|  |TAMS 0x000000070a600000, 0x000000070a600000| Untracked 
| 167|0x000000070a700000, 0x000000070a700000, 0x000000070a800000|  0%| F|  |TAMS 0x000000070a700000, 0x000000070a700000| Untracked 
| 168|0x000000070a800000, 0x000000070a800000, 0x000000070a900000|  0%| F|  |TAMS 0x000000070a800000, 0x000000070a800000| Untracked 
| 169|0x000000070a900000, 0x000000070a900000, 0x000000070aa00000|  0%| F|  |TAMS 0x000000070a900000, 0x000000070a900000| Untracked 
| 170|0x000000070aa00000, 0x000000070aa00000, 0x000000070ab00000|  0%| F|  |TAMS 0x000000070aa00000, 0x000000070aa00000| Untracked 
| 171|0x000000070ab00000, 0x000000070ab00000, 0x000000070ac00000|  0%| F|  |TAMS 0x000000070ab00000, 0x000000070ab00000| Untracked 
| 172|0x000000070ac00000, 0x000000070ac00000, 0x000000070ad00000|  0%| F|  |TAMS 0x000000070ac00000, 0x000000070ac00000| Untracked 
| 173|0x000000070ad00000, 0x000000070ad00000, 0x000000070ae00000|  0%| F|  |TAMS 0x000000070ad00000, 0x000000070ad00000| Untracked 
| 174|0x000000070ae00000, 0x000000070ae00000, 0x000000070af00000|  0%| F|  |TAMS 0x000000070ae00000, 0x000000070ae00000| Untracked 
| 175|0x000000070af00000, 0x000000070af00000, 0x000000070b000000|  0%| F|  |TAMS 0x000000070af00000, 0x000000070af00000| Untracked 
| 176|0x000000070b000000, 0x000000070b000000, 0x000000070b100000|  0%| F|  |TAMS 0x000000070b000000, 0x000000070b000000| Untracked 

Card table byte_map: [0x000001afbb5d0000,0x000001afbbdd0000] _byte_map_base: 0x000001afb7dd0000

Marking Bits (Prev, Next): (CMBitMap*) 0x000001afa651c690, (CMBitMap*) 0x000001afa651c658
 Prev Bits: [0x000001afc05d0000, 0x000001afc45d0000)
 Next Bits: [0x000001afbc5d0000, 0x000001afc05d0000)

Polling page: 0x000001afa6580000

Metaspace:

Usage:
  Non-class:     80.52 MB capacity,    78.51 MB ( 98%) used,     1.72 MB (  2%) free+waste,   287.19 KB ( <1%) overhead. 
      Class:     13.08 MB capacity,    11.98 MB ( 92%) used,   990.34 KB (  7%) free+waste,   134.38 KB (  1%) overhead. 
       Both:     93.59 MB capacity,    90.49 MB ( 97%) used,     2.69 MB (  3%) free+waste,   421.56 KB ( <1%) overhead. 

Virtual space:
  Non-class space:       82.00 MB reserved,      80.67 MB ( 98%) committed 
      Class space:        1.00 GB reserved,      13.16 MB (  1%) committed 
             Both:        1.08 GB reserved,      93.83 MB (  8%) committed 

Chunk freelists:
   Non-Class:  32.00 KB
       Class:  0 bytes
        Both:  32.00 KB

MaxMetaspaceSize: 17179869184.00 GB
CompressedClassSpaceSize: 1.00 GB
Initial GC threshold: 20.80 MB
Current GC threshold: 153.88 MB
CDS: off

CodeHeap 'non-profiled nmethods': size=120064Kb used=6230Kb max_used=6230Kb free=113833Kb
 bounds [0x000001afb3270000, 0x000001afb3890000, 0x000001afba7b0000]
CodeHeap 'profiled nmethods': size=120000Kb used=24176Kb max_used=24176Kb free=95824Kb
 bounds [0x000001afabd40000, 0x000001afad4e0000, 0x000001afb3270000]
CodeHeap 'non-nmethods': size=5696Kb used=2396Kb max_used=2450Kb free=3299Kb
 bounds [0x000001afab7b0000, 0x000001afaba30000, 0x000001afabd40000]
 total_blobs=11702 nmethods=10785 adapters=827
 compilation: enabled
              stopped_count=0, restarted_count=0
 full_count=0

Compilation events (20 events):
Event: 80.415 Thread 0x000001afc6c94800 nmethod 10943 0x000001afad4d1790 code [0x000001afad4d1960, 0x000001afad4d1b08]
Event: 80.424 Thread 0x000001afc6c94800 10944       3       org.gradle.api.internal.artifacts.repositories.metadata.DefaultMavenImmutableAttributesFactory$$Lambda$737/0x00000008007ca440::<init> (20 bytes)
Event: 80.424 Thread 0x000001afc6c94800 nmethod 10944 0x000001afad4d1c10 code [0x000001afad4d1dc0, 0x000001afad4d2058]
Event: 80.427 Thread 0x000001afc6c94800 10945       3       com.google.common.primitives.Longs::tryParse (235 bytes)
Event: 80.433 Thread 0x000001afc6c94800 nmethod 10945 0x000001afad4d2110 code [0x000001afad4d2580, 0x000001afad4d4848]
Event: 80.433 Thread 0x000001afc6c94800 10946       3       org.gradle.api.internal.artifacts.ivyservice.ivyresolve.strategy.VersionParser$DefaultVersion::equals (41 bytes)
Event: 80.433 Thread 0x000001afc6c94800 nmethod 10946 0x000001afad4d5410 code [0x000001afad4d55e0, 0x000001afad4d5968]
Event: 80.501 Thread 0x000001afc6c91800 10947       4       com.google.common.collect.Lists::equalsImpl (114 bytes)
Event: 80.501 Thread 0x000001afc6c94800 10948       3       org.gradle.api.internal.artifacts.ivyservice.resolveengine.graph.selectors.SelectorStateResolverResults::selectorAcceptsCandidate (114 bytes)
Event: 80.502 Thread 0x000001afc6c94800 nmethod 10948 0x000001afad4d5a90 code [0x000001afad4d5d20, 0x000001afad4d6b58]
Event: 80.502 Thread 0x000001afc6c94800 10949       3       org.gradle.api.internal.artifacts.ivyservice.resolveengine.graph.selectors.SelectorStateResolverResults::hasFailure (15 bytes)
Event: 80.502 Thread 0x000001afc6c94800 nmethod 10949 0x000001afad4d6f10 code [0x000001afad4d70c0, 0x000001afad4d72c8]
Event: 80.509 Thread 0x000001afc6c91800 nmethod 10947 0x000001afb3884e10 code [0x000001afb3884fc0, 0x000001afb3885218]
Event: 80.511 Thread 0x000001afc6c94800 10950       3       org.gradle.api.internal.artifacts.ivyservice.resolveengine.graph.builder.DependencyGraphBuilder::maybeDownloadMetadataInParallel (183 bytes)
Event: 80.518 Thread 0x000001afc6c94800 nmethod 10950 0x000001afad4d7390 code [0x000001afad4d7860, 0x000001afad4da668]
Event: 80.518 Thread 0x000001afc6c94800 10951       3       org.gradle.api.internal.artifacts.ivyservice.resolveengine.graph.builder.DependencyGraphBuilder::attachToTargetRevisionsSerially (47 bytes)
Event: 80.519 Thread 0x000001afc6c94800 nmethod 10951 0x000001afad4db590 code [0x000001afad4db7a0, 0x000001afad4dbde8]
Event: 80.520 Thread 0x000001afc6c91800 10952       4       org.gradle.api.internal.artifacts.ivyservice.modulecache.StringDeduplicatingDecoder::readNullableString (30 bytes)
Event: 80.525 Thread 0x000001afc6c91800 nmethod 10952 0x000001afb3885510 code [0x000001afb38856e0, 0x000001afb3885888]
Event: 80.539 Thread 0x000001afc6c91800 10953       4       org.gradle.internal.hash.HashCode::toStringBuilder (67 bytes)

GC Heap History (20 events):
Event: 49.162 GC heap after
{Heap after GC invocations=70 (full 0):
 garbage-first heap   total 121856K, used 72052K [0x0000000700000000, 0x0000000800000000)
  region size 1024K, 3 young (3072K), 3 survivors (3072K)
 Metaspace       used 74805K, capacity 77118K, committed 77264K, reserved 1116160K
  class space    used 9668K, capacity 10515K, committed 10528K, reserved 1048576K
}
Event: 49.532 GC heap before
{Heap before GC invocations=71 (full 0):
 garbage-first heap   total 121856K, used 82292K [0x0000000700000000, 0x0000000800000000)
  region size 1024K, 16 young (16384K), 3 survivors (3072K)
 Metaspace       used 75749K, capacity 78087K, committed 78160K, reserved 1116160K
  class space    used 9798K, capacity 10645K, committed 10656K, reserved 1048576K
}
Event: 49.542 GC heap after
{Heap after GC invocations=72 (full 0):
 garbage-first heap   total 121856K, used 71858K [0x0000000700000000, 0x0000000800000000)
  region size 1024K, 3 young (3072K), 3 survivors (3072K)
 Metaspace       used 75749K, capacity 78087K, committed 78160K, reserved 1116160K
  class space    used 9798K, capacity 10645K, committed 10656K, reserved 1048576K
}
Event: 50.489 GC heap before
{Heap before GC invocations=73 (full 0):
 garbage-first heap   total 121856K, used 95410K [0x0000000700000000, 0x0000000800000000)
  region size 1024K, 25 young (25600K), 3 survivors (3072K)
 Metaspace       used 77232K, capacity 79613K, committed 79696K, reserved 1118208K
  class space    used 10014K, capacity 10901K, committed 10912K, reserved 1048576K
}
Event: 50.495 GC heap after
{Heap after GC invocations=74 (full 0):
 garbage-first heap   total 150528K, used 71936K [0x0000000700000000, 0x0000000800000000)
  region size 1024K, 3 young (3072K), 3 survivors (3072K)
 Metaspace       used 77232K, capacity 79613K, committed 79696K, reserved 1118208K
  class space    used 10014K, capacity 10901K, committed 10912K, reserved 1048576K
}
Event: 52.043 GC heap before
{Heap before GC invocations=74 (full 0):
 garbage-first heap   total 150528K, used 111872K [0x0000000700000000, 0x0000000800000000)
  region size 1024K, 42 young (43008K), 3 survivors (3072K)
 Metaspace       used 79449K, capacity 81842K, committed 82128K, reserved 1120256K
  class space    used 10315K, capacity 11194K, committed 11296K, reserved 1048576K
}
Event: 52.050 GC heap after
{Heap after GC invocations=75 (full 0):
 garbage-first heap   total 150528K, used 72989K [0x0000000700000000, 0x0000000800000000)
  region size 1024K, 4 young (4096K), 4 survivors (4096K)
 Metaspace       used 79449K, capacity 81842K, committed 82128K, reserved 1120256K
  class space    used 10315K, capacity 11194K, committed 11296K, reserved 1048576K
}
Event: 53.361 GC heap before
{Heap before GC invocations=76 (full 0):
 garbage-first heap   total 150528K, used 118045K [0x0000000700000000, 0x0000000800000000)
  region size 1024K, 48 young (49152K), 4 survivors (4096K)
 Metaspace       used 81155K, capacity 83660K, committed 83920K, reserved 1122304K
  class space    used 10539K, capacity 11430K, committed 11552K, reserved 1048576K
}
Event: 53.374 GC heap after
{Heap after GC invocations=77 (full 0):
 garbage-first heap   total 150528K, used 75268K [0x0000000700000000, 0x0000000800000000)
  region size 1024K, 5 young (5120K), 5 survivors (5120K)
 Metaspace       used 81155K, capacity 83660K, committed 83920K, reserved 1122304K
  class space    used 10539K, capacity 11430K, committed 11552K, reserved 1048576K
}
Event: 54.694 GC heap before
{Heap before GC invocations=77 (full 0):
 garbage-first heap   total 150528K, used 121348K [0x0000000700000000, 0x0000000800000000)
  region size 1024K, 50 young (51200K), 5 survivors (5120K)
 Metaspace       used 81811K, capacity 84488K, committed 84560K, reserved 1122304K
  class space    used 10654K, capacity 11614K, committed 11680K, reserved 1048576K
}
Event: 54.713 GC heap after
{Heap after GC invocations=78 (full 0):
 garbage-first heap   total 150528K, used 77493K [0x0000000700000000, 0x0000000800000000)
  region size 1024K, 6 young (6144K), 6 survivors (6144K)
 Metaspace       used 81811K, capacity 84488K, committed 84560K, reserved 1122304K
  class space    used 10654K, capacity 11614K, committed 11680K, reserved 1048576K
}
Event: 55.841 GC heap before
{Heap before GC invocations=79 (full 0):
 garbage-first heap   total 150528K, used 123573K [0x0000000700000000, 0x0000000800000000)
  region size 1024K, 51 young (52224K), 6 survivors (6144K)
 Metaspace       used 82256K, capacity 84883K, committed 85072K, reserved 1122304K
  class space    used 10707K, capacity 11680K, committed 11680K, reserved 1048576K
}
Event: 55.862 GC heap after
{Heap after GC invocations=80 (full 0):
 garbage-first heap   total 181248K, used 80718K [0x0000000700000000, 0x0000000800000000)
  region size 1024K, 6 young (6144K), 6 survivors (6144K)
 Metaspace       used 82256K, capacity 84883K, committed 85072K, reserved 1122304K
  class space    used 10707K, capacity 11680K, committed 11680K, reserved 1048576K
}
Event: 58.619 GC heap before
{Heap before GC invocations=80 (full 0):
 garbage-first heap   total 181248K, used 138062K [0x0000000700000000, 0x0000000800000000)
  region size 1024K, 62 young (63488K), 6 survivors (6144K)
 Metaspace       used 87537K, capacity 90231K, committed 90320K, reserved 1126400K
  class space    used 11572K, capacity 12558K, committed 12576K, reserved 1048576K
}
Event: 58.633 GC heap after
{Heap after GC invocations=81 (full 0):
 garbage-first heap   total 181248K, used 84309K [0x0000000700000000, 0x0000000800000000)
  region size 1024K, 7 young (7168K), 7 survivors (7168K)
 Metaspace       used 87537K, capacity 90231K, committed 90320K, reserved 1126400K
  class space    used 11572K, capacity 12558K, committed 12576K, reserved 1048576K
}
Event: 60.729 GC heap before
{Heap before GC invocations=81 (full 0):
 garbage-first heap   total 181248K, used 142677K [0x0000000700000000, 0x0000000800000000)
  region size 1024K, 64 young (65536K), 7 survivors (7168K)
 Metaspace       used 89331K, capacity 91964K, committed 92112K, reserved 1128448K
  class space    used 11823K, capacity 12770K, committed 12832K, reserved 1048576K
}
Event: 60.747 GC heap after
{Heap after GC invocations=82 (full 0):
 garbage-first heap   total 181248K, used 89205K [0x0000000700000000, 0x0000000800000000)
  region size 1024K, 8 young (8192K), 8 survivors (8192K)
 Metaspace       used 89331K, capacity 91964K, committed 92112K, reserved 1128448K
  class space    used 11823K, capacity 12770K, committed 12832K, reserved 1048576K
}
Event: 69.229 GC heap before
{Heap before GC invocations=82 (full 0):
 garbage-first heap   total 181248K, used 141429K [0x0000000700000000, 0x0000000800000000)
  region size 1024K, 61 young (62464K), 8 survivors (8192K)
 Metaspace       used 91286K, capacity 94207K, committed 94544K, reserved 1130496K
  class space    used 12061K, capacity 13126K, committed 13216K, reserved 1048576K
}
Event: 69.332 GC heap after
{Heap after GC invocations=83 (full 0):
 garbage-first heap   total 181248K, used 94119K [0x0000000700000000, 0x0000000800000000)
  region size 1024K, 6 young (6144K), 6 survivors (6144K)
 Metaspace       used 91286K, capacity 94207K, committed 94544K, reserved 1130496K
  class space    used 12061K, capacity 13126K, committed 13216K, reserved 1048576K
}
Event: 80.575 GC heap before
{Heap before GC invocations=84 (full 0):
 garbage-first heap   total 181248K, used 151463K [0x0000000700000000, 0x0000000800000000)
  region size 1024K, 59 young (60416K), 6 survivors (6144K)
 Metaspace       used 92666K, capacity 95841K, committed 96080K, reserved 1132544K
  class space    used 12268K, capacity 13393K, committed 13472K, reserved 1048576K
}

Deoptimization events (20 events):
Event: 72.915 Thread 0x000001afc9757000 DEOPT PACKING pc=0x000001afad329218 sp=0x00000092349f83a0
Event: 72.915 Thread 0x000001afc9757000 DEOPT UNPACKING pc=0x000001afab7fa95e sp=0x00000092349f78b8 mode 0
Event: 75.092 Thread 0x000001afc9757000 DEOPT PACKING pc=0x000001afacbc1143 sp=0x00000092349f8c90
Event: 75.126 Thread 0x000001afc9757000 DEOPT UNPACKING pc=0x000001afab7fa95e sp=0x00000092349f80f0 mode 0
Event: 75.500 Thread 0x000001afc9757000 Uncommon trap: trap_request=0xffffff5c fr.pc=0x000001afb3820dc0 relative=0x0000000000000320
Event: 75.500 Thread 0x000001afc9757000 Uncommon trap: reason=speculate_null_assert action=make_not_entrant pc=0x000001afb3820dc0 method=org.gradle.tooling.internal.provider.runner.ClientBuildEventGenerator.finished(Lorg/gradle/internal/operations/BuildOperationDescriptor;Lorg/gradle/internal/o
Event: 75.500 Thread 0x000001afc9757000 DEOPT PACKING pc=0x000001afb3820dc0 sp=0x00000092349fadd0
Event: 75.502 Thread 0x000001afc9757000 DEOPT UNPACKING pc=0x000001afab7fa1af sp=0x00000092349fad90 mode 2
Event: 75.532 Thread 0x000001afc9757000 Uncommon trap: trap_request=0xffffff4d fr.pc=0x000001afb383a2f8 relative=0x0000000000000838
Event: 75.532 Thread 0x000001afc9757000 Uncommon trap: reason=unstable_if action=reinterpret pc=0x000001afb383a2f8 method=org.gradle.tooling.internal.provider.runner.ClientBuildEventGenerator$Disabled.accept(Lorg/gradle/internal/operations/BuildOperationDescriptor;)Lorg/gradle/tooling/internal/
Event: 75.532 Thread 0x000001afc9757000 DEOPT PACKING pc=0x000001afb383a2f8 sp=0x00000092349fadf0
Event: 75.532 Thread 0x000001afc9757000 DEOPT UNPACKING pc=0x000001afab7fa1af sp=0x00000092349fad40 mode 2
Event: 75.532 Thread 0x000001afc9757000 Uncommon trap: trap_request=0xffffff4d fr.pc=0x000001afb37e31c0 relative=0x00000000000000a0
Event: 75.532 Thread 0x000001afc9757000 Uncommon trap: reason=unstable_if action=reinterpret pc=0x000001afb37e31c0 method=org.gradle.tooling.internal.provider.runner.ClientBuildEventGenerator$Disabled.accept(Lorg/gradle/internal/operations/BuildOperationDescriptor;)Lorg/gradle/tooling/internal/
Event: 75.532 Thread 0x000001afc9757000 DEOPT PACKING pc=0x000001afb37e31c0 sp=0x00000092349fad80
Event: 75.532 Thread 0x000001afc9757000 DEOPT UNPACKING pc=0x000001afab7fa1af sp=0x00000092349fad30 mode 2
Event: 77.605 Thread 0x000001afc9757000 Uncommon trap: trap_request=0xffffff4d fr.pc=0x000001afb384fe40 relative=0x00000000000000a0
Event: 77.605 Thread 0x000001afc9757000 Uncommon trap: reason=unstable_if action=reinterpret pc=0x000001afb384fe40 method=com.esotericsoftware.kryo.io.Output.writeByte(B)V @ 8 c2
Event: 77.605 Thread 0x000001afc9757000 DEOPT PACKING pc=0x000001afb384fe40 sp=0x00000092349f8a80
Event: 77.605 Thread 0x000001afc9757000 DEOPT UNPACKING pc=0x000001afab7fa1af sp=0x00000092349f89a0 mode 2

Classes redefined (0 events):
No events

Internal exceptions (20 events):
Event: 73.740 Thread 0x000001afc9757000 Exception <a 'java/lang/ClassNotFoundException'{0x0000000709bbeb40}: org/gradle/api/tasks/compile/JavaCompile_DecoratedBeanInfo> (0x0000000709bbeb40) thrown at [./src/hotspot/share/classfile/systemDictionary.cpp, line 231]
Event: 73.745 Thread 0x000001afc9757000 Exception <a 'java/lang/ClassNotFoundException'{0x0000000709be3e98}: org/gradle/api/tasks/compile/JavaCompileBeanInfo> (0x0000000709be3e98) thrown at [./src/hotspot/share/classfile/systemDictionary.cpp, line 231]
Event: 73.749 Thread 0x000001afc9757000 Exception <a 'java/lang/ClassNotFoundException'{0x0000000709a0b190}: org/gradle/api/tasks/compile/AbstractCompileBeanInfo> (0x0000000709a0b190) thrown at [./src/hotspot/share/classfile/systemDictionary.cpp, line 231]
Event: 73.752 Thread 0x000001afc9757000 Exception <a 'java/lang/ClassNotFoundException'{0x0000000709a23d68}: org/gradle/api/tasks/SourceTaskBeanInfo> (0x0000000709a23d68) thrown at [./src/hotspot/share/classfile/systemDictionary.cpp, line 231]
Event: 73.757 Thread 0x000001afc9757000 Exception <a 'java/lang/ClassNotFoundException'{0x0000000709a3c990}: org/gradle/api/tasks/SourceTaskCustomizer> (0x0000000709a3c990) thrown at [./src/hotspot/share/classfile/systemDictionary.cpp, line 231]
Event: 73.784 Thread 0x000001afc9757000 Exception <a 'java/lang/ClassNotFoundException'{0x0000000709a87c40}: org/gradle/api/tasks/compile/AbstractCompileCustomizer> (0x0000000709a87c40) thrown at [./src/hotspot/share/classfile/systemDictionary.cpp, line 231]
Event: 73.816 Thread 0x000001afc9757000 Exception <a 'java/lang/ClassNotFoundException'{0x0000000709ac60c8}: org/gradle/api/tasks/compile/JavaCompileCustomizer> (0x0000000709ac60c8) thrown at [./src/hotspot/share/classfile/systemDictionary.cpp, line 231]
Event: 73.851 Thread 0x000001afc9757000 Exception <a 'java/lang/ClassNotFoundException'{0x0000000709907a38}: org/gradle/api/tasks/compile/JavaCompile_DecoratedCustomizer> (0x0000000709907a38) thrown at [./src/hotspot/share/classfile/systemDictionary.cpp, line 231]
Event: 75.134 Thread 0x000001afc9757000 Exception <a 'java/lang/ClassNotFoundException'{0x00000007094bb5b8}: com/android/build/gradle/internal/api/LibraryVariantOutputImpl_DecoratedBeanInfo> (0x00000007094bb5b8) thrown at [./src/hotspot/share/classfile/systemDictionary.cpp, line 231]
Event: 75.139 Thread 0x000001afc9757000 Exception <a 'java/lang/ClassNotFoundException'{0x00000007094d70a8}: com/android/build/gradle/internal/api/LibraryVariantOutputImplBeanInfo> (0x00000007094d70a8) thrown at [./src/hotspot/share/classfile/systemDictionary.cpp, line 231]
Event: 75.141 Thread 0x000001afc9757000 Exception <a 'java/lang/ClassNotFoundException'{0x00000007094f2968}: com/android/build/gradle/internal/api/LibraryVariantOutputImplCustomizer> (0x00000007094f2968) thrown at [./src/hotspot/share/classfile/systemDictionary.cpp, line 231]
Event: 75.147 Thread 0x000001afc9757000 Exception <a 'java/lang/ClassNotFoundException'{0x000000070931bed0}: com/android/build/gradle/internal/api/LibraryVariantOutputImpl_DecoratedCustomizer> (0x000000070931bed0) thrown at [./src/hotspot/share/classfile/systemDictionary.cpp, line 231]
Event: 75.184 Thread 0x000001afc9757000 Exception <a 'java/lang/NoClassDefFoundError'{0x000000070936c148}: org/jetbrains/kotlin/gradle/plugin/KotlinBasePluginWrapper> (0x000000070936c148) thrown at [./src/hotspot/share/oops/constantPool.cpp, line 775]
Event: 76.791 Thread 0x000001afc9757000 Exception <a 'java/lang/ClassNotFoundException'{0x00000007092aee08}: build_b49q1go5p4xax784yn6bmnrcuBeanInfo> (0x00000007092aee08) thrown at [./src/hotspot/share/classfile/systemDictionary.cpp, line 231]
Event: 76.792 Thread 0x000001afc9757000 Exception <a 'java/lang/ClassNotFoundException'{0x00000007092bae68}: build_b49q1go5p4xax784yn6bmnrcuCustomizer> (0x00000007092bae68) thrown at [./src/hotspot/share/classfile/systemDictionary.cpp, line 231]
Event: 78.336 Thread 0x000001afc9757000 Exception <a 'java/lang/ClassNotFoundException'{0x00000007085047e0}: build_b49q1go5p4xax784yn6bmnrcuBeanInfo> (0x00000007085047e0) thrown at [./src/hotspot/share/classfile/systemDictionary.cpp, line 231]
Event: 78.337 Thread 0x000001afc9757000 Exception <a 'java/lang/ClassNotFoundException'{0x00000007085107e0}: build_b49q1go5p4xax784yn6bmnrcuCustomizer> (0x00000007085107e0) thrown at [./src/hotspot/share/classfile/systemDictionary.cpp, line 231]
Event: 79.358 Thread 0x000001afc9757000 Exception <a 'java/lang/NoClassDefFoundError'{0x00000007081cb780}: org/jetbrains/kotlin/gradle/plugin/KotlinBasePluginWrapper> (0x00000007081cb780) thrown at [./src/hotspot/share/oops/constantPool.cpp, line 775]
Event: 79.645 Thread 0x000001afc9757000 Exception <a 'java/lang/ClassNotFoundException'{0x00000007080d02e0}: build_3nu4447cn2a2hziv07bh8f7oxBeanInfo> (0x00000007080d02e0) thrown at [./src/hotspot/share/classfile/systemDictionary.cpp, line 231]
Event: 79.660 Thread 0x000001afc9757000 Exception <a 'java/lang/ClassNotFoundException'{0x00000007080dc340}: build_3nu4447cn2a2hziv07bh8f7oxCustomizer> (0x00000007080dc340) thrown at [./src/hotspot/share/classfile/systemDictionary.cpp, line 231]

Events (20 events):
Event: 79.287 Executing VM operation: RevokeBias done
Event: 79.289 Executing VM operation: RevokeBias
Event: 79.289 Executing VM operation: RevokeBias done
Event: 79.637 loading class groovy/runtime/metaclass/build_3nu4447cn2a2hziv07bh8f7oxMetaClass
Event: 79.637 loading class groovy/runtime/metaclass/build_3nu4447cn2a2hziv07bh8f7oxMetaClass done
Event: 79.642 loading class build_3nu4447cn2a2hziv07bh8f7oxBeanInfo
Event: 79.642 loading class build_3nu4447cn2a2hziv07bh8f7oxBeanInfo done
Event: 79.645 loading class build_3nu4447cn2a2hziv07bh8f7oxBeanInfo
Event: 79.645 loading class build_3nu4447cn2a2hziv07bh8f7oxBeanInfo done
Event: 79.659 loading class build_3nu4447cn2a2hziv07bh8f7oxCustomizer
Event: 79.659 loading class build_3nu4447cn2a2hziv07bh8f7oxCustomizer done
Event: 79.660 loading class build_3nu4447cn2a2hziv07bh8f7oxCustomizer
Event: 79.660 loading class build_3nu4447cn2a2hziv07bh8f7oxCustomizer done
Event: 79.668 loading class groovy/runtime/metaclass/build_3nu4447cn2a2hziv07bh8f7ox$_run_closure1MetaClass
Event: 79.668 loading class groovy/runtime/metaclass/build_3nu4447cn2a2hziv07bh8f7ox$_run_closure1MetaClass done
Event: 79.682 loading class groovy/runtime/metaclass/build_3nu4447cn2a2hziv07bh8f7ox$_run_closure1$_closure2MetaClass
Event: 79.682 loading class groovy/runtime/metaclass/build_3nu4447cn2a2hziv07bh8f7ox$_run_closure1$_closure2MetaClass done
Event: 79.686 loading class groovy/runtime/metaclass/build_3nu4447cn2a2hziv07bh8f7ox$_run_closure1$_closure3MetaClass
Event: 79.686 loading class groovy/runtime/metaclass/build_3nu4447cn2a2hziv07bh8f7ox$_run_closure1$_closure3MetaClass done
Event: 80.575 Executing VM operation: G1CollectForAllocation


Dynamic libraries:
0x00007ff7a43e0000 - 0x00007ff7a43ea000 	C:\Program Files\Android\Android Studio\jre\bin\java.exe
0x00007ffd23530000 - 0x00007ffd23747000 	C:\Windows\SYSTEM32\ntdll.dll
0x00007ffd226f0000 - 0x00007ffd227b4000 	C:\Windows\System32\KERNEL32.DLL
0x00007ffd20a30000 - 0x00007ffd20ddd000 	C:\Windows\System32\KERNELBASE.dll
0x00007ffd20910000 - 0x00007ffd20a21000 	C:\Windows\System32\ucrtbase.dll
0x00007ffd0a310000 - 0x00007ffd0a329000 	C:\Program Files\Android\Android Studio\jre\bin\jli.dll
0x00007ffd212f0000 - 0x00007ffd2149e000 	C:\Windows\System32\USER32.dll
0x00007ffd21230000 - 0x00007ffd21256000 	C:\Windows\System32\win32u.dll
0x00007ffd227c0000 - 0x00007ffd227e9000 	C:\Windows\System32\GDI32.dll
0x00007ffd21070000 - 0x00007ffd21189000 	C:\Windows\System32\gdi32full.dll
0x00007ffd21190000 - 0x00007ffd2122a000 	C:\Windows\System32\msvcp_win.dll
0x00007ffd0d210000 - 0x00007ffd0d4a3000 	C:\Windows\WinSxS\amd64_microsoft.windows.common-controls_6595b64144ccf1df_6.0.22621.3672_none_2713b9d173822955\COMCTL32.dll
0x00007ffd23380000 - 0x00007ffd23427000 	C:\Windows\System32\msvcrt.dll
0x00007ffd0a2f0000 - 0x00007ffd0a307000 	C:\Program Files\Android\Android Studio\jre\bin\VCRUNTIME140.dll
0x00007ffd23160000 - 0x00007ffd23191000 	C:\Windows\System32\IMM32.DLL
0x00007ffd0a020000 - 0x00007ffd0a0bd000 	C:\Program Files\Android\Android Studio\jre\bin\msvcp140.dll
0x00007ffcb73f0000 - 0x00007ffcb7ef2000 	C:\Program Files\Android\Android Studio\jre\bin\server\jvm.dll
0x00007ffd22330000 - 0x00007ffd223e2000 	C:\Windows\System32\ADVAPI32.dll
0x00007ffd23430000 - 0x00007ffd234d9000 	C:\Windows\System32\sechost.dll
0x00007ffd21040000 - 0x00007ffd21068000 	C:\Windows\System32\bcrypt.dll
0x00007ffd21a60000 - 0x00007ffd21b74000 	C:\Windows\System32\RPCRT4.dll
0x00007ffd23360000 - 0x00007ffd23368000 	C:\Windows\System32\PSAPI.DLL
0x00007ffd19570000 - 0x00007ffd19579000 	C:\Windows\SYSTEM32\WSOCK32.dll
0x00007ffd221e0000 - 0x00007ffd22251000 	C:\Windows\System32\WS2_32.dll
0x00007ffd186c0000 - 0x00007ffd186f4000 	C:\Windows\SYSTEM32\WINMM.dll
0x00007ffd17fe0000 - 0x00007ffd17fea000 	C:\Windows\SYSTEM32\VERSION.dll
0x00007ffd1f8f0000 - 0x00007ffd1f908000 	C:\Windows\SYSTEM32\kernel.appcore.dll
0x00007ffd0a2d0000 - 0x00007ffd0a2e1000 	C:\Program Files\Android\Android Studio\jre\bin\verify.dll
0x00007ffcfdff0000 - 0x00007ffcfe222000 	C:\Windows\SYSTEM32\DBGHELP.DLL
0x00007ffd216d0000 - 0x00007ffd21a5d000 	C:\Windows\System32\combase.dll
0x00007ffd231a0000 - 0x00007ffd23277000 	C:\Windows\System32\OLEAUT32.dll
0x00007ffcfe370000 - 0x00007ffcfe3a2000 	C:\Windows\SYSTEM32\dbgcore.DLL
0x00007ffd20de0000 - 0x00007ffd20e5b000 	C:\Windows\System32\bcryptPrimitives.dll
0x00007ffd09ff0000 - 0x00007ffd0a019000 	C:\Program Files\Android\Android Studio\jre\bin\java.dll
0x00007ffd0a6e0000 - 0x00007ffd0a6eb000 	C:\Program Files\Android\Android Studio\jre\bin\jimage.dll
0x00007ffd09fd0000 - 0x00007ffd09fe8000 	C:\Program Files\Android\Android Studio\jre\bin\zip.dll
0x00007ffd227f0000 - 0x00007ffd23058000 	C:\Windows\System32\SHELL32.dll
0x00007ffd1e7a0000 - 0x00007ffd1f09e000 	C:\Windows\SYSTEM32\windows.storage.dll
0x00007ffd1e660000 - 0x00007ffd1e79f000 	C:\Windows\SYSTEM32\wintypes.dll
0x00007ffd23060000 - 0x00007ffd23159000 	C:\Windows\System32\SHCORE.dll
0x00007ffd21b80000 - 0x00007ffd21bde000 	C:\Windows\System32\shlwapi.dll
0x00007ffd20780000 - 0x00007ffd207a1000 	C:\Windows\SYSTEM32\profapi.dll
0x00007ffd07010000 - 0x00007ffd0702a000 	C:\Program Files\Android\Android Studio\jre\bin\net.dll
0x00007ffd18700000 - 0x00007ffd18836000 	C:\Windows\SYSTEM32\WINHTTP.dll
0x00007ffd1fde0000 - 0x00007ffd1fe49000 	C:\Windows\system32\mswsock.dll
0x00007ffcf3d60000 - 0x00007ffcf3d74000 	C:\Program Files\Android\Android Studio\jre\bin\nio.dll
0x00007ffd0de10000 - 0x00007ffd0de37000 	C:\Users\User\.gradle\native\e1d6ef7f7dcc3fd88c89a11ec53ec762bb8ba0a96d01ffa2cd45eb1d1d8dd5c5\windows-amd64\native-platform.dll
0x00007ffcd1c00000 - 0x00007ffcd1d44000 	C:\Users\User\.gradle\native\0d407fdbe67a94daf76414ababcb853783967236a71b16ec16e742cd7a986fd3\windows-amd64\native-platform-file-events.dll
0x00007ffd0a2c0000 - 0x00007ffd0a2ca000 	C:\Program Files\Android\Android Studio\jre\bin\management.dll
0x00007ffd09fc0000 - 0x00007ffd09fcd000 	C:\Program Files\Android\Android Studio\jre\bin\management_ext.dll
0x00007ffd20050000 - 0x00007ffd2006b000 	C:\Windows\SYSTEM32\CRYPTSP.dll
0x00007ffd1f850000 - 0x00007ffd1f885000 	C:\Windows\system32\rsaenh.dll
0x00007ffd1fee0000 - 0x00007ffd1ff08000 	C:\Windows\SYSTEM32\USERENV.dll
0x00007ffd20040000 - 0x00007ffd2004c000 	C:\Windows\SYSTEM32\CRYPTBASE.dll
0x00007ffd1f300000 - 0x00007ffd1f32d000 	C:\Windows\SYSTEM32\IPHLPAPI.DLL
0x00007ffd214a0000 - 0x00007ffd214a9000 	C:\Windows\System32\NSI.dll
0x00007ffd18f50000 - 0x00007ffd18f69000 	C:\Windows\SYSTEM32\dhcpcsvc6.DLL
0x00007ffd17ff0000 - 0x00007ffd1800f000 	C:\Windows\SYSTEM32\dhcpcsvc.DLL
0x00007ffd1f370000 - 0x00007ffd1f468000 	C:\Windows\SYSTEM32\DNSAPI.dll

dbghelp: loaded successfully - version: 4.0.5 - missing functions: none
symbol engine: initialized successfully - sym options: 0x614 - pdb path: .;C:\Program Files\Android\Android Studio\jre\bin;C:\Windows\SYSTEM32;C:\Windows\WinSxS\amd64_microsoft.windows.common-controls_6595b64144ccf1df_6.0.22621.3672_none_2713b9d173822955;C:\Program Files\Android\Android Studio\jre\bin\server;C:\Users\User\.gradle\native\e1d6ef7f7dcc3fd88c89a11ec53ec762bb8ba0a96d01ffa2cd45eb1d1d8dd5c5\windows-amd64;C:\Users\User\.gradle\native\0d407fdbe67a94daf76414ababcb853783967236a71b16ec16e742cd7a986fd3\windows-amd64

VM Arguments:
jvm_args: --add-opens=java.base/java.util=ALL-UNNAMED --add-opens=java.base/java.lang=ALL-UNNAMED --add-opens=java.base/java.lang.invoke=ALL-UNNAMED --add-opens=java.base/java.util=ALL-UNNAMED --add-opens=java.prefs/java.util.prefs=ALL-UNNAMED --add-opens=java.prefs/java.util.prefs=ALL-UNNAMED --add-opens=java.base/java.nio.charset=ALL-UNNAMED --add-opens=java.base/java.net=ALL-UNNAMED --add-opens=java.base/java.util.concurrent.atomic=ALL-UNNAMED -Xmx4G -Dfile.encoding=windows-1252 -Duser.country=ID -Duser.language=en -Duser.variant 
java_command: org.gradle.launcher.daemon.bootstrap.GradleDaemon 7.5
java_class_path (initial): C:\Users\User\.gradle\wrapper\dists\gradle-7.5-all\6qsw290k5lz422uaf8jf6m7co\gradle-7.5\lib\gradle-launcher-7.5.jar
Launcher Type: SUN_STANDARD

[Global flags]
     intx CICompilerCount                          = 3                                         {product} {ergonomic}
     uint ConcGCThreads                            = 1                                         {product} {ergonomic}
     uint G1ConcRefinementThreads                  = 4                                         {product} {ergonomic}
   size_t G1HeapRegionSize                         = 1048576                                   {product} {ergonomic}
    uintx GCDrainStackTargetSize                   = 64                                        {product} {ergonomic}
   size_t InitialHeapSize                          = 67108864                                  {product} {ergonomic}
   size_t MarkStackSize                            = 4194304                                   {product} {ergonomic}
   size_t MaxHeapSize                              = 4294967296                                {product} {command line}
   size_t MaxNewSize                               = 2576351232                                {product} {ergonomic}
   size_t MinHeapDeltaBytes                        = 1048576                                   {product} {ergonomic}
    uintx NonNMethodCodeHeapSize                   = 5830732                                {pd product} {ergonomic}
    uintx NonProfiledCodeHeapSize                  = 122913754                              {pd product} {ergonomic}
    uintx ProfiledCodeHeapSize                     = 122913754                              {pd product} {ergonomic}
    uintx ReservedCodeCacheSize                    = 251658240                              {pd product} {ergonomic}
     bool SegmentedCodeCache                       = true                                      {product} {ergonomic}
     bool UseCompressedClassPointers               = true                                 {lp64_product} {ergonomic}
     bool UseCompressedOops                        = true                                 {lp64_product} {ergonomic}
     bool UseG1GC                                  = true                                      {product} {ergonomic}
     bool UseLargePagesIndividualAllocation        = false                                  {pd product} {ergonomic}

Logging:
Log output configuration:
 #0: stdout all=warning uptime,level,tags
 #1: stderr all=off uptime,level,tags

Environment Variables:
JAVA_HOME=C:\Program Files\Android\Android Studio\jre
CLASSPATH=D:\Tugas Akhir\baru ni\kesalahan\hapus\Project_DisApp\realtime\android\\gradle\wrapper\gradle-wrapper.jar
PATH=C:\Program Files\Android\Android Studio\jre\bin;C:\Program Files (x86)\Common Files\Oracle\Java\java8path;C:\Program Files (x86)\Common Files\Oracle\Java\javapath;C:\Windows\system32;C:\Windows;C:\Windows\System32\Wbem;C:\Windows\System32\WindowsPowerShell\v1.0\;C:\Windows\System32\OpenSSH\;C:\Program Files\Git\cmd;C:\xampp\php;C:\ProgramData\ComposerSetup\bin;C:\hadoop\bin;C:\hadoop\sbin;C:\Program Files\Java\jdk1.8.0_111\bin;C:\spark\bin;C:\spark\sbin;C:\Users\User\AppData\Local\Programs\Python\Python311;C:\Users\User\AppData\Local\Programs\Python\Python311\Scripts;C:\Program Files\nodejs\;C:\Users\User\AppData\Local\Pub\Cache\bin;C:\Program Files\Git\bin;C:\Users\User\AppData\Local\Programs\Python\Python311\Scripts\;C:\Users\User\AppData\Local\Programs\Python\Python311\;C:\Users\User\AppData\Local\Microsoft\WindowsApps;C:\src\flutter\bin;C:\Users\User\AppData\Local\Programs\Microsoft VS Code\bin;C:\Users\User\AppData\Roaming\Composer\vendor\bin;C:\Program Files\heroku\bin;C:\hadoop\sbin;C:\hadoop\bin;C:\spark\bin;C:\spark\sbin;C:\Program Files\Java\jdk1.8.0_111\bin;C:\msys64\mingw64\bin;C:\MinGW\bin;C:\Users\User\AppData\Local\Programs\Python\Python311;C:\Users\User\AppData\Local\Programs\Python\Python311\Scripts;C:\Users\User\AppData\Roaming\npm;C:\src\flutter\bin\mingit\cmd;C:\src\flutter\bin\mingit\cmd
USERNAME=User
OS=Windows_NT
PROCESSOR_IDENTIFIER=Intel64 Family 6 Model 142 Stepping 9, GenuineIntel



---------------  S Y S T E M  ---------------

OS: Windows 11 , 64 bit Build 22621 (10.0.22621.3958)
OS uptime: 0 days 3:58 hours

CPU:total 4 (initial active 4) (2 cores per cpu, 2 threads per core) family 6 model 142 stepping 9 microcode 0xde, cmov, cx8, fxsr, mmx, sse, sse2, sse3, ssse3, sse4.1, sse4.2, popcnt, avx, avx2, aes, clmul, erms, 3dnowpref, lzcnt, ht, tsc, tscinvbit, bmi1, bmi2, adx, fma

Memory: 4k page, system-wide physical 3977M (205M free)
TotalPageFile size 16265M (AvailPageFile size 2M)
current process WorkingSet (physical memory assigned to process): 266M, peak: 349M
current process commit charge ("private bytes"): 456M, peak: 492M

vm_info: OpenJDK 64-Bit Server VM (11.0.13+0-b1751.21-8125866) for windows-amd64 JRE (11.0.13+0-b1751.21-8125866), built on Feb  2 2022 03:00:22 by "builder" with MS VC++ 14.0 (VS2015)

END.
