#
# There is insufficient memory for the Java Runtime Environment to continue.
# Native memory allocation (mmap) failed to map 67108864 bytes for Failed to commit area from 0x00000000c1c00000 to 0x00000000c5c00000 of length 67108864.
# Possible reasons:
#   The system is out of physical RAM or swap space
#   The process is running with CompressedOops enabled, and the Java Heap may be blocking the growth of the native heap
# Possible solutions:
#   Reduce memory load on the system
#   Increase physical memory or swap space
#   Check if swap backing store is full
#   Decrease Java heap size (-Xmx/-Xms)
#   Decrease number of Java threads
#   Decrease Java thread stack sizes (-Xss)
#   Set larger code cache with -XX:ReservedCodeCacheSize=
# This output file may be truncated or incomplete.
#
#  Out of Memory Error (./src/hotspot/os/windows/os_windows.cpp:3619), pid=11228, tid=3752
#
# JRE version:  (11.0.13) (build )
# Java VM: OpenJDK 64-Bit Server VM (11.0.13+0-b1751.21-8125866, mixed mode, sharing, tiered, compressed oops, g1 gc, windows-amd64)
# No core dump will be written. Minidumps are not enabled by default on client versions of Windows
#

---------------  S U M M A R Y ------------

Command Line: org.jetbrains.kotlin.cli.jvm.K2JVMCompiler @D:\Tugas Akhir\realtime\build\app\20240425_2233551184941360515.compiler.options

Host: Intel(R) Core(TM) i5-7200U CPU @ 2.50GHz, 4 cores, 3G,  Windows 11 , 64 bit Build 22621 (10.0.22621.3374)
Time: Thu Apr 25 20:50:49 2024 SE Asia Standard Time elapsed time: 0.032731 seconds (0d 0h 0m 0s)

---------------  T H R E A D  ---------------

Current thread (0x000002269cc72800):  JavaThread "Unknown thread" [_thread_in_vm, id=3752, stack(0x00000050a9a00000,0x00000050a9b00000)]

Stack: [0x00000050a9a00000,0x00000050a9b00000]
Native frames: (J=compiled Java code, j=interpreted, Vv=VM code, C=native code)
V  [jvm.dll+0x6100fa]
V  [jvm.dll+0x747090]
V  [jvm.dll+0x7486ad]
V  [jvm.dll+0x748d83]
V  [jvm.dll+0x24ab48]
V  [jvm.dll+0x60d164]
V  [jvm.dll+0x601e75]
V  [jvm.dll+0x308bdb]
V  [jvm.dll+0x308b4a]
V  [jvm.dll+0x308a22]
V  [jvm.dll+0x30d986]
V  [jvm.dll+0x357093]
V  [jvm.dll+0x357796]
V  [jvm.dll+0x357193]
V  [jvm.dll+0x2e3448]
V  [jvm.dll+0x2e45f7]
V  [jvm.dll+0x7242e7]
V  [jvm.dll+0x725adc]
V  [jvm.dll+0x364629]
V  [jvm.dll+0x707cee]
V  [jvm.dll+0x3d2633]
V  [jvm.dll+0x3d4a21]
C  [jli.dll+0x536b]
C  [ucrtbase.dll+0x29333]
C  [KERNEL32.DLL+0x1257d]
C  [ntdll.dll+0x5aa48]


---------------  P R O C E S S  ---------------

Threads class SMR info:
_java_thread_list=0x000002269ab58120, length=0, elements={
}

Java Threads: ( => current thread )

Other Threads:
  0x000002269cc8a000 GCTaskThread "GC Thread#0" [stack: 0x00000050a9b00000,0x00000050a9c00000] [id=8796]
  0x000002269cca6000 ConcurrentGCThread "G1 Main Marker" [stack: 0x00000050a9c00000,0x00000050a9d00000] [id=5564]
  0x000002269cca8000 ConcurrentGCThread "G1 Conc#0" [stack: 0x00000050a9d00000,0x00000050a9e00000] [id=3632]

[error occurred during error reporting (printing all threads), id 0xc0000005, EXCEPTION_ACCESS_VIOLATION (0xc0000005) at pc=0x00007ffe9b333dd7]

VM state:not at safepoint (not fully initialized)

VM Mutex/Monitor currently owned by a thread:  ([mutex/lock_event])
[0x000002269cc6fdc0] Heap_lock - owner thread: 0x000002269cc72800

Heap address: 0x00000000c1c00000, size: 996 MB, Compressed Oops mode: Non-zero based: 0x00000000c1c00000
Narrow klass base: 0x0000000000000000, Narrow klass shift: 0

GC Heap History (0 events):
No events

Deoptimization events (0 events):
No events

Classes redefined (0 events):
No events

Internal exceptions (0 events):
No events

Events (1 events):
Event: 0.015 Loaded shared library C:\Program Files\Android\Android Studio\jre\bin\zip.dll


Dynamic libraries:
0x00007ff619a90000 - 0x00007ff619a9a000 	C:\Program Files\Android\Android Studio\jre\bin\java.exe
0x00007fff1f090000 - 0x00007fff1f2a6000 	C:\Windows\SYSTEM32\ntdll.dll
0x00007fff1e420000 - 0x00007fff1e4e4000 	C:\Windows\System32\KERNEL32.DLL
0x00007fff1c9a0000 - 0x00007fff1cd47000 	C:\Windows\System32\KERNELBASE.dll
0x00007fff1c3e0000 - 0x00007fff1c4f1000 	C:\Windows\System32\ucrtbase.dll
0x00007fff04ae0000 - 0x00007fff04af9000 	C:\Program Files\Android\Android Studio\jre\bin\jli.dll
0x00007fff04ac0000 - 0x00007fff04ad7000 	C:\Program Files\Android\Android Studio\jre\bin\VCRUNTIME140.dll
0x00007fff1ee40000 - 0x00007fff1efee000 	C:\Windows\System32\USER32.dll
0x00007fff07e00000 - 0x00007fff08093000 	C:\Windows\WinSxS\amd64_microsoft.windows.common-controls_6595b64144ccf1df_6.0.22621.3235_none_270f74e173860f98\COMCTL32.dll
0x00007fff1c5a0000 - 0x00007fff1c5c6000 	C:\Windows\System32\win32u.dll
0x00007fff1cdc0000 - 0x00007fff1ce67000 	C:\Windows\System32\msvcrt.dll
0x00007fff1e390000 - 0x00007fff1e3b9000 	C:\Windows\System32\GDI32.dll
0x00007fff1c880000 - 0x00007fff1c999000 	C:\Windows\System32\gdi32full.dll
0x00007fff1c500000 - 0x00007fff1c59a000 	C:\Windows\System32\msvcp_win.dll
0x00007fff1cf70000 - 0x00007fff1cfa1000 	C:\Windows\System32\IMM32.DLL
0x00007ffefa930000 - 0x00007ffefa9cd000 	C:\Program Files\Android\Android Studio\jre\bin\msvcp140.dll
0x00007ffe9b040000 - 0x00007ffe9bb42000 	C:\Program Files\Android\Android Studio\jre\bin\server\jvm.dll
0x00007fff1dd90000 - 0x00007fff1de42000 	C:\Windows\System32\ADVAPI32.dll
0x00007fff1e9b0000 - 0x00007fff1ea58000 	C:\Windows\System32\sechost.dll
0x00007fff1c3b0000 - 0x00007fff1c3d8000 	C:\Windows\System32\bcrypt.dll
0x00007fff1e1e0000 - 0x00007fff1e2f5000 	C:\Windows\System32\RPCRT4.dll
0x00007fff1e1c0000 - 0x00007fff1e1c8000 	C:\Windows\System32\PSAPI.DLL
0x00007fff14da0000 - 0x00007fff14da9000 	C:\Windows\SYSTEM32\WSOCK32.dll
0x00007fff1e930000 - 0x00007fff1e9a1000 	C:\Windows\System32\WS2_32.dll
0x00007fff15b20000 - 0x00007fff15b54000 	C:\Windows\SYSTEM32\WINMM.dll
0x00007fff14020000 - 0x00007fff1402a000 	C:\Windows\SYSTEM32\VERSION.dll
0x00007fff1b4e0000 - 0x00007fff1b4f8000 	C:\Windows\SYSTEM32\kernel.appcore.dll
0x00007fff04aa0000 - 0x00007fff04ab1000 	C:\Program Files\Android\Android Studio\jre\bin\verify.dll
0x00007ffef9ef0000 - 0x00007ffefa123000 	C:\Windows\SYSTEM32\DBGHELP.DLL
0x00007fff1e5a0000 - 0x00007fff1e928000 	C:\Windows\System32\combase.dll
0x00007fff1ec50000 - 0x00007fff1ed27000 	C:\Windows\System32\OLEAUT32.dll
0x00007ffefa270000 - 0x00007ffefa2a2000 	C:\Windows\SYSTEM32\dbgcore.DLL
0x00007fff1c5d0000 - 0x00007fff1c649000 	C:\Windows\System32\bcryptPrimitives.dll
0x00007fff044e0000 - 0x00007fff04509000 	C:\Program Files\Android\Android Studio\jre\bin\java.dll
0x00007fff14db0000 - 0x00007fff14dbb000 	C:\Program Files\Android\Android Studio\jre\bin\jimage.dll
0x00007fff044c0000 - 0x00007fff044d8000 	C:\Program Files\Android\Android Studio\jre\bin\zip.dll

dbghelp: loaded successfully - version: 4.0.5 - missing functions: none
symbol engine: initialized successfully - sym options: 0x614 - pdb path: .;C:\Program Files\Android\Android Studio\jre\bin;C:\Windows\SYSTEM32;C:\Windows\WinSxS\amd64_microsoft.windows.common-controls_6595b64144ccf1df_6.0.22621.3235_none_270f74e173860f98;C:\Program Files\Android\Android Studio\jre\bin\server

VM Arguments:
java_command: org.jetbrains.kotlin.cli.jvm.K2JVMCompiler @D:\Tugas Akhir\realtime\build\app\20240425_2233551184941360515.compiler.options
java_class_path (initial): C:\Users\User\.gradle\caches\modules-2\files-2.1\org.jetbrains.kotlin\kotlin-compiler-embeddable\1.9.22\9cd4dc7773cf2a99ecd961a88fbbc9a2da3fb5e1\kotlin-compiler-embeddable-1.9.22.jar;C:\Users\User\.gradle\caches\modules-2\files-2.1\org.jetbrains.kotlin\kotlin-stdlib\1.9.22\d6c44cd08d8f3f9bece8101216dbe6553365c6e3\kotlin-stdlib-1.9.22.jar;C:\Users\User\.gradle\caches\modules-2\files-2.1\org.jetbrains.kotlin\kotlin-script-runtime\1.9.22\f8139a46fc677ec9badc49ae954392f4f5e7e7c7\kotlin-script-runtime-1.9.22.jar;C:\Users\User\.gradle\caches\modules-2\files-2.1\org.jetbrains.kotlin\kotlin-reflect\1.6.10\1cbe9c92c12a94eea200d23c2bbaedaf3daf5132\kotlin-reflect-1.6.10.jar;C:\Users\User\.gradle\caches\modules-2\files-2.1\org.jetbrains.kotlin\kotlin-daemon-embeddable\1.9.22\20e2c5df715f3240c765cfc222530e2796542021\kotlin-daemon-embeddable-1.9.22.jar;C:\Users\User\.gradle\caches\modules-2\files-2.1\org.jetbrains.intellij.deps\trove4j\1.0.20200330\3afb14d5f9ceb459d724e907a21145e8ff394f02\trove4j-1.0.20200330.jar;C:\Users\User\.gradle\caches\modules-2\files-2.1\org.jetbrains\annotations\13.0\919f0dfe192fb4e063e7dacadee7f8bb9a2672a9\annotations-13.0.jar
Launcher Type: SUN_STANDARD

[Global flags]
     intx CICompilerCount                          = 3                                         {product} {ergonomic}
     uint ConcGCThreads                            = 1                                         {product} {ergonomic}
     uint G1ConcRefinementThreads                  = 4                                         {product} {ergonomic}
   size_t G1HeapRegionSize                         = 1048576                                   {product} {ergonomic}
    uintx GCDrainStackTargetSize                   = 64                                        {product} {ergonomic}
   size_t InitialHeapSize                          = 67108864                                  {product} {ergonomic}
   size_t MarkStackSize                            = 4194304                                   {product} {ergonomic}
   size_t MaxHeapSize                              = 1044381696                                {product} {ergonomic}
   size_t MinHeapDeltaBytes                        = 1048576                                   {product} {ergonomic}
    uintx NonNMethodCodeHeapSize                   = 5830732                                {pd product} {ergonomic}
    uintx NonProfiledCodeHeapSize                  = 122913754                              {pd product} {ergonomic}
    uintx ProfiledCodeHeapSize                     = 122913754                              {pd product} {ergonomic}
    uintx ReservedCodeCacheSize                    = 251658240                              {pd product} {ergonomic}
     bool SegmentedCodeCache                       = true                                      {product} {ergonomic}
     bool UseCompressedClassPointers               = true                                 {lp64_product} {ergonomic}
     bool UseCompressedOops                        = true                                 {lp64_product} {ergonomic}
     bool UseG1GC                                  = true                                      {product} {ergonomic}
     bool UseLargePagesIndividualAllocation        = false                                  {pd product} {ergonomic}

Logging:
Log output configuration:
 #0: stdout all=warning uptime,level,tags
 #1: stderr all=off uptime,level,tags

Environment Variables:
JAVA_HOME=C:\Program Files\Android\Android Studio\jre
CLASSPATH=D:\Tugas Akhir\realtime\android\\gradle\wrapper\gradle-wrapper.jar
PATH=C:\Program Files\Android\Android Studio\jre\bin;C:\Windows\system32;C:\Windows;C:\Windows\System32\Wbem;C:\Windows\System32\WindowsPowerShell\v1.0\;C:\Windows\System32\OpenSSH\;C:\Program Files\Git\cmd;C:\xampp\php;C:\ProgramData\ComposerSetup\bin;C:\hadoop\bin;C:\hadoop\sbin;C:\Program Files\Java\jdk1.8.0_111\bin;C:\spark\bin;C:\spark\sbin;C:\Users\User\AppData\Local\Programs\Python\Python311;C:\Users\User\AppData\Local\Programs\Python\Python311\Scripts;C:\Program Files\nodejs\;C:\Users\User\AppData\Local\Pub\Cache\bin;C:\Program Files\Git\bin;C:\Users\User\AppData\Local\Programs\Python\Python311\Scripts\;C:\Users\User\AppData\Local\Programs\Python\Python311\;C:\Users\User\AppData\Local\Microsoft\WindowsApps;C:\src\flutter\bin;C:\Users\User\AppData\Local\Programs\Microsoft VS Code\bin;C:\Users\User\AppData\Roaming\Composer\vendor\bin;C:\Program Files\heroku\bin;C:\hadoop\sbin;C:\hadoop\bin;C:\spark\bin;C:\spark\sbin;C:\Program Files\Java\jdk1.8.0_111\bin;C:\msys64\mingw64\bin;C:\MinGW\bin;C:\Users\User\AppData\Local\Programs\Python\Python311;C:\Users\User\AppData\Local\Programs\Python\Python311\Scripts;C:\Users\User\AppData\Roaming\npm;C:\src\flutter\bin\mingit\cmd;C:\src\flutter\bin\mingit\cmd
USERNAME=User
OS=Windows_NT
PROCESSOR_IDENTIFIER=Intel64 Family 6 Model 142 Stepping 9, GenuineIntel



---------------  S Y S T E M  ---------------

OS: Windows 11 , 64 bit Build 22621 (10.0.22621.3374)
OS uptime: 0 days 4:54 hours

CPU:total 4 (initial active 4) (2 cores per cpu, 2 threads per core) family 6 model 142 stepping 9 microcode 0xde, cmov, cx8, fxsr, mmx, sse, sse2, sse3, ssse3, sse4.1, sse4.2, popcnt, avx, avx2, aes, clmul, erms, 3dnowpref, lzcnt, ht, tsc, tscinvbit, bmi1, bmi2, adx, fma

Memory: 4k page, system-wide physical 3977M (224M free)
TotalPageFile size 16265M (AvailPageFile size 39M)
current process WorkingSet (physical memory assigned to process): 10M, peak: 10M
current process commit charge ("private bytes"): 51M, peak: 115M

vm_info: OpenJDK 64-Bit Server VM (11.0.13+0-b1751.21-8125866) for windows-amd64 JRE (11.0.13+0-b1751.21-8125866), built on Feb  2 2022 03:00:22 by "builder" with MS VC++ 14.0 (VS2015)

END.
