#
# There is insufficient memory for the Java Runtime Environment to continue.
# Native memory allocation (mmap) failed to map 298844160 bytes for Failed to commit area from 0x0000000711d00000 to 0x0000000723a00000 of length 298844160.
# Possible reasons:
#   The system is out of physical RAM or swap space
#   The process is running with CompressedOops enabled, and the Java Heap may be blocking the growth of the native heap
# Possible solutions:
#   Reduce memory load on the system
#   Increase physical memory or swap space
#   Check if swap backing store is full
#   Decrease Java heap size (-Xmx/-Xms)
#   Decrease number of Java threads
#   Decrease Java thread stack sizes (-Xss)
#   Set larger code cache with -XX:ReservedCodeCacheSize=
#   JVM is running with Zero Based Compressed Oops mode in which the Java heap is
#     placed in the first 32GB address space. The Java Heap base address is the
#     maximum limit for the native heap growth. Please use -XX:HeapBaseMinAddress
#     to set the Java Heap base and to place the Java Heap above 32GB virtual address.
# This output file may be truncated or incomplete.
#
#  Out of Memory Error (./src/hotspot/os/windows/os_windows.cpp:3619), pid=1692, tid=3624
#
# JRE version: OpenJDK Runtime Environment (11.0.13) (build 11.0.13+0-b1751.21-8125866)
# Java VM: OpenJDK 64-Bit Server VM (11.0.13+0-b1751.21-8125866, mixed mode, tiered, compressed oops, g1 gc, windows-amd64)
# No core dump will be written. Minidumps are not enabled by default on client versions of Windows
#

---------------  S U M M A R Y ------------

Command Line: --add-opens=java.base/java.util=ALL-UNNAMED --add-opens=java.base/java.lang=ALL-UNNAMED --add-opens=java.base/java.lang.invoke=ALL-UNNAMED --add-opens=java.base/java.util=ALL-UNNAMED --add-opens=java.prefs/java.util.prefs=ALL-UNNAMED --add-opens=java.prefs/java.util.prefs=ALL-UNNAMED --add-opens=java.base/java.nio.charset=ALL-UNNAMED --add-opens=java.base/java.net=ALL-UNNAMED --add-opens=java.base/java.util.concurrent.atomic=ALL-UNNAMED -Xmx4G -Dfile.encoding=windows-1252 -Duser.country=ID -Duser.language=en -Duser.variant org.gradle.launcher.daemon.bootstrap.GradleDaemon 7.5

Host: Intel(R) Core(TM) i5-7200U CPU @ 2.50GHz, 4 cores, 3G,  Windows 11 , 64 bit Build 22621 (10.0.22621.3958)
Time: Mon Sep  2 06:20:41 2024 SE Asia Standard Time elapsed time: 111.980696 seconds (0d 0h 1m 51s)

---------------  T H R E A D  ---------------

Current thread (0x00000288aa0e8800):  VMThread "VM Thread" [stack: 0x000000f76ce00000,0x000000f76cf00000] [id=3624]

Stack: [0x000000f76ce00000,0x000000f76cf00000]
[error occurred during error reporting (printing stack bounds), id 0xc0000005, EXCEPTION_ACCESS_VIOLATION (0xc0000005) at pc=0x000002888ec2112d]

Native frames: (J=compiled Java code, j=interpreted, Vv=VM code, C=native code)
V  [jvm.dll+0x6100fa]
V  [jvm.dll+0x747090]
V  [jvm.dll+0x7486ad]
V  [jvm.dll+0x748ce5]
V  [jvm.dll+0x748c9b]
V  [jvm.dll+0x60f224]
V  [jvm.dll+0x60f9b8]
C  [ntdll.dll+0xa504f]
C  [ntdll.dll+0x1e866]
C  [ntdll.dll+0xa403e]
C  0x000002888ec2112d

VM_Operation (0x000000f76e2f8b90): G1CollectForAllocation, mode: safepoint, requested by thread 0x00000288ad170800


---------------  P R O C E S S  ---------------

Threads class SMR info:
_java_thread_list=0x00000288b3afb270, length=87, elements={
0x0000028889934000, 0x00000288aa0ec000, 0x00000288aa0f5000, 0x00000288aaa65000,
0x00000288aaa66800, 0x00000288aaa67800, 0x00000288aaa6c800, 0x00000288aa11a000,
0x00000288aaac5800, 0x00000288aabb9800, 0x00000288ac5e8800, 0x00000288aada8800,
0x00000288acc22000, 0x00000288ac486800, 0x00000288ac4d4800, 0x00000288abc72800,
0x00000288ad170800, 0x00000288ac528800, 0x00000288ab4ff800, 0x00000288ac073000,
0x00000288ac070000, 0x00000288ac072800, 0x00000288ac06e800, 0x00000288ac075000,
0x00000288ac06f000, 0x00000288ac074000, 0x00000288ac070800, 0x00000288ac071800,
0x00000288acf3a000, 0x00000288acf39000, 0x00000288acf3d000, 0x00000288acf3b800,
0x00000288acf3c800, 0x00000288acf38800, 0x00000288acf3f000, 0x00000288acf3f800,
0x00000288acf40800, 0x00000288acf3b000, 0x00000288acf42000, 0x00000288acf43800,
0x00000288acf41800, 0x00000288acf43000, 0x00000288acf45800, 0x00000288acf44800,
0x00000288ad1bd000, 0x00000288ad1bc000, 0x00000288ad1c1000, 0x00000288ad1c2800,
0x00000288ad1c0800, 0x00000288ad1be800, 0x00000288ad1be000, 0x00000288ad1bf800,
0x00000288ad1c2000, 0x00000288af17a800, 0x00000288af17d000, 0x00000288af17c800,
0x00000288af17b800, 0x00000288af17e000, 0x00000288af17a000, 0x00000288af178800,
0x00000288af17f000, 0x00000288af179000, 0x00000288af180800, 0x00000288af183800,
0x00000288af182000, 0x00000288af183000, 0x00000288af184800, 0x00000288af185800,
0x00000288af17f800, 0x00000288af186000, 0x00000288af187000, 0x00000288af181800,
0x00000288ad7cf800, 0x00000288ad7d0800, 0x00000288ad7d4800, 0x00000288ad7d5800,
0x00000288ad7d1800, 0x00000288ad7d2000, 0x00000288ad7d8800, 0x00000288ad7d3000,
0x00000288ad7d9800, 0x00000288ad7d3800, 0x00000288ad7dc000, 0x00000288ad7da000,
0x00000288ad7db000, 0x00000288ad7d6000, 0x00000288ad7d7000
}

Java Threads: ( => current thread )
  0x0000028889934000 JavaThread "main" [_thread_blocked, id=11404, stack(0x000000f76c800000,0x000000f76c900000)]
  0x00000288aa0ec000 JavaThread "Reference Handler" daemon [_thread_blocked, id=2264, stack(0x000000f76cf00000,0x000000f76d000000)]
  0x00000288aa0f5000 JavaThread "Finalizer" daemon [_thread_blocked, id=5136, stack(0x000000f76d000000,0x000000f76d100000)]
  0x00000288aaa65000 JavaThread "Signal Dispatcher" daemon [_thread_blocked, id=11248, stack(0x000000f76d100000,0x000000f76d200000)]
  0x00000288aaa66800 JavaThread "Attach Listener" daemon [_thread_blocked, id=8552, stack(0x000000f76d200000,0x000000f76d300000)]
  0x00000288aaa67800 JavaThread "Service Thread" daemon [_thread_blocked, id=11756, stack(0x000000f76d300000,0x000000f76d400000)]
  0x00000288aaa6c800 JavaThread "C2 CompilerThread0" daemon [_thread_blocked, id=11132, stack(0x000000f76d400000,0x000000f76d500000)]
  0x00000288aa11a000 JavaThread "C1 CompilerThread0" daemon [_thread_blocked, id=1784, stack(0x000000f76d500000,0x000000f76d600000)]
  0x00000288aaac5800 JavaThread "Sweeper thread" daemon [_thread_blocked, id=8272, stack(0x000000f76d600000,0x000000f76d700000)]
  0x00000288aabb9800 JavaThread "Common-Cleaner" daemon [_thread_blocked, id=4620, stack(0x000000f76d700000,0x000000f76d800000)]
  0x00000288ac5e8800 JavaThread "Daemon health stats" [_thread_blocked, id=11896, stack(0x000000f76da00000,0x000000f76db00000)]
  0x00000288aada8800 JavaThread "Incoming local TCP Connector on port 60636" [_thread_in_native, id=6976, stack(0x000000f76dd00000,0x000000f76de00000)]
  0x00000288acc22000 JavaThread "Daemon periodic checks" [_thread_blocked, id=9992, stack(0x000000f76de00000,0x000000f76df00000)]
  0x00000288ac486800 JavaThread "Daemon" [_thread_blocked, id=2996, stack(0x000000f76df00000,0x000000f76e000000)]
  0x00000288ac4d4800 JavaThread "Handler for socket connection from /127.0.0.1:60636 to /127.0.0.1:60637" [_thread_in_native, id=244, stack(0x000000f76e000000,0x000000f76e100000)]
  0x00000288abc72800 JavaThread "Cancel handler" [_thread_blocked, id=10204, stack(0x000000f76e100000,0x000000f76e200000)]
  0x00000288ad170800 JavaThread "Daemon worker" [_thread_blocked, id=5556, stack(0x000000f76e200000,0x000000f76e300000)]
  0x00000288ac528800 JavaThread "Asynchronous log dispatcher for DefaultDaemonConnection: socket connection from /127.0.0.1:60636 to /127.0.0.1:60637" [_thread_blocked, id=10400, stack(0x000000f76e300000,0x000000f76e400000)]
  0x00000288ab4ff800 JavaThread "Stdin handler" [_thread_blocked, id=11088, stack(0x000000f76e400000,0x000000f76e500000)]
  0x00000288ac073000 JavaThread "Daemon client event forwarder" [_thread_blocked, id=11136, stack(0x000000f76e500000,0x000000f76e600000)]
  0x00000288ac070000 JavaThread "Cache worker for journal cache (C:\Users\User\.gradle\caches\journal-1)" [_thread_blocked, id=10956, stack(0x000000f76e600000,0x000000f76e700000)]
  0x00000288ac072800 JavaThread "File lock request listener" [_thread_in_native, id=12056, stack(0x000000f76e700000,0x000000f76e800000)]
  0x00000288ac06e800 JavaThread "Cache worker for file hash cache (C:\Users\User\.gradle\caches\7.5\fileHashes)" [_thread_blocked, id=11676, stack(0x000000f76e800000,0x000000f76e900000)]
  0x00000288ac075000 JavaThread "File watcher server" daemon [_thread_in_native, id=11360, stack(0x000000f76e900000,0x000000f76ea00000)]
  0x00000288ac06f000 JavaThread "File watcher consumer" daemon [_thread_blocked, id=12120, stack(0x000000f76ea00000,0x000000f76eb00000)]
  0x00000288ac074000 JavaThread "Cache worker for checksums cache (D:\Tugas Akhir\baru ni\kesalahan\hapus\Project_DisApp\realtime\android\.gradle\7.5\checksums)" [_thread_blocked, id=6232, stack(0x000000f76eb00000,0x000000f76ec00000)]
  0x00000288ac070800 JavaThread "Cache worker for cache directory md-rule (C:\Users\User\.gradle\caches\7.5\md-rule)" [_thread_blocked, id=6296, stack(0x000000f76ec00000,0x000000f76ed00000)]
  0x00000288ac071800 JavaThread "Cache worker for file content cache (C:\Users\User\.gradle\caches\7.5\fileContent)" [_thread_blocked, id=8992, stack(0x000000f76ed00000,0x000000f76ee00000)]
  0x00000288acf3a000 JavaThread "Cache worker for file hash cache (D:\Tugas Akhir\baru ni\kesalahan\hapus\Project_DisApp\realtime\android\.gradle\7.5\fileHashes)" [_thread_blocked, id=4648, stack(0x000000f76ee00000,0x000000f76ef00000)]
  0x00000288acf39000 JavaThread "Cache worker for cache directory md-supplier (C:\Users\User\.gradle\caches\7.5\md-supplier)" [_thread_blocked, id=588, stack(0x000000f76ef00000,0x000000f76f000000)]
  0x00000288acf3d000 JavaThread "Cache worker for execution history cache (C:\Users\User\.gradle\caches\7.5\executionHistory)" [_thread_blocked, id=10784, stack(0x000000f76f000000,0x000000f76f100000)]
  0x00000288acf3b800 JavaThread "jar transforms" [_thread_blocked, id=580, stack(0x000000f76f100000,0x000000f76f200000)]
  0x00000288acf3c800 JavaThread "Cache worker for kotlin-dsl (C:\Users\User\.gradle\caches\7.5\kotlin-dsl)" [_thread_blocked, id=11328, stack(0x000000f76f200000,0x000000f76f300000)]
  0x00000288acf38800 JavaThread "jar transforms Thread 2" [_thread_blocked, id=12264, stack(0x000000f76f300000,0x000000f76f400000)]
  0x00000288acf3f000 JavaThread "Cache worker for dependencies-accessors (D:\Tugas Akhir\baru ni\kesalahan\hapus\Project_DisApp\realtime\android\.gradle\7.5\dependencies-accessors)" [_thread_blocked, id=11420, stack(0x000000f76f400000,0x000000f76f500000)]
  0x00000288acf3f800 JavaThread "Cache worker for Build Output Cleanup Cache (C:\src\flutter\packages\flutter_tools\gradle\.gradle\buildOutputCleanup)" [_thread_blocked, id=7864, stack(0x000000f76f500000,0x000000f76f600000)]
  0x00000288acf40800 JavaThread "jar transforms Thread 3" [_thread_blocked, id=2880, stack(0x000000f76f600000,0x000000f76f700000)]
  0x00000288acf3b000 JavaThread "Memory manager" [_thread_blocked, id=11232, stack(0x000000f76f700000,0x000000f76f800000)]
  0x00000288acf42000 JavaThread "jar transforms Thread 4" [_thread_blocked, id=9892, stack(0x000000f76f800000,0x000000f76f900000)]
  0x00000288acf43800 JavaThread "Execution worker" [_thread_blocked, id=3764, stack(0x000000f76fc00000,0x000000f76fd00000)]
  0x00000288acf41800 JavaThread "Execution worker Thread 2" [_thread_blocked, id=2020, stack(0x000000f76fd00000,0x000000f76fe00000)]
  0x00000288acf43000 JavaThread "Execution worker Thread 3" [_thread_blocked, id=10428, stack(0x000000f76fe00000,0x000000f76ff00000)]
  0x00000288acf45800 JavaThread "Cache worker for execution history cache (C:\src\flutter\packages\flutter_tools\gradle\.gradle\7.5\executionHistory)" [_thread_blocked, id=10272, stack(0x000000f76ff00000,0x000000f770000000)]
  0x00000288acf44800 JavaThread "File lock release action executor" [_thread_blocked, id=12188, stack(0x000000f76fa00000,0x000000f76fb00000)]
  0x00000288ad1bd000 JavaThread "Unconstrained build operations" [_thread_blocked, id=11800, stack(0x000000f770000000,0x000000f770100000)]
  0x00000288ad1bc000 JavaThread "Unconstrained build operations Thread 2" [_thread_blocked, id=12272, stack(0x000000f770100000,0x000000f770200000)]
  0x00000288ad1c1000 JavaThread "Unconstrained build operations Thread 3" [_thread_blocked, id=8008, stack(0x000000f770200000,0x000000f770300000)]
  0x00000288ad1c2800 JavaThread "Unconstrained build operations Thread 4" [_thread_blocked, id=1620, stack(0x000000f770300000,0x000000f770400000)]
  0x00000288ad1c0800 JavaThread "Unconstrained build operations Thread 5" [_thread_blocked, id=3080, stack(0x000000f770400000,0x000000f770500000)]
  0x00000288ad1be800 JavaThread "Unconstrained build operations Thread 6" [_thread_blocked, id=9784, stack(0x000000f770500000,0x000000f770600000)]
  0x00000288ad1be000 JavaThread "Unconstrained build operations Thread 7" [_thread_blocked, id=6876, stack(0x000000f770600000,0x000000f770700000)]
  0x00000288ad1bf800 JavaThread "Unconstrained build operations Thread 8" [_thread_blocked, id=4164, stack(0x000000f770700000,0x000000f770800000)]
  0x00000288ad1c2000 JavaThread "Unconstrained build operations Thread 9" [_thread_blocked, id=11688, stack(0x000000f770800000,0x000000f770900000)]
  0x00000288af17a800 JavaThread "Unconstrained build operations Thread 10" [_thread_blocked, id=3332, stack(0x000000f770900000,0x000000f770a00000)]
  0x00000288af17d000 JavaThread "Unconstrained build operations Thread 11" [_thread_blocked, id=4508, stack(0x000000f770a00000,0x000000f770b00000)]
  0x00000288af17c800 JavaThread "Unconstrained build operations Thread 12" [_thread_blocked, id=12116, stack(0x000000f770b00000,0x000000f770c00000)]
  0x00000288af17b800 JavaThread "Unconstrained build operations Thread 13" [_thread_blocked, id=3768, stack(0x000000f770c00000,0x000000f770d00000)]
  0x00000288af17e000 JavaThread "Unconstrained build operations Thread 14" [_thread_blocked, id=6128, stack(0x000000f770d00000,0x000000f770e00000)]
  0x00000288af17a000 JavaThread "Unconstrained build operations Thread 15" [_thread_blocked, id=9824, stack(0x000000f770e00000,0x000000f770f00000)]
  0x00000288af178800 JavaThread "Unconstrained build operations Thread 16" [_thread_blocked, id=12236, stack(0x000000f770f00000,0x000000f771000000)]
  0x00000288af17f000 JavaThread "Unconstrained build operations Thread 17" [_thread_blocked, id=7512, stack(0x000000f771000000,0x000000f771100000)]
  0x00000288af179000 JavaThread "Unconstrained build operations Thread 18" [_thread_blocked, id=3292, stack(0x000000f771100000,0x000000f771200000)]
  0x00000288af180800 JavaThread "Unconstrained build operations Thread 19" [_thread_blocked, id=11888, stack(0x000000f771200000,0x000000f771300000)]
  0x00000288af183800 JavaThread "Unconstrained build operations Thread 20" [_thread_blocked, id=6992, stack(0x000000f771300000,0x000000f771400000)]
  0x00000288af182000 JavaThread "Unconstrained build operations Thread 21" [_thread_blocked, id=1584, stack(0x000000f771400000,0x000000f771500000)]
  0x00000288af183000 JavaThread "Unconstrained build operations Thread 22" [_thread_blocked, id=5920, stack(0x000000f771500000,0x000000f771600000)]
  0x00000288af184800 JavaThread "Unconstrained build operations Thread 23" [_thread_blocked, id=10636, stack(0x000000f771600000,0x000000f771700000)]
  0x00000288af185800 JavaThread "Unconstrained build operations Thread 24" [_thread_blocked, id=11936, stack(0x000000f771700000,0x000000f771800000)]
  0x00000288af17f800 JavaThread "Unconstrained build operations Thread 25" [_thread_blocked, id=7000, stack(0x000000f771800000,0x000000f771900000)]
  0x00000288af186000 JavaThread "Unconstrained build operations Thread 26" [_thread_blocked, id=2436, stack(0x000000f771900000,0x000000f771a00000)]
  0x00000288af187000 JavaThread "Unconstrained build operations Thread 27" [_thread_blocked, id=10772, stack(0x000000f771a00000,0x000000f771b00000)]
  0x00000288af181800 JavaThread "Unconstrained build operations Thread 28" [_thread_blocked, id=5316, stack(0x000000f771b00000,0x000000f771c00000)]
  0x00000288ad7cf800 JavaThread "Unconstrained build operations Thread 29" [_thread_blocked, id=7920, stack(0x000000f771c00000,0x000000f771d00000)]
  0x00000288ad7d0800 JavaThread "Unconstrained build operations Thread 30" [_thread_blocked, id=5312, stack(0x000000f771d00000,0x000000f771e00000)]
  0x00000288ad7d4800 JavaThread "Unconstrained build operations Thread 31" [_thread_blocked, id=8500, stack(0x000000f771e00000,0x000000f771f00000)]
  0x00000288ad7d5800 JavaThread "Unconstrained build operations Thread 32" [_thread_blocked, id=1448, stack(0x000000f771f00000,0x000000f772000000)]
  0x00000288ad7d1800 JavaThread "Unconstrained build operations Thread 33" [_thread_blocked, id=11848, stack(0x000000f772000000,0x000000f772100000)]
  0x00000288ad7d2000 JavaThread "Unconstrained build operations Thread 34" [_thread_blocked, id=12260, stack(0x000000f772100000,0x000000f772200000)]
  0x00000288ad7d8800 JavaThread "Unconstrained build operations Thread 35" [_thread_blocked, id=12244, stack(0x000000f772200000,0x000000f772300000)]
  0x00000288ad7d3000 JavaThread "Unconstrained build operations Thread 36" [_thread_blocked, id=11520, stack(0x000000f772300000,0x000000f772400000)]
  0x00000288ad7d9800 JavaThread "Unconstrained build operations Thread 37" [_thread_blocked, id=6152, stack(0x000000f772400000,0x000000f772500000)]
  0x00000288ad7d3800 JavaThread "Unconstrained build operations Thread 38" [_thread_blocked, id=8800, stack(0x000000f772500000,0x000000f772600000)]
  0x00000288ad7dc000 JavaThread "Unconstrained build operations Thread 39" [_thread_blocked, id=8428, stack(0x000000f772600000,0x000000f772700000)]
  0x00000288ad7da000 JavaThread "Unconstrained build operations Thread 40" [_thread_blocked, id=8860, stack(0x000000f772700000,0x000000f772800000)]
  0x00000288ad7db000 JavaThread "Cache worker for Build Output Cleanup Cache (D:\Tugas Akhir\baru ni\kesalahan\hapus\Project_DisApp\realtime\android\.gradle\buildOutputCleanup)" [_thread_blocked, id=6784, stack(0x000000f772800000,0x000000f772900000)]
  0x00000288ad7d6000 JavaThread "build event listener" [_thread_blocked, id=7176, stack(0x000000f772900000,0x000000f772a00000)]
  0x00000288ad7d7000 JavaThread "build event listener" [_thread_blocked, id=5640, stack(0x000000f772a00000,0x000000f772b00000)]

Other Threads:
=>0x00000288aa0e8800 VMThread "VM Thread" [stack: 0x000000f76ce00000,0x000000f76cf00000] [id=3624]
  0x00000288aabed000 WatcherThread [stack: 0x000000f76d800000,0x000000f76d900000] [id=3468]
  0x000002888994d800 GCTaskThread "GC Thread#0" [stack: 0x000000f76c900000,0x000000f76ca00000] [id=12060]
  0x00000288ab3b5800 GCTaskThread "GC Thread#1" [stack: 0x000000f76d900000,0x000000f76da00000] [id=2840]
  0x00000288aca52800 GCTaskThread "GC Thread#2" [stack: 0x000000f76db00000,0x000000f76dc00000] [id=4276]
  0x00000288ac4d5800 GCTaskThread "GC Thread#3" [stack: 0x000000f76dc00000,0x000000f76dd00000] [id=6932]
  0x00000288899ab800 ConcurrentGCThread "G1 Main Marker" [stack: 0x000000f76ca00000,0x000000f76cb00000] [id=5448]
  0x00000288899ad000 ConcurrentGCThread "G1 Conc#0" [stack: 0x000000f76cb00000,0x000000f76cc00000] [id=7156]
  0x00000288a9f30800 ConcurrentGCThread "G1 Refine#0" [stack: 0x000000f76cc00000,0x000000f76cd00000] [id=7644]
  0x00000288a9f31800 ConcurrentGCThread "G1 Young RemSet Sampling" [stack: 0x000000f76cd00000,0x000000f76ce00000] [id=8136]

Threads with active compile tasks:

VM state:at safepoint (normal execution)

VM Mutex/Monitor currently owned by a thread:  ([mutex/lock_event])
[0x000002888992f9f0] Threads_lock - owner thread: 0x00000288aa0e8800
[0x0000028889930a40] Heap_lock - owner thread: 0x00000288ad170800

Heap address: 0x0000000700000000, size: 4096 MB, Compressed Oops mode: Zero based, Oop shift amount: 3
Narrow klass base: 0x0000000800000000, Narrow klass shift: 0
Compressed class space size: 1073741824 Address: 0x0000000800000000

Heap:
 garbage-first heap   total 583680K, used 213328K [0x0000000700000000, 0x0000000800000000)
  region size 1024K, 3 young (3072K), 3 survivors (3072K)
 Metaspace       used 106524K, capacity 112499K, committed 112840K, reserved 1146880K
  class space    used 14108K, capacity 15929K, committed 16032K, reserved 1048576K
Heap Regions: E=young(eden), S=young(survivor), O=old, HS=humongous(starts), HC=humongous(continues), CS=collection set, F=free, A=archive, TAMS=top-at-mark-start (previous, next)
|   0|0x0000000700000000, 0x0000000700100000, 0x0000000700100000|100%|HS|  |TAMS 0x0000000700100000, 0x0000000700100000| Complete 
|   1|0x0000000700100000, 0x0000000700200000, 0x0000000700200000|100%|HC|  |TAMS 0x0000000700200000, 0x0000000700200000| Complete 
|   2|0x0000000700200000, 0x0000000700300000, 0x0000000700300000|100%|HC|  |TAMS 0x0000000700300000, 0x0000000700300000| Complete 
|   3|0x0000000700300000, 0x0000000700400000, 0x0000000700400000|100%| O|  |TAMS 0x0000000700400000, 0x0000000700400000| Untracked 
|   4|0x0000000700400000, 0x0000000700500000, 0x0000000700500000|100%| O|  |TAMS 0x0000000700500000, 0x0000000700500000| Untracked 
|   5|0x0000000700500000, 0x0000000700600000, 0x0000000700600000|100%| O|  |TAMS 0x0000000700600000, 0x0000000700600000| Untracked 
|   6|0x0000000700600000, 0x0000000700700000, 0x0000000700700000|100%| O|  |TAMS 0x0000000700700000, 0x0000000700700000| Untracked 
|   7|0x0000000700700000, 0x0000000700800000, 0x0000000700800000|100%| O|  |TAMS 0x0000000700800000, 0x0000000700800000| Untracked 
|   8|0x0000000700800000, 0x0000000700900000, 0x0000000700900000|100%| O|  |TAMS 0x0000000700900000, 0x0000000700900000| Untracked 
|   9|0x0000000700900000, 0x0000000700a00000, 0x0000000700a00000|100%| O|  |TAMS 0x0000000700a00000, 0x0000000700a00000| Untracked 
|  10|0x0000000700a00000, 0x0000000700b00000, 0x0000000700b00000|100%| O|  |TAMS 0x0000000700b00000, 0x0000000700b00000| Untracked 
|  11|0x0000000700b00000, 0x0000000700c00000, 0x0000000700c00000|100%| O|  |TAMS 0x0000000700c00000, 0x0000000700c00000| Untracked 
|  12|0x0000000700c00000, 0x0000000700d00000, 0x0000000700d00000|100%| O|  |TAMS 0x0000000700d00000, 0x0000000700d00000| Untracked 
|  13|0x0000000700d00000, 0x0000000700e00000, 0x0000000700e00000|100%| O|  |TAMS 0x0000000700e00000, 0x0000000700e00000| Untracked 
|  14|0x0000000700e00000, 0x0000000700f00000, 0x0000000700f00000|100%| O|  |TAMS 0x0000000700f00000, 0x0000000700f00000| Untracked 
|  15|0x0000000700f00000, 0x0000000701000000, 0x0000000701000000|100%| O|  |TAMS 0x0000000701000000, 0x0000000701000000| Untracked 
|  16|0x0000000701000000, 0x0000000701100000, 0x0000000701100000|100%| O|  |TAMS 0x0000000701100000, 0x0000000701100000| Untracked 
|  17|0x0000000701100000, 0x0000000701200000, 0x0000000701200000|100%| O|  |TAMS 0x0000000701200000, 0x0000000701200000| Untracked 
|  18|0x0000000701200000, 0x0000000701300000, 0x0000000701300000|100%| O|  |TAMS 0x0000000701300000, 0x0000000701300000| Untracked 
|  19|0x0000000701300000, 0x0000000701400000, 0x0000000701400000|100%| O|  |TAMS 0x0000000701400000, 0x0000000701400000| Untracked 
|  20|0x0000000701400000, 0x0000000701500000, 0x0000000701500000|100%| O|  |TAMS 0x0000000701500000, 0x0000000701500000| Untracked 
|  21|0x0000000701500000, 0x0000000701600000, 0x0000000701600000|100%| O|  |TAMS 0x0000000701600000, 0x0000000701600000| Untracked 
|  22|0x0000000701600000, 0x0000000701700000, 0x0000000701700000|100%| O|  |TAMS 0x0000000701700000, 0x0000000701700000| Untracked 
|  23|0x0000000701700000, 0x0000000701800000, 0x0000000701800000|100%| O|  |TAMS 0x0000000701800000, 0x0000000701800000| Untracked 
|  24|0x0000000701800000, 0x0000000701900000, 0x0000000701900000|100%| O|  |TAMS 0x0000000701900000, 0x0000000701900000| Untracked 
|  25|0x0000000701900000, 0x0000000701a00000, 0x0000000701a00000|100%| O|  |TAMS 0x0000000701a00000, 0x0000000701a00000| Untracked 
|  26|0x0000000701a00000, 0x0000000701b00000, 0x0000000701b00000|100%| O|  |TAMS 0x0000000701b00000, 0x0000000701b00000| Untracked 
|  27|0x0000000701b00000, 0x0000000701c00000, 0x0000000701c00000|100%| O|  |TAMS 0x0000000701c00000, 0x0000000701c00000| Untracked 
|  28|0x0000000701c00000, 0x0000000701d00000, 0x0000000701d00000|100%| O|  |TAMS 0x0000000701d00000, 0x0000000701d00000| Untracked 
|  29|0x0000000701d00000, 0x0000000701e00000, 0x0000000701e00000|100%| O|  |TAMS 0x0000000701e00000, 0x0000000701e00000| Untracked 
|  30|0x0000000701e00000, 0x0000000701f00000, 0x0000000701f00000|100%| O|  |TAMS 0x0000000701f00000, 0x0000000701f00000| Untracked 
|  31|0x0000000701f00000, 0x0000000702000000, 0x0000000702000000|100%| O|  |TAMS 0x0000000702000000, 0x0000000702000000| Untracked 
|  32|0x0000000702000000, 0x0000000702100000, 0x0000000702100000|100%| O|  |TAMS 0x0000000702100000, 0x0000000702100000| Untracked 
|  33|0x0000000702100000, 0x0000000702200000, 0x0000000702200000|100%| O|  |TAMS 0x0000000702200000, 0x0000000702200000| Untracked 
|  34|0x0000000702200000, 0x0000000702300000, 0x0000000702300000|100%| O|  |TAMS 0x0000000702300000, 0x0000000702300000| Untracked 
|  35|0x0000000702300000, 0x0000000702400000, 0x0000000702400000|100%| O|  |TAMS 0x0000000702400000, 0x0000000702400000| Untracked 
|  36|0x0000000702400000, 0x0000000702500000, 0x0000000702500000|100%| O|  |TAMS 0x0000000702500000, 0x0000000702500000| Untracked 
|  37|0x0000000702500000, 0x0000000702600000, 0x0000000702600000|100%| O|  |TAMS 0x0000000702600000, 0x0000000702600000| Untracked 
|  38|0x0000000702600000, 0x0000000702700000, 0x0000000702700000|100%| O|  |TAMS 0x0000000702700000, 0x0000000702700000| Untracked 
|  39|0x0000000702700000, 0x0000000702800000, 0x0000000702800000|100%| O|  |TAMS 0x0000000702800000, 0x0000000702800000| Untracked 
|  40|0x0000000702800000, 0x0000000702900000, 0x0000000702900000|100%| O|  |TAMS 0x0000000702900000, 0x0000000702900000| Untracked 
|  41|0x0000000702900000, 0x0000000702a00000, 0x0000000702a00000|100%|HS|  |TAMS 0x0000000702a00000, 0x0000000702a00000| Complete 
|  42|0x0000000702a00000, 0x0000000702b00000, 0x0000000702b00000|100%|HS|  |TAMS 0x0000000702b00000, 0x0000000702b00000| Complete 
|  43|0x0000000702b00000, 0x0000000702c00000, 0x0000000702c00000|100%| O|  |TAMS 0x0000000702c00000, 0x0000000702c00000| Untracked 
|  44|0x0000000702c00000, 0x0000000702d00000, 0x0000000702d00000|100%| O|  |TAMS 0x0000000702d00000, 0x0000000702d00000| Untracked 
|  45|0x0000000702d00000, 0x0000000702e00000, 0x0000000702e00000|100%| O|  |TAMS 0x0000000702e00000, 0x0000000702e00000| Untracked 
|  46|0x0000000702e00000, 0x0000000702f00000, 0x0000000702f00000|100%| O|  |TAMS 0x0000000702f00000, 0x0000000702f00000| Untracked 
|  47|0x0000000702f00000, 0x0000000703000000, 0x0000000703000000|100%| O|  |TAMS 0x0000000703000000, 0x0000000703000000| Untracked 
|  48|0x0000000703000000, 0x0000000703100000, 0x0000000703100000|100%| O|  |TAMS 0x0000000703100000, 0x0000000703100000| Untracked 
|  49|0x0000000703100000, 0x0000000703200000, 0x0000000703200000|100%|HS|  |TAMS 0x0000000703200000, 0x0000000703200000| Complete 
|  50|0x0000000703200000, 0x0000000703300000, 0x0000000703300000|100%|HC|  |TAMS 0x0000000703300000, 0x0000000703300000| Complete 
|  51|0x0000000703300000, 0x0000000703400000, 0x0000000703400000|100%| O|  |TAMS 0x0000000703400000, 0x0000000703400000| Untracked 
|  52|0x0000000703400000, 0x0000000703500000, 0x0000000703500000|100%| O|  |TAMS 0x0000000703500000, 0x0000000703500000| Untracked 
|  53|0x0000000703500000, 0x0000000703600000, 0x0000000703600000|100%|HS|  |TAMS 0x0000000703600000, 0x0000000703600000| Complete 
|  54|0x0000000703600000, 0x0000000703700000, 0x0000000703700000|100%|HC|  |TAMS 0x0000000703700000, 0x0000000703700000| Complete 
|  55|0x0000000703700000, 0x0000000703800000, 0x0000000703800000|100%|HS|  |TAMS 0x0000000703800000, 0x0000000703800000| Complete 
|  56|0x0000000703800000, 0x0000000703900000, 0x0000000703900000|100%|HC|  |TAMS 0x0000000703900000, 0x0000000703900000| Complete 
|  57|0x0000000703900000, 0x0000000703a00000, 0x0000000703a00000|100%|HC|  |TAMS 0x0000000703a00000, 0x0000000703a00000| Complete 
|  58|0x0000000703a00000, 0x0000000703b00000, 0x0000000703b00000|100%|HC|  |TAMS 0x0000000703b00000, 0x0000000703b00000| Complete 
|  59|0x0000000703b00000, 0x0000000703c00000, 0x0000000703c00000|100%| O|  |TAMS 0x0000000703c00000, 0x0000000703c00000| Untracked 
|  60|0x0000000703c00000, 0x0000000703d00000, 0x0000000703d00000|100%|HS|  |TAMS 0x0000000703c00000, 0x0000000703d00000| Complete 
|  61|0x0000000703d00000, 0x0000000703e00000, 0x0000000703e00000|100%| O|  |TAMS 0x0000000703d00000, 0x0000000703e00000| Untracked 
|  62|0x0000000703e00000, 0x0000000703f00000, 0x0000000703f00000|100%| O|  |TAMS 0x0000000703e00000, 0x0000000703f00000| Untracked 
|  63|0x0000000703f00000, 0x0000000704000000, 0x0000000704000000|100%| O|  |TAMS 0x0000000703f00000, 0x0000000704000000| Untracked 
|  64|0x0000000704000000, 0x0000000704100000, 0x0000000704100000|100%| O|  |TAMS 0x0000000704061800, 0x0000000704100000| Untracked 
|  65|0x0000000704100000, 0x0000000704200000, 0x0000000704200000|100%|HS|  |TAMS 0x0000000704100000, 0x0000000704200000| Complete 
|  66|0x0000000704200000, 0x0000000704300000, 0x0000000704300000|100%|HS|  |TAMS 0x0000000704200000, 0x0000000704300000| Complete 
|  67|0x0000000704300000, 0x0000000704400000, 0x0000000704400000|100%| O|  |TAMS 0x0000000704300000, 0x0000000704400000| Untracked 
|  68|0x0000000704400000, 0x0000000704500000, 0x0000000704500000|100%|HS|  |TAMS 0x0000000704400000, 0x0000000704500000| Complete 
|  69|0x0000000704500000, 0x0000000704600000, 0x0000000704600000|100%| O|  |TAMS 0x0000000704500000, 0x0000000704600000| Untracked 
|  70|0x0000000704600000, 0x0000000704700000, 0x0000000704700000|100%| O|  |TAMS 0x0000000704600000, 0x0000000704700000| Untracked 
|  71|0x0000000704700000, 0x0000000704800000, 0x0000000704800000|100%| O|  |TAMS 0x0000000704700000, 0x0000000704800000| Untracked 
|  72|0x0000000704800000, 0x0000000704900000, 0x0000000704900000|100%| O|  |TAMS 0x0000000704800000, 0x0000000704900000| Untracked 
|  73|0x0000000704900000, 0x0000000704a00000, 0x0000000704a00000|100%| O|  |TAMS 0x0000000704900000, 0x0000000704a00000| Untracked 
|  74|0x0000000704a00000, 0x0000000704b00000, 0x0000000704b00000|100%| O|  |TAMS 0x0000000704a00000, 0x0000000704b00000| Untracked 
|  75|0x0000000704b00000, 0x0000000704c00000, 0x0000000704c00000|100%| O|  |TAMS 0x0000000704b00000, 0x0000000704c00000| Untracked 
|  76|0x0000000704c00000, 0x0000000704d00000, 0x0000000704d00000|100%| O|  |TAMS 0x0000000704c00000, 0x0000000704d00000| Untracked 
|  77|0x0000000704d00000, 0x0000000704e00000, 0x0000000704e00000|100%| O|  |TAMS 0x0000000704d00000, 0x0000000704e00000| Untracked 
|  78|0x0000000704e00000, 0x0000000704f00000, 0x0000000704f00000|100%| O|  |TAMS 0x0000000704e00000, 0x0000000704f00000| Untracked 
|  79|0x0000000704f00000, 0x0000000705000000, 0x0000000705000000|100%| O|  |TAMS 0x0000000704f00000, 0x0000000705000000| Untracked 
|  80|0x0000000705000000, 0x0000000705100000, 0x0000000705100000|100%| O|  |TAMS 0x0000000705000000, 0x0000000705100000| Untracked 
|  81|0x0000000705100000, 0x0000000705200000, 0x0000000705200000|100%| O|  |TAMS 0x0000000705100000, 0x0000000705200000| Untracked 
|  82|0x0000000705200000, 0x0000000705300000, 0x0000000705300000|100%| O|  |TAMS 0x0000000705200000, 0x0000000705300000| Untracked 
|  83|0x0000000705300000, 0x0000000705400000, 0x0000000705400000|100%| O|  |TAMS 0x0000000705300000, 0x0000000705400000| Untracked 
|  84|0x0000000705400000, 0x0000000705500000, 0x0000000705500000|100%| O|  |TAMS 0x0000000705400000, 0x0000000705500000| Untracked 
|  85|0x0000000705500000, 0x0000000705600000, 0x0000000705600000|100%|HS|  |TAMS 0x0000000705500000, 0x0000000705600000| Complete 
|  86|0x0000000705600000, 0x0000000705700000, 0x0000000705700000|100%|HS|  |TAMS 0x0000000705600000, 0x0000000705700000| Complete 
|  87|0x0000000705700000, 0x0000000705800000, 0x0000000705800000|100%|HS|  |TAMS 0x0000000705700000, 0x0000000705800000| Complete 
|  88|0x0000000705800000, 0x0000000705900000, 0x0000000705900000|100%| O|  |TAMS 0x0000000705800000, 0x0000000705900000| Untracked 
|  89|0x0000000705900000, 0x0000000705a00000, 0x0000000705a00000|100%| O|  |TAMS 0x0000000705900000, 0x0000000705a00000| Untracked 
|  90|0x0000000705a00000, 0x0000000705b00000, 0x0000000705b00000|100%| O|  |TAMS 0x0000000705a00000, 0x0000000705b00000| Untracked 
|  91|0x0000000705b00000, 0x0000000705c00000, 0x0000000705c00000|100%| O|  |TAMS 0x0000000705b00000, 0x0000000705c00000| Untracked 
|  92|0x0000000705c00000, 0x0000000705d00000, 0x0000000705d00000|100%| O|  |TAMS 0x0000000705c00000, 0x0000000705d00000| Untracked 
|  93|0x0000000705d00000, 0x0000000705e00000, 0x0000000705e00000|100%| O|  |TAMS 0x0000000705d00000, 0x0000000705e00000| Untracked 
|  94|0x0000000705e00000, 0x0000000705f00000, 0x0000000705f00000|100%| O|  |TAMS 0x0000000705e00000, 0x0000000705f00000| Untracked 
|  95|0x0000000705f00000, 0x0000000706000000, 0x0000000706000000|100%| O|  |TAMS 0x0000000705f00000, 0x0000000706000000| Untracked 
|  96|0x0000000706000000, 0x0000000706100000, 0x0000000706100000|100%| O|  |TAMS 0x0000000706000000, 0x0000000706100000| Untracked 
|  97|0x0000000706100000, 0x0000000706200000, 0x0000000706200000|100%| O|  |TAMS 0x0000000706100000, 0x0000000706200000| Untracked 
|  98|0x0000000706200000, 0x0000000706300000, 0x0000000706300000|100%| O|  |TAMS 0x0000000706200000, 0x0000000706300000| Untracked 
|  99|0x0000000706300000, 0x0000000706400000, 0x0000000706400000|100%| O|  |TAMS 0x0000000706300000, 0x0000000706400000| Untracked 
| 100|0x0000000706400000, 0x0000000706500000, 0x0000000706500000|100%|HS|  |TAMS 0x0000000706400000, 0x0000000706500000| Complete 
| 101|0x0000000706500000, 0x0000000706600000, 0x0000000706600000|100%|HS|  |TAMS 0x0000000706500000, 0x0000000706600000| Complete 
| 102|0x0000000706600000, 0x0000000706700000, 0x0000000706700000|100%|HS|  |TAMS 0x0000000706600000, 0x0000000706700000| Complete 
| 103|0x0000000706700000, 0x0000000706800000, 0x0000000706800000|100%| O|  |TAMS 0x0000000706700000, 0x0000000706800000| Untracked 
| 104|0x0000000706800000, 0x0000000706900000, 0x0000000706900000|100%| O|  |TAMS 0x0000000706800000, 0x0000000706900000| Untracked 
| 105|0x0000000706900000, 0x0000000706a00000, 0x0000000706a00000|100%| O|  |TAMS 0x0000000706900000, 0x0000000706a00000| Untracked 
| 106|0x0000000706a00000, 0x0000000706b00000, 0x0000000706b00000|100%| O|  |TAMS 0x0000000706a00000, 0x0000000706b00000| Untracked 
| 107|0x0000000706b00000, 0x0000000706c00000, 0x0000000706c00000|100%| O|  |TAMS 0x0000000706b00000, 0x0000000706c00000| Untracked 
| 108|0x0000000706c00000, 0x0000000706d00000, 0x0000000706d00000|100%| O|  |TAMS 0x0000000706c00000, 0x0000000706d00000| Untracked 
| 109|0x0000000706d00000, 0x0000000706e00000, 0x0000000706e00000|100%| O|  |TAMS 0x0000000706d00000, 0x0000000706e00000| Untracked 
| 110|0x0000000706e00000, 0x0000000706f00000, 0x0000000706f00000|100%| O|  |TAMS 0x0000000706e00000, 0x0000000706f00000| Untracked 
| 111|0x0000000706f00000, 0x0000000707000000, 0x0000000707000000|100%| O|  |TAMS 0x0000000706f00000, 0x0000000707000000| Untracked 
| 112|0x0000000707000000, 0x0000000707100000, 0x0000000707100000|100%| O|  |TAMS 0x0000000707000000, 0x0000000707100000| Untracked 
| 113|0x0000000707100000, 0x0000000707200000, 0x0000000707200000|100%| O|  |TAMS 0x0000000707100000, 0x0000000707200000| Untracked 
| 114|0x0000000707200000, 0x0000000707300000, 0x0000000707300000|100%| O|  |TAMS 0x0000000707200000, 0x0000000707300000| Untracked 
| 115|0x0000000707300000, 0x0000000707400000, 0x0000000707400000|100%| O|  |TAMS 0x0000000707300000, 0x0000000707400000| Untracked 
| 116|0x0000000707400000, 0x0000000707500000, 0x0000000707500000|100%| O|  |TAMS 0x0000000707400000, 0x0000000707500000| Untracked 
| 117|0x0000000707500000, 0x0000000707600000, 0x0000000707600000|100%| O|  |TAMS 0x0000000707500000, 0x0000000707600000| Untracked 
| 118|0x0000000707600000, 0x0000000707700000, 0x0000000707700000|100%| O|  |TAMS 0x0000000707600000, 0x0000000707700000| Untracked 
| 119|0x0000000707700000, 0x0000000707800000, 0x0000000707800000|100%| O|  |TAMS 0x0000000707700000, 0x0000000707800000| Untracked 
| 120|0x0000000707800000, 0x0000000707900000, 0x0000000707900000|100%| O|  |TAMS 0x0000000707800000, 0x0000000707900000| Untracked 
| 121|0x0000000707900000, 0x0000000707a00000, 0x0000000707a00000|100%|HS|  |TAMS 0x0000000707900000, 0x0000000707a00000| Complete 
| 122|0x0000000707a00000, 0x0000000707b00000, 0x0000000707b00000|100%|HS|  |TAMS 0x0000000707a00000, 0x0000000707b00000| Complete 
| 123|0x0000000707b00000, 0x0000000707c00000, 0x0000000707c00000|100%|HC|  |TAMS 0x0000000707b00000, 0x0000000707c00000| Complete 
| 124|0x0000000707c00000, 0x0000000707d00000, 0x0000000707d00000|100%|HS|  |TAMS 0x0000000707c00000, 0x0000000707d00000| Complete 
| 125|0x0000000707d00000, 0x0000000707e00000, 0x0000000707e00000|100%|HS|  |TAMS 0x0000000707d00000, 0x0000000707e00000| Complete 
| 126|0x0000000707e00000, 0x0000000707f00000, 0x0000000707f00000|100%|HC|  |TAMS 0x0000000707e00000, 0x0000000707f00000| Complete 
| 127|0x0000000707f00000, 0x0000000708000000, 0x0000000708000000|100%|HC|  |TAMS 0x0000000707f00000, 0x0000000708000000| Complete 
| 128|0x0000000708000000, 0x0000000708100000, 0x0000000708100000|100%|HC|  |TAMS 0x0000000708000000, 0x0000000708100000| Complete 
| 129|0x0000000708100000, 0x0000000708200000, 0x0000000708200000|100%| O|  |TAMS 0x0000000708100000, 0x0000000708200000| Untracked 
| 130|0x0000000708200000, 0x0000000708300000, 0x0000000708300000|100%| O|  |TAMS 0x0000000708200000, 0x0000000708300000| Untracked 
| 131|0x0000000708300000, 0x0000000708400000, 0x0000000708400000|100%| O|  |TAMS 0x0000000708300000, 0x0000000708400000| Untracked 
| 132|0x0000000708400000, 0x0000000708500000, 0x0000000708500000|100%| O|  |TAMS 0x0000000708400000, 0x0000000708500000| Untracked 
| 133|0x0000000708500000, 0x0000000708600000, 0x0000000708600000|100%| O|  |TAMS 0x0000000708500000, 0x0000000708600000| Untracked 
| 134|0x0000000708600000, 0x0000000708700000, 0x0000000708700000|100%| O|  |TAMS 0x0000000708600000, 0x0000000708700000| Untracked 
| 135|0x0000000708700000, 0x0000000708800000, 0x0000000708800000|100%| O|  |TAMS 0x0000000708700000, 0x0000000708800000| Untracked 
| 136|0x0000000708800000, 0x0000000708900000, 0x0000000708900000|100%| O|  |TAMS 0x0000000708800000, 0x0000000708900000| Untracked 
| 137|0x0000000708900000, 0x0000000708a00000, 0x0000000708a00000|100%| O|  |TAMS 0x0000000708900000, 0x0000000708a00000| Untracked 
| 138|0x0000000708a00000, 0x0000000708b00000, 0x0000000708b00000|100%| O|  |TAMS 0x0000000708a00000, 0x0000000708b00000| Untracked 
| 139|0x0000000708b00000, 0x0000000708c00000, 0x0000000708c00000|100%| O|  |TAMS 0x0000000708b00000, 0x0000000708c00000| Untracked 
| 140|0x0000000708c00000, 0x0000000708d00000, 0x0000000708d00000|100%| O|  |TAMS 0x0000000708c00000, 0x0000000708d00000| Untracked 
| 141|0x0000000708d00000, 0x0000000708e00000, 0x0000000708e00000|100%|HS|  |TAMS 0x0000000708d00000, 0x0000000708e00000| Complete 
| 142|0x0000000708e00000, 0x0000000708f00000, 0x0000000708f00000|100%|HS|  |TAMS 0x0000000708e00000, 0x0000000708f00000| Complete 
| 143|0x0000000708f00000, 0x0000000709000000, 0x0000000709000000|100%| O|  |TAMS 0x0000000708f00000, 0x0000000709000000| Untracked 
| 144|0x0000000709000000, 0x0000000709100000, 0x0000000709100000|100%| O|  |TAMS 0x0000000709000000, 0x0000000709100000| Untracked 
| 145|0x0000000709100000, 0x0000000709200000, 0x0000000709200000|100%| O|  |TAMS 0x0000000709100000, 0x0000000709200000| Untracked 
| 146|0x0000000709200000, 0x0000000709300000, 0x0000000709300000|100%| O|  |TAMS 0x0000000709200000, 0x0000000709300000| Untracked 
| 147|0x0000000709300000, 0x0000000709400000, 0x0000000709400000|100%| O|  |TAMS 0x0000000709300000, 0x0000000709400000| Untracked 
| 148|0x0000000709400000, 0x0000000709500000, 0x0000000709500000|100%| O|  |TAMS 0x0000000709400000, 0x0000000709500000| Untracked 
| 149|0x0000000709500000, 0x0000000709600000, 0x0000000709600000|100%| O|  |TAMS 0x0000000709500000, 0x0000000709600000| Untracked 
| 150|0x0000000709600000, 0x0000000709700000, 0x0000000709700000|100%| O|  |TAMS 0x0000000709600000, 0x0000000709700000| Untracked 
| 151|0x0000000709700000, 0x0000000709800000, 0x0000000709800000|100%| O|  |TAMS 0x0000000709700000, 0x0000000709800000| Untracked 
| 152|0x0000000709800000, 0x0000000709900000, 0x0000000709900000|100%| O|  |TAMS 0x0000000709800000, 0x0000000709900000| Untracked 
| 153|0x0000000709900000, 0x0000000709a00000, 0x0000000709a00000|100%| O|  |TAMS 0x0000000709900000, 0x0000000709a00000| Untracked 
| 154|0x0000000709a00000, 0x0000000709b00000, 0x0000000709b00000|100%| O|  |TAMS 0x0000000709a00000, 0x0000000709b00000| Untracked 
| 155|0x0000000709b00000, 0x0000000709c00000, 0x0000000709c00000|100%| O|  |TAMS 0x0000000709b00000, 0x0000000709c00000| Untracked 
| 156|0x0000000709c00000, 0x0000000709d00000, 0x0000000709d00000|100%| O|  |TAMS 0x0000000709c00000, 0x0000000709d00000| Untracked 
| 157|0x0000000709d00000, 0x0000000709e00000, 0x0000000709e00000|100%| O|  |TAMS 0x0000000709d00000, 0x0000000709e00000| Untracked 
| 158|0x0000000709e00000, 0x0000000709f00000, 0x0000000709f00000|100%| O|  |TAMS 0x0000000709e00000, 0x0000000709f00000| Untracked 
| 159|0x0000000709f00000, 0x000000070a000000, 0x000000070a000000|100%| O|  |TAMS 0x0000000709f00000, 0x000000070a000000| Untracked 
| 160|0x000000070a000000, 0x000000070a100000, 0x000000070a100000|100%| O|  |TAMS 0x000000070a000000, 0x000000070a100000| Untracked 
| 161|0x000000070a100000, 0x000000070a200000, 0x000000070a200000|100%| O|  |TAMS 0x000000070a100000, 0x000000070a200000| Untracked 
| 162|0x000000070a200000, 0x000000070a300000, 0x000000070a300000|100%| O|  |TAMS 0x000000070a200000, 0x000000070a300000| Untracked 
| 163|0x000000070a300000, 0x000000070a400000, 0x000000070a400000|100%| O|  |TAMS 0x000000070a300000, 0x000000070a400000| Untracked 
| 164|0x000000070a400000, 0x000000070a500000, 0x000000070a500000|100%| O|  |TAMS 0x000000070a400000, 0x000000070a500000| Untracked 
| 165|0x000000070a500000, 0x000000070a600000, 0x000000070a600000|100%| O|  |TAMS 0x000000070a500000, 0x000000070a600000| Untracked 
| 166|0x000000070a600000, 0x000000070a700000, 0x000000070a700000|100%| O|  |TAMS 0x000000070a600000, 0x000000070a700000| Untracked 
| 167|0x000000070a700000, 0x000000070a800000, 0x000000070a800000|100%| O|  |TAMS 0x000000070a700000, 0x000000070a800000| Untracked 
| 168|0x000000070a800000, 0x000000070a900000, 0x000000070a900000|100%| O|  |TAMS 0x000000070a800000, 0x000000070a900000| Untracked 
| 169|0x000000070a900000, 0x000000070aa00000, 0x000000070aa00000|100%| O|  |TAMS 0x000000070a900000, 0x000000070aa00000| Untracked 
| 170|0x000000070aa00000, 0x000000070ab00000, 0x000000070ab00000|100%| O|  |TAMS 0x000000070aa00000, 0x000000070ab00000| Untracked 
| 171|0x000000070ab00000, 0x000000070ac00000, 0x000000070ac00000|100%| O|  |TAMS 0x000000070ab00000, 0x000000070ac00000| Untracked 
| 172|0x000000070ac00000, 0x000000070ad00000, 0x000000070ad00000|100%| O|  |TAMS 0x000000070ac00000, 0x000000070ad00000| Untracked 
| 173|0x000000070ad00000, 0x000000070ae00000, 0x000000070ae00000|100%| O|  |TAMS 0x000000070ad00000, 0x000000070ae00000| Untracked 
| 174|0x000000070ae00000, 0x000000070af00000, 0x000000070af00000|100%| O|  |TAMS 0x000000070ae00000, 0x000000070af00000| Untracked 
| 175|0x000000070af00000, 0x000000070b000000, 0x000000070b000000|100%| O|  |TAMS 0x000000070af00000, 0x000000070b000000| Untracked 
| 176|0x000000070b000000, 0x000000070b100000, 0x000000070b100000|100%| O|  |TAMS 0x000000070b000000, 0x000000070b100000| Untracked 
| 177|0x000000070b100000, 0x000000070b200000, 0x000000070b200000|100%| O|  |TAMS 0x000000070b100000, 0x000000070b200000| Untracked 
| 178|0x000000070b200000, 0x000000070b300000, 0x000000070b300000|100%| O|  |TAMS 0x000000070b200000, 0x000000070b300000| Untracked 
| 179|0x000000070b300000, 0x000000070b400000, 0x000000070b400000|100%| O|  |TAMS 0x000000070b300000, 0x000000070b400000| Untracked 
| 180|0x000000070b400000, 0x000000070b500000, 0x000000070b500000|100%| O|  |TAMS 0x000000070b400000, 0x000000070b500000| Untracked 
| 181|0x000000070b500000, 0x000000070b600000, 0x000000070b600000|100%| O|  |TAMS 0x000000070b500000, 0x000000070b600000| Untracked 
| 182|0x000000070b600000, 0x000000070b700000, 0x000000070b700000|100%| O|  |TAMS 0x000000070b600000, 0x000000070b700000| Untracked 
| 183|0x000000070b700000, 0x000000070b800000, 0x000000070b800000|100%| O|  |TAMS 0x000000070b700000, 0x000000070b800000| Untracked 
| 184|0x000000070b800000, 0x000000070b900000, 0x000000070b900000|100%| O|  |TAMS 0x000000070b800000, 0x000000070b900000| Untracked 
| 185|0x000000070b900000, 0x000000070ba00000, 0x000000070ba00000|100%| O|  |TAMS 0x000000070b900000, 0x000000070ba00000| Untracked 
| 186|0x000000070ba00000, 0x000000070bb00000, 0x000000070bb00000|100%| O|  |TAMS 0x000000070ba00000, 0x000000070bb00000| Untracked 
| 187|0x000000070bb00000, 0x000000070bc00000, 0x000000070bc00000|100%| O|  |TAMS 0x000000070bb00000, 0x000000070bc00000| Untracked 
| 188|0x000000070bc00000, 0x000000070bd00000, 0x000000070bd00000|100%| O|  |TAMS 0x000000070bc00000, 0x000000070bd00000| Untracked 
| 189|0x000000070bd00000, 0x000000070be00000, 0x000000070be00000|100%| O|  |TAMS 0x000000070bd00000, 0x000000070be00000| Untracked 
| 190|0x000000070be00000, 0x000000070bf00000, 0x000000070bf00000|100%| O|  |TAMS 0x000000070be00000, 0x000000070bf00000| Untracked 
| 191|0x000000070bf00000, 0x000000070c000000, 0x000000070c000000|100%| O|  |TAMS 0x000000070bf00000, 0x000000070c000000| Untracked 
| 192|0x000000070c000000, 0x000000070c100000, 0x000000070c100000|100%| O|  |TAMS 0x000000070c000000, 0x000000070c100000| Untracked 
| 193|0x000000070c100000, 0x000000070c200000, 0x000000070c200000|100%| O|  |TAMS 0x000000070c100000, 0x000000070c200000| Untracked 
| 194|0x000000070c200000, 0x000000070c300000, 0x000000070c300000|100%| O|  |TAMS 0x000000070c200000, 0x000000070c300000| Untracked 
| 195|0x000000070c300000, 0x000000070c400000, 0x000000070c400000|100%| O|  |TAMS 0x000000070c300000, 0x000000070c400000| Untracked 
| 196|0x000000070c400000, 0x000000070c500000, 0x000000070c500000|100%| O|  |TAMS 0x000000070c400000, 0x000000070c500000| Untracked 
| 197|0x000000070c500000, 0x000000070c600000, 0x000000070c600000|100%| O|  |TAMS 0x000000070c500000, 0x000000070c600000| Untracked 
| 198|0x000000070c600000, 0x000000070c700000, 0x000000070c700000|100%| O|  |TAMS 0x000000070c600000, 0x000000070c700000| Untracked 
| 199|0x000000070c700000, 0x000000070c800000, 0x000000070c800000|100%| O|  |TAMS 0x000000070c700000, 0x000000070c800000| Untracked 
| 200|0x000000070c800000, 0x000000070c900000, 0x000000070c900000|100%| O|  |TAMS 0x000000070c800000, 0x000000070c900000| Untracked 
| 201|0x000000070c900000, 0x000000070ca00000, 0x000000070ca00000|100%| O|  |TAMS 0x000000070c900000, 0x000000070ca00000| Untracked 
| 202|0x000000070ca00000, 0x000000070cb00000, 0x000000070cb00000|100%| O|  |TAMS 0x000000070ca00000, 0x000000070cb00000| Untracked 
| 203|0x000000070cb00000, 0x000000070cc00000, 0x000000070cc00000|100%| O|  |TAMS 0x000000070cb00000, 0x000000070cc00000| Untracked 
| 204|0x000000070cc00000, 0x000000070cd00000, 0x000000070cd00000|100%| O|  |TAMS 0x000000070cc00000, 0x000000070cc00000| Untracked 
| 205|0x000000070cd00000, 0x000000070cd54200, 0x000000070ce00000| 32%| O|  |TAMS 0x000000070cd00000, 0x000000070cd00000| Untracked 
| 206|0x000000070ce00000, 0x000000070ce00000, 0x000000070cf00000|  0%| F|  |TAMS 0x000000070ce00000, 0x000000070ce00000| Untracked 
| 207|0x000000070cf00000, 0x000000070cf00000, 0x000000070d000000|  0%| F|  |TAMS 0x000000070cf00000, 0x000000070cf00000| Untracked 
| 208|0x000000070d000000, 0x000000070d000000, 0x000000070d100000|  0%| F|  |TAMS 0x000000070d000000, 0x000000070d000000| Untracked 
| 209|0x000000070d100000, 0x000000070d100000, 0x000000070d200000|  0%| F|  |TAMS 0x000000070d100000, 0x000000070d100000| Untracked 
| 210|0x000000070d200000, 0x000000070d200000, 0x000000070d300000|  0%| F|  |TAMS 0x000000070d200000, 0x000000070d200000| Untracked 
| 211|0x000000070d300000, 0x000000070d300000, 0x000000070d400000|  0%| F|  |TAMS 0x000000070d300000, 0x000000070d300000| Untracked 
| 212|0x000000070d400000, 0x000000070d400000, 0x000000070d500000|  0%| F|  |TAMS 0x000000070d400000, 0x000000070d400000| Untracked 
| 213|0x000000070d500000, 0x000000070d500000, 0x000000070d600000|  0%| F|  |TAMS 0x000000070d500000, 0x000000070d500000| Untracked 
| 214|0x000000070d600000, 0x000000070d600000, 0x000000070d700000|  0%| F|  |TAMS 0x000000070d600000, 0x000000070d600000| Untracked 
| 215|0x000000070d700000, 0x000000070d700000, 0x000000070d800000|  0%| F|  |TAMS 0x000000070d700000, 0x000000070d700000| Untracked 
| 216|0x000000070d800000, 0x000000070d800000, 0x000000070d900000|  0%| F|  |TAMS 0x000000070d800000, 0x000000070d800000| Untracked 
| 217|0x000000070d900000, 0x000000070d900000, 0x000000070da00000|  0%| F|  |TAMS 0x000000070d900000, 0x000000070d900000| Untracked 
| 218|0x000000070da00000, 0x000000070da00000, 0x000000070db00000|  0%| F|  |TAMS 0x000000070da00000, 0x000000070da00000| Untracked 
| 219|0x000000070db00000, 0x000000070db00000, 0x000000070dc00000|  0%| F|  |TAMS 0x000000070db00000, 0x000000070db00000| Untracked 
| 220|0x000000070dc00000, 0x000000070dc00000, 0x000000070dd00000|  0%| F|  |TAMS 0x000000070dc00000, 0x000000070dc00000| Untracked 
| 221|0x000000070dd00000, 0x000000070dd00000, 0x000000070de00000|  0%| F|  |TAMS 0x000000070dd00000, 0x000000070dd00000| Untracked 
| 222|0x000000070de00000, 0x000000070de00000, 0x000000070df00000|  0%| F|  |TAMS 0x000000070de00000, 0x000000070de00000| Untracked 
| 223|0x000000070df00000, 0x000000070df00000, 0x000000070e000000|  0%| F|  |TAMS 0x000000070df00000, 0x000000070df00000| Untracked 
| 224|0x000000070e000000, 0x000000070e000000, 0x000000070e100000|  0%| F|  |TAMS 0x000000070e000000, 0x000000070e000000| Untracked 
| 225|0x000000070e100000, 0x000000070e100000, 0x000000070e200000|  0%| F|  |TAMS 0x000000070e100000, 0x000000070e100000| Untracked 
| 226|0x000000070e200000, 0x000000070e200000, 0x000000070e300000|  0%| F|  |TAMS 0x000000070e200000, 0x000000070e200000| Untracked 
| 227|0x000000070e300000, 0x000000070e300000, 0x000000070e400000|  0%| F|  |TAMS 0x000000070e300000, 0x000000070e300000| Untracked 
| 228|0x000000070e400000, 0x000000070e400000, 0x000000070e500000|  0%| F|  |TAMS 0x000000070e400000, 0x000000070e400000| Untracked 
| 229|0x000000070e500000, 0x000000070e500000, 0x000000070e600000|  0%| F|  |TAMS 0x000000070e500000, 0x000000070e500000| Untracked 
| 230|0x000000070e600000, 0x000000070e600000, 0x000000070e700000|  0%| F|  |TAMS 0x000000070e600000, 0x000000070e600000| Untracked 
| 231|0x000000070e700000, 0x000000070e700000, 0x000000070e800000|  0%| F|  |TAMS 0x000000070e700000, 0x000000070e700000| Untracked 
| 232|0x000000070e800000, 0x000000070e800000, 0x000000070e900000|  0%| F|  |TAMS 0x000000070e800000, 0x000000070e800000| Untracked 
| 233|0x000000070e900000, 0x000000070e900000, 0x000000070ea00000|  0%| F|  |TAMS 0x000000070e900000, 0x000000070e900000| Untracked 
| 234|0x000000070ea00000, 0x000000070ea00000, 0x000000070eb00000|  0%| F|  |TAMS 0x000000070ea00000, 0x000000070ea00000| Untracked 
| 235|0x000000070eb00000, 0x000000070eb00000, 0x000000070ec00000|  0%| F|  |TAMS 0x000000070eb00000, 0x000000070eb00000| Untracked 
| 236|0x000000070ec00000, 0x000000070ec00000, 0x000000070ed00000|  0%| F|  |TAMS 0x000000070ec00000, 0x000000070ec00000| Untracked 
| 237|0x000000070ed00000, 0x000000070ed00000, 0x000000070ee00000|  0%| F|  |TAMS 0x000000070ed00000, 0x000000070ed00000| Untracked 
| 238|0x000000070ee00000, 0x000000070ee00000, 0x000000070ef00000|  0%| F|  |TAMS 0x000000070ee00000, 0x000000070ee00000| Untracked 
| 239|0x000000070ef00000, 0x000000070ef00000, 0x000000070f000000|  0%| F|  |TAMS 0x000000070ef00000, 0x000000070ef00000| Untracked 
| 240|0x000000070f000000, 0x000000070f000000, 0x000000070f100000|  0%| F|  |TAMS 0x000000070f000000, 0x000000070f000000| Untracked 
| 241|0x000000070f100000, 0x000000070f100000, 0x000000070f200000|  0%| F|  |TAMS 0x000000070f100000, 0x000000070f100000| Untracked 
| 242|0x000000070f200000, 0x000000070f200000, 0x000000070f300000|  0%| F|  |TAMS 0x000000070f200000, 0x000000070f200000| Untracked 
| 243|0x000000070f300000, 0x000000070f300000, 0x000000070f400000|  0%| F|  |TAMS 0x000000070f300000, 0x000000070f300000| Untracked 
| 244|0x000000070f400000, 0x000000070f400000, 0x000000070f500000|  0%| F|  |TAMS 0x000000070f400000, 0x000000070f400000| Untracked 
| 245|0x000000070f500000, 0x000000070f500000, 0x000000070f600000|  0%| F|  |TAMS 0x000000070f500000, 0x000000070f500000| Untracked 
| 246|0x000000070f600000, 0x000000070f600000, 0x000000070f700000|  0%| F|  |TAMS 0x000000070f600000, 0x000000070f600000| Untracked 
| 247|0x000000070f700000, 0x000000070f700000, 0x000000070f800000|  0%| F|  |TAMS 0x000000070f700000, 0x000000070f700000| Untracked 
| 248|0x000000070f800000, 0x000000070f800000, 0x000000070f900000|  0%| F|  |TAMS 0x000000070f800000, 0x000000070f800000| Untracked 
| 249|0x000000070f900000, 0x000000070f900000, 0x000000070fa00000|  0%| F|  |TAMS 0x000000070f900000, 0x000000070f900000| Untracked 
| 250|0x000000070fa00000, 0x000000070fa00000, 0x000000070fb00000|  0%| F|  |TAMS 0x000000070fa00000, 0x000000070fa00000| Untracked 
| 251|0x000000070fb00000, 0x000000070fb00000, 0x000000070fc00000|  0%| F|  |TAMS 0x000000070fb00000, 0x000000070fb00000| Untracked 
| 252|0x000000070fc00000, 0x000000070fc00000, 0x000000070fd00000|  0%| F|  |TAMS 0x000000070fc00000, 0x000000070fc00000| Untracked 
| 253|0x000000070fd00000, 0x000000070fd00000, 0x000000070fe00000|  0%| F|  |TAMS 0x000000070fd00000, 0x000000070fd00000| Untracked 
| 254|0x000000070fe00000, 0x000000070fe00000, 0x000000070ff00000|  0%| F|  |TAMS 0x000000070fe00000, 0x000000070fe00000| Untracked 
| 255|0x000000070ff00000, 0x000000070ff00000, 0x0000000710000000|  0%| F|  |TAMS 0x000000070ff00000, 0x000000070ff00000| Untracked 
| 256|0x0000000710000000, 0x0000000710000000, 0x0000000710100000|  0%| F|  |TAMS 0x0000000710000000, 0x0000000710000000| Untracked 
| 257|0x0000000710100000, 0x0000000710100000, 0x0000000710200000|  0%| F|  |TAMS 0x0000000710100000, 0x0000000710100000| Untracked 
| 258|0x0000000710200000, 0x0000000710300000, 0x0000000710300000|100%| S|CS|TAMS 0x0000000710200000, 0x0000000710200000| Complete 
| 259|0x0000000710300000, 0x0000000710400000, 0x0000000710400000|100%| S|CS|TAMS 0x0000000710300000, 0x0000000710300000| Complete 
| 260|0x0000000710400000, 0x0000000710500000, 0x0000000710500000|100%| S|CS|TAMS 0x0000000710400000, 0x0000000710400000| Complete 
| 261|0x0000000710500000, 0x0000000710500000, 0x0000000710600000|  0%| F|  |TAMS 0x0000000710500000, 0x0000000710500000| Untracked 
| 262|0x0000000710600000, 0x0000000710600000, 0x0000000710700000|  0%| F|  |TAMS 0x0000000710600000, 0x0000000710600000| Untracked 
| 263|0x0000000710700000, 0x0000000710700000, 0x0000000710800000|  0%| F|  |TAMS 0x0000000710700000, 0x0000000710700000| Untracked 
| 264|0x0000000710800000, 0x0000000710800000, 0x0000000710900000|  0%| F|  |TAMS 0x0000000710800000, 0x0000000710800000| Untracked 
| 265|0x0000000710900000, 0x0000000710900000, 0x0000000710a00000|  0%| F|  |TAMS 0x0000000710900000, 0x0000000710900000| Untracked 
| 266|0x0000000710a00000, 0x0000000710a00000, 0x0000000710b00000|  0%| F|  |TAMS 0x0000000710a00000, 0x0000000710a00000| Untracked 
| 267|0x0000000710b00000, 0x0000000710b00000, 0x0000000710c00000|  0%| F|  |TAMS 0x0000000710b00000, 0x0000000710b00000| Untracked 
| 268|0x0000000710c00000, 0x0000000710c00000, 0x0000000710d00000|  0%| F|  |TAMS 0x0000000710c00000, 0x0000000710c00000| Untracked 
| 269|0x0000000710d00000, 0x0000000710d00000, 0x0000000710e00000|  0%| F|  |TAMS 0x0000000710d00000, 0x0000000710d00000| Untracked 
| 270|0x0000000710e00000, 0x0000000710e00000, 0x0000000710f00000|  0%| F|  |TAMS 0x0000000710e00000, 0x0000000710e00000| Untracked 
| 271|0x0000000710f00000, 0x0000000710f00000, 0x0000000711000000|  0%| F|  |TAMS 0x0000000710f00000, 0x0000000710f00000| Untracked 
| 272|0x0000000711000000, 0x0000000711000000, 0x0000000711100000|  0%| F|  |TAMS 0x0000000711000000, 0x0000000711000000| Untracked 
| 273|0x0000000711100000, 0x0000000711100000, 0x0000000711200000|  0%| F|  |TAMS 0x0000000711100000, 0x0000000711100000| Untracked 
| 274|0x0000000711200000, 0x0000000711200000, 0x0000000711300000|  0%| F|  |TAMS 0x0000000711200000, 0x0000000711200000| Untracked 
| 275|0x0000000711300000, 0x0000000711300000, 0x0000000711400000|  0%| F|  |TAMS 0x0000000711300000, 0x0000000711300000| Untracked 
| 276|0x0000000711400000, 0x0000000711400000, 0x0000000711500000|  0%| F|  |TAMS 0x0000000711400000, 0x0000000711400000| Untracked 
| 277|0x0000000711500000, 0x0000000711500000, 0x0000000711600000|  0%| F|  |TAMS 0x0000000711500000, 0x0000000711500000| Untracked 
| 278|0x0000000711600000, 0x0000000711600000, 0x0000000711700000|  0%| F|  |TAMS 0x0000000711600000, 0x0000000711600000| Untracked 
| 279|0x0000000711700000, 0x0000000711700000, 0x0000000711800000|  0%| F|  |TAMS 0x0000000711700000, 0x0000000711700000| Untracked 
| 280|0x0000000711800000, 0x0000000711800000, 0x0000000711900000|  0%| F|  |TAMS 0x0000000711800000, 0x0000000711800000| Untracked 
| 281|0x0000000711900000, 0x0000000711900000, 0x0000000711a00000|  0%| F|  |TAMS 0x0000000711900000, 0x0000000711900000| Untracked 
| 282|0x0000000711a00000, 0x0000000711a00000, 0x0000000711b00000|  0%| F|  |TAMS 0x0000000711a00000, 0x0000000711a00000| Untracked 
| 283|0x0000000711b00000, 0x0000000711b00000, 0x0000000711c00000|  0%| F|  |TAMS 0x0000000711b00000, 0x0000000711b00000| Untracked 
| 284|0x0000000711c00000, 0x0000000711c00000, 0x0000000711d00000|  0%| F|  |TAMS 0x0000000711c00000, 0x0000000711c00000| Untracked 

Card table byte_map: [0x000002889ea40000,0x000002889f240000] _byte_map_base: 0x000002889b240000

Marking Bits (Prev, Next): (CMBitMap*) 0x000002888999a960, (CMBitMap*) 0x000002888999a928
 Prev Bits: [0x00000288a3a40000, 0x00000288a7a40000)
 Next Bits: [0x000002889fa40000, 0x00000288a3a40000)

Polling page: 0x00000288897c0000

Metaspace:

Usage:
  Non-class:     94.31 MB capacity,    90.25 MB ( 96%) used,     3.69 MB (  4%) free+waste,   379.88 KB ( <1%) overhead. 
      Class:     15.56 MB capacity,    13.78 MB ( 89%) used,     1.60 MB ( 10%) free+waste,   179.50 KB (  1%) overhead. 
       Both:    109.86 MB capacity,   104.03 MB ( 95%) used,     5.29 MB (  5%) free+waste,   559.38 KB ( <1%) overhead. 

Virtual space:
  Non-class space:       96.00 MB reserved,      94.54 MB ( 98%) committed 
      Class space:        1.00 GB reserved,      15.66 MB (  2%) committed 
             Both:        1.09 GB reserved,     110.20 MB ( 10%) committed 

Chunk freelists:
   Non-Class:  54.00 KB
       Class:  0 bytes
        Both:  54.00 KB

MaxMetaspaceSize: 17179869184.00 GB
CompressedClassSpaceSize: 1.00 GB
Initial GC threshold: 20.80 MB
Current GC threshold: 110.27 MB
CDS: off

CodeHeap 'non-profiled nmethods': size=120064Kb used=9899Kb max_used=9899Kb free=110165Kb
 bounds [0x00000288966e0000, 0x0000028897090000, 0x000002889dc20000]
CodeHeap 'profiled nmethods': size=120000Kb used=33478Kb max_used=33478Kb free=86521Kb
 bounds [0x000002888f1b0000, 0x0000028891270000, 0x00000288966e0000]
CodeHeap 'non-nmethods': size=5696Kb used=2405Kb max_used=2452Kb free=3290Kb
 bounds [0x000002888ec20000, 0x000002888ee90000, 0x000002888f1b0000]
 total_blobs=15671 nmethods=14743 adapters=838
 compilation: enabled
              stopped_count=0, restarted_count=0
 full_count=0

Compilation events (20 events):
Event: 111.805 Thread 0x00000288aa11a000 nmethod 14952 0x0000028891259390 code [0x0000028891259680, 0x000002889125ad18]
Event: 111.805 Thread 0x00000288aaa6c800 nmethod 14951 0x0000028897088c10 code [0x0000028897088e00, 0x0000028897089310]
Event: 111.846 Thread 0x00000288aaa6c800 14953       4       java.lang.invoke.TypeConvertingMethodAdapter::descriptorToName (36 bytes)
Event: 111.861 Thread 0x00000288aaa6c800 nmethod 14953 0x0000028897089890 code [0x0000028897089a80, 0x000002889708a0a8]
Event: 111.884 Thread 0x00000288aaa6c800 14954       4       com.google.common.collect.Sets::newLinkedHashSetWithExpectedSize (12 bytes)
Event: 111.884 Thread 0x00000288aa11a000 14955       3       org.gradle.api.internal.CompositeDomainObjectSet$DomainObjectCompositeCollection::collect (66 bytes)
Event: 111.885 Thread 0x00000288aa11a000 nmethod 14955 0x000002889125b290 code [0x000002889125b540, 0x000002889125c198]
Event: 111.888 Thread 0x00000288aa11a000 14956       3       com.google.common.collect.Iterators$ConcatenatedIterator::getTopMetaIterator (64 bytes)
Event: 111.888 Thread 0x00000288aa11a000 nmethod 14956 0x000002889125c590 code [0x000002889125c7a0, 0x000002889125ce08]
Event: 111.888 Thread 0x00000288aa11a000 14957   !   3       com.sun.proxy.$Proxy64::annotationType (29 bytes)
Event: 111.888 Thread 0x00000288aa11a000 nmethod 14957 0x000002889125cf90 code [0x000002889125d180, 0x000002889125d598]
Event: 111.890 Thread 0x00000288aaa6c800 nmethod 14954 0x000002889708a510 code [0x000002889708a6e0, 0x000002889708a9b8]
Event: 111.890 Thread 0x00000288aa11a000 14958       3       org.gradle.internal.reflect.annotations.impl.DefaultTypeAnnotationMetadataStore$$Lambda$863/0x0000000800842040::visitType (18 bytes)
Event: 111.890 Thread 0x00000288aa11a000 nmethod 14958 0x000002889125d790 code [0x000002889125d940, 0x000002889125daa8]
Event: 111.890 Thread 0x00000288aa11a000 14959   !   3       com.sun.proxy.$Proxy65::annotationType (29 bytes)
Event: 111.890 Thread 0x00000288aa11a000 nmethod 14959 0x000002889125db90 code [0x000002889125dd80, 0x000002889125e198]
Event: 111.891 Thread 0x00000288aa11a000 14960       3       org.gradle.model.internal.type.ParameterizedTypeWrapper::hashCode (63 bytes)
Event: 111.891 Thread 0x00000288aa11a000 nmethod 14960 0x000002889125e390 code [0x000002889125e580, 0x000002889125e978]
Event: 111.892 Thread 0x00000288aa11a000 14961       3       org.gradle.api.internal.tasks.CachingTaskDependencyResolveContext$TaskGraphImpl::getNodeValues (172 bytes)
Event: 111.894 Thread 0x00000288aa11a000 nmethod 14961 0x000002889125eb10 code [0x000002889125ef40, 0x0000028891261168]

GC Heap History (20 events):
Event: 100.669 GC heap after
{Heap after GC invocations=108 (full 0):
 garbage-first heap   total 242688K, used 168684K [0x0000000700000000, 0x0000000800000000)
  region size 1024K, 1 young (1024K), 1 survivors (1024K)
 Metaspace       used 96395K, capacity 101895K, committed 101968K, reserved 1136640K
  class space    used 12804K, capacity 14489K, committed 14496K, reserved 1048576K
}
Event: 101.311 GC heap before
{Heap before GC invocations=108 (full 0):
 garbage-first heap   total 242688K, used 189164K [0x0000000700000000, 0x0000000800000000)
  region size 1024K, 21 young (21504K), 1 survivors (1024K)
 Metaspace       used 96753K, capacity 102443K, committed 102608K, reserved 1136640K
  class space    used 12843K, capacity 14551K, committed 14624K, reserved 1048576K
}
Event: 101.326 GC heap after
{Heap after GC invocations=109 (full 0):
 garbage-first heap   total 242688K, used 174080K [0x0000000700000000, 0x0000000800000000)
  region size 1024K, 3 young (3072K), 3 survivors (3072K)
 Metaspace       used 96753K, capacity 102443K, committed 102608K, reserved 1136640K
  class space    used 12843K, capacity 14551K, committed 14624K, reserved 1048576K
}
Event: 102.593 GC heap before
{Heap before GC invocations=109 (full 0):
 garbage-first heap   total 242688K, used 193536K [0x0000000700000000, 0x0000000800000000)
  region size 1024K, 22 young (22528K), 3 survivors (3072K)
 Metaspace       used 98297K, capacity 103952K, committed 104144K, reserved 1138688K
  class space    used 13074K, capacity 14792K, committed 14880K, reserved 1048576K
}
Event: 102.607 GC heap after
{Heap after GC invocations=110 (full 0):
 garbage-first heap   total 242688K, used 175725K [0x0000000700000000, 0x0000000800000000)
  region size 1024K, 2 young (2048K), 2 survivors (2048K)
 Metaspace       used 98297K, capacity 103952K, committed 104144K, reserved 1138688K
  class space    used 13074K, capacity 14792K, committed 14880K, reserved 1048576K
}
Event: 103.651 GC heap before
{Heap before GC invocations=110 (full 0):
 garbage-first heap   total 242688K, used 196205K [0x0000000700000000, 0x0000000800000000)
  region size 1024K, 22 young (22528K), 2 survivors (2048K)
 Metaspace       used 101280K, capacity 106988K, committed 107088K, reserved 1140736K
  class space    used 13488K, capacity 15196K, committed 15264K, reserved 1048576K
}
Event: 103.658 GC heap after
{Heap after GC invocations=111 (full 0):
 garbage-first heap   total 242688K, used 176781K [0x0000000700000000, 0x0000000800000000)
  region size 1024K, 3 young (3072K), 3 survivors (3072K)
 Metaspace       used 101280K, capacity 106988K, committed 107088K, reserved 1140736K
  class space    used 13488K, capacity 15196K, committed 15264K, reserved 1048576K
}
Event: 104.362 GC heap before
{Heap before GC invocations=111 (full 0):
 garbage-first heap   total 242688K, used 198285K [0x0000000700000000, 0x0000000800000000)
  region size 1024K, 24 young (24576K), 3 survivors (3072K)
 Metaspace       used 102705K, capacity 108343K, committed 108496K, reserved 1142784K
  class space    used 13644K, capacity 15390K, committed 15392K, reserved 1048576K
}
Event: 104.370 GC heap after
{Heap after GC invocations=112 (full 0):
 garbage-first heap   total 242688K, used 178063K [0x0000000700000000, 0x0000000800000000)
  region size 1024K, 3 young (3072K), 3 survivors (3072K)
 Metaspace       used 102705K, capacity 108343K, committed 108496K, reserved 1142784K
  class space    used 13644K, capacity 15390K, committed 15392K, reserved 1048576K
}
Event: 105.200 GC heap before
{Heap before GC invocations=112 (full 0):
 garbage-first heap   total 242688K, used 200591K [0x0000000700000000, 0x0000000800000000)
  region size 1024K, 25 young (25600K), 3 survivors (3072K)
 Metaspace       used 103974K, capacity 109600K, committed 109776K, reserved 1142784K
  class space    used 13809K, capacity 15570K, committed 15648K, reserved 1048576K
}
Event: 105.213 GC heap after
{Heap after GC invocations=113 (full 0):
 garbage-first heap   total 242688K, used 180372K [0x0000000700000000, 0x0000000800000000)
  region size 1024K, 4 young (4096K), 4 survivors (4096K)
 Metaspace       used 103974K, capacity 109600K, committed 109776K, reserved 1142784K
  class space    used 13809K, capacity 15570K, committed 15648K, reserved 1048576K
}
Event: 106.201 GC heap before
{Heap before GC invocations=113 (full 0):
 garbage-first heap   total 242688K, used 202900K [0x0000000700000000, 0x0000000800000000)
  region size 1024K, 26 young (26624K), 4 survivors (4096K)
 Metaspace       used 104577K, capacity 110403K, committed 110544K, reserved 1144832K
  class space    used 13852K, capacity 15641K, committed 15648K, reserved 1048576K
}
Event: 106.250 GC heap after
{Heap after GC invocations=114 (full 0):
 garbage-first heap   total 291840K, used 186835K [0x0000000700000000, 0x0000000800000000)
  region size 1024K, 4 young (4096K), 4 survivors (4096K)
 Metaspace       used 104577K, capacity 110403K, committed 110544K, reserved 1144832K
  class space    used 13852K, capacity 15641K, committed 15648K, reserved 1048576K
}
Event: 109.239 GC heap before
{Heap before GC invocations=114 (full 0):
 garbage-first heap   total 291840K, used 226771K [0x0000000700000000, 0x0000000800000000)
  region size 1024K, 44 young (45056K), 4 survivors (4096K)
 Metaspace       used 104943K, capacity 110729K, committed 110928K, reserved 1144832K
  class space    used 13881K, capacity 15657K, committed 15776K, reserved 1048576K
}
Event: 109.477 GC heap after
{Heap after GC invocations=115 (full 0):
 garbage-first heap   total 291840K, used 198541K [0x0000000700000000, 0x0000000800000000)
  region size 1024K, 6 young (6144K), 6 survivors (6144K)
 Metaspace       used 104943K, capacity 110729K, committed 110928K, reserved 1144832K
  class space    used 13881K, capacity 15657K, committed 15776K, reserved 1048576K
}
Event: 111.047 GC heap before
{Heap before GC invocations=115 (full 0):
 garbage-first heap   total 291840K, used 234381K [0x0000000700000000, 0x0000000800000000)
  region size 1024K, 41 young (41984K), 6 survivors (6144K)
 Metaspace       used 105781K, capacity 111700K, committed 111824K, reserved 1144832K
  class space    used 13994K, capacity 15799K, committed 15904K, reserved 1048576K
}
Event: 111.079 GC heap after
{Heap after GC invocations=116 (full 0):
 garbage-first heap   total 291840K, used 207872K [0x0000000700000000, 0x0000000800000000)
  region size 1024K, 6 young (6144K), 6 survivors (6144K)
 Metaspace       used 105781K, capacity 111700K, committed 111824K, reserved 1144832K
  class space    used 13994K, capacity 15799K, committed 15904K, reserved 1048576K
}
Event: 111.294 GC heap before
{Heap before GC invocations=116 (full 0):
 garbage-first heap   total 291840K, used 211968K [0x0000000700000000, 0x0000000800000000)
  region size 1024K, 11 young (11264K), 6 survivors (6144K)
 Metaspace       used 105921K, capacity 111869K, committed 111920K, reserved 1144832K
  class space    used 14022K, capacity 15853K, committed 15904K, reserved 1048576K
}
Event: 111.342 GC heap after
{Heap after GC invocations=117 (full 0):
 garbage-first heap   total 291840K, used 210517K [0x0000000700000000, 0x0000000800000000)
  region size 1024K, 2 young (2048K), 2 survivors (2048K)
 Metaspace       used 105921K, capacity 111869K, committed 111920K, reserved 1144832K
  class space    used 14022K, capacity 15853K, committed 15904K, reserved 1048576K
}
Event: 111.897 GC heap before
{Heap before GC invocations=117 (full 0):
 garbage-first heap   total 291840K, used 232021K [0x0000000700000000, 0x0000000800000000)
  region size 1024K, 24 young (24576K), 2 survivors (2048K)
 Metaspace       used 106524K, capacity 112499K, committed 112840K, reserved 1146880K
  class space    used 14108K, capacity 15929K, committed 16032K, reserved 1048576K
}

Deoptimization events (20 events):
Event: 111.527 Thread 0x00000288ad170800 Uncommon trap: trap_request=0xffffffc6 fr.pc=0x0000028896de0dc4 relative=0x0000000000000f64
Event: 111.527 Thread 0x00000288ad170800 Uncommon trap: reason=bimorphic_or_optimized_type_check action=maybe_recompile pc=0x0000028896de0dc4 method=org.gradle.internal.component.model.ComponentAttributeMatcher$CachedQuery.of(Lorg/gradle/internal/component/model/AttributeSelectionSchema;Lorg/gra
Event: 111.527 Thread 0x00000288ad170800 DEOPT PACKING pc=0x0000028896de0dc4 sp=0x000000f76e2fa080
Event: 111.527 Thread 0x00000288ad170800 DEOPT UNPACKING pc=0x000002888ec6a1af sp=0x000000f76e2fa048 mode 2
Event: 111.528 Thread 0x00000288ad170800 Uncommon trap: trap_request=0xffffffc6 fr.pc=0x0000028896de0dc4 relative=0x0000000000000f64
Event: 111.528 Thread 0x00000288ad170800 Uncommon trap: reason=bimorphic_or_optimized_type_check action=maybe_recompile pc=0x0000028896de0dc4 method=org.gradle.internal.component.model.ComponentAttributeMatcher$CachedQuery.of(Lorg/gradle/internal/component/model/AttributeSelectionSchema;Lorg/gra
Event: 111.528 Thread 0x00000288ad170800 DEOPT PACKING pc=0x0000028896de0dc4 sp=0x000000f76e2fa080
Event: 111.528 Thread 0x00000288ad170800 DEOPT UNPACKING pc=0x000002888ec6a1af sp=0x000000f76e2fa048 mode 2
Event: 111.529 Thread 0x00000288ad170800 Uncommon trap: trap_request=0xffffffc6 fr.pc=0x0000028896de0dc4 relative=0x0000000000000f64
Event: 111.529 Thread 0x00000288ad170800 Uncommon trap: reason=bimorphic_or_optimized_type_check action=maybe_recompile pc=0x0000028896de0dc4 method=org.gradle.internal.component.model.ComponentAttributeMatcher$CachedQuery.of(Lorg/gradle/internal/component/model/AttributeSelectionSchema;Lorg/gra
Event: 111.529 Thread 0x00000288ad170800 DEOPT PACKING pc=0x0000028896de0dc4 sp=0x000000f76e2fa080
Event: 111.529 Thread 0x00000288ad170800 DEOPT UNPACKING pc=0x000002888ec6a1af sp=0x000000f76e2fa048 mode 2
Event: 111.883 Thread 0x00000288ad170800 Uncommon trap: trap_request=0xffffff4d fr.pc=0x00000288970756ec relative=0x0000000000000fec
Event: 111.883 Thread 0x00000288ad170800 Uncommon trap: reason=unstable_if action=reinterpret pc=0x00000288970756ec method=org.gradle.api.internal.tasks.CachingTaskDependencyResolveContext$TaskGraphImpl.getNodeValues(Ljava/lang/Object;Ljava/util/Collection;Ljava/util/Collection;)V @ 55 c2
Event: 111.883 Thread 0x00000288ad170800 DEOPT PACKING pc=0x00000288970756ec sp=0x000000f76e2fa9e0
Event: 111.883 Thread 0x00000288ad170800 DEOPT UNPACKING pc=0x000002888ec6a1af sp=0x000000f76e2fa9b0 mode 2
Event: 111.886 Thread 0x00000288ad170800 Uncommon trap: trap_request=0xffffffde fr.pc=0x0000028896d7b020 relative=0x00000000000001e0
Event: 111.886 Thread 0x00000288ad170800 Uncommon trap: reason=class_check action=maybe_recompile pc=0x0000028896d7b020 method=com.google.common.collect.Lists.equalsImpl(Ljava/util/List;Ljava/lang/Object;)Z @ 11 c2
Event: 111.886 Thread 0x00000288ad170800 DEOPT PACKING pc=0x0000028896d7b020 sp=0x000000f76e2f9610
Event: 111.886 Thread 0x00000288ad170800 DEOPT UNPACKING pc=0x000002888ec6a1af sp=0x000000f76e2f9530 mode 2

Classes redefined (0 events):
No events

Internal exceptions (20 events):
Event: 101.685 Thread 0x00000288ad170800 Implicit null exception at 0x0000028896e39acf to 0x0000028896e39c18
Event: 102.078 Thread 0x00000288ad170800 Implicit null exception at 0x0000028896f3ebcb to 0x0000028896f3f2fc
Event: 102.216 Thread 0x00000288ad170800 Exception <a 'sun/nio/fs/WindowsException'{0x000000070e08bfd0}> (0x000000070e08bfd0) thrown at [./src/hotspot/share/prims/jni.cpp, line 616]
Event: 102.797 Thread 0x00000288ad170800 Exception <a 'java/lang/NullPointerException'{0x000000070e94af08}> (0x000000070e94af08) thrown at [./src/hotspot/share/interpreter/linkResolver.cpp, line 1440]
Event: 103.165 Thread 0x00000288ad170800 Implicit null exception at 0x000002889697be25 to 0x000002889697d650
Event: 103.503 Thread 0x00000288ad170800 Exception <a 'java/lang/NoSuchMethodError'{0x000000070d899c58}: 'int java.lang.invoke.DirectMethodHandle$Holder.invokeStatic(java.lang.Object, java.lang.Object, int, java.lang.Object)'> (0x000000070d899c58) thrown at [./src/hotspot/share/interpreter/linkResolver.cpp, line 773]
Event: 103.706 Thread 0x00000288ad170800 Exception <a 'sun/nio/fs/WindowsException'{0x000000070ecc4ae0}> (0x000000070ecc4ae0) thrown at [./src/hotspot/share/prims/jni.cpp, line 616]
Event: 103.707 Thread 0x00000288ad170800 Exception <a 'sun/nio/fs/WindowsException'{0x000000070ecc5e70}> (0x000000070ecc5e70) thrown at [./src/hotspot/share/prims/jni.cpp, line 616]
Event: 103.707 Thread 0x00000288ad170800 Exception <a 'sun/nio/fs/WindowsException'{0x000000070ecc7238}> (0x000000070ecc7238) thrown at [./src/hotspot/share/prims/jni.cpp, line 616]
Event: 103.707 Thread 0x00000288ad170800 Exception <a 'sun/nio/fs/WindowsException'{0x000000070ecc92a0}> (0x000000070ecc92a0) thrown at [./src/hotspot/share/prims/jni.cpp, line 616]
Event: 103.948 Thread 0x00000288ad170800 Implicit null exception at 0x0000028896de9f1d to 0x0000028896deb630
Event: 105.188 Thread 0x00000288ad170800 Implicit null exception at 0x0000028896f9a50b to 0x0000028896f9ab54
Event: 106.252 Thread 0x00000288ad170800 Implicit null exception at 0x0000028896fa07f6 to 0x0000028896fa0f80
Event: 108.626 Thread 0x00000288ad170800 Exception <a 'java/lang/ClassNotFoundException'{0x000000070fe67160}: org/gradle/api/internal/file/collections/DefaultConfigurableFileCollectionBeanInfo> (0x000000070fe67160) thrown at [./src/hotspot/share/classfile/systemDictionary.cpp, line 231]
Event: 108.627 Thread 0x00000288ad170800 Exception <a 'java/lang/ClassNotFoundException'{0x000000070fe83d58}: org/gradle/api/internal/file/collections/DefaultConfigurableFileCollectionCustomizer> (0x000000070fe83d58) thrown at [./src/hotspot/share/classfile/systemDictionary.cpp, line 231]
Event: 108.658 Thread 0x00000288ad170800 Exception <a 'java/lang/ClassNotFoundException'{0x000000070fd26b30}: org/gradle/api/internal/file/UnionFileCollectionBeanInfo> (0x000000070fd26b30) thrown at [./src/hotspot/share/classfile/systemDictionary.cpp, line 231]
Event: 108.659 Thread 0x00000288ad170800 Exception <a 'java/lang/ClassNotFoundException'{0x000000070fd3ddc0}: org/gradle/api/internal/file/UnionFileCollectionCustomizer> (0x000000070fd3ddc0) thrown at [./src/hotspot/share/classfile/systemDictionary.cpp, line 231]
Event: 110.263 Thread 0x00000288ad170800 Implicit null exception at 0x000002889704c239 to 0x000002889704c379
Event: 110.812 Thread 0x00000288ad170800 Exception <a 'java/lang/NoSuchMethodError'{0x000000070fe5cf18}: 'java.lang.Object java.lang.invoke.DirectMethodHandle$Holder.invokeStatic(java.lang.Object, java.lang.Object, java.lang.Object, java.lang.Object, java.lang.Object, java.lang.Object, java.lang.Object, java.lang.Object, java.lang.Object, java.lang.Object, java.lang.Object, java.lang.Object, java.lang.Object, int)'> (0x000000070fe5cf18) thrown at [./src/hotspot/share/interpreter/linkResolver.cpp, line 773]
Event: 110.817 Thread 0x00000288ad170800 Exception <a 'java/lang/NoSuchMethodError'{0x000000070fe6a658}: 'java.lang.Object java.lang.invoke.DirectMethodHandle$Holder.invokeStatic(java.lang.Object, java.lang.Object, java.lang.Object, java.lang.Object, java.lang.Object, java.lang.Object, java.lang.Object, java.lang.Object, java.lang.Object, java.lang.Object, java.lang.Object, java.lang.Object, java.lang.Object, int, int)'> (0x000000070fe6a658) thrown at [./src/hotspot/share/interpreter/linkResolver.cpp, line 773]

Events (20 events):
Event: 111.853 loading class org/gradle/api/artifacts/SelfResolvingDependency done
Event: 111.857 loading class org/gradle/api/internal/file/AbstractFileTree$1
Event: 111.857 loading class org/gradle/api/internal/file/AbstractFileTree$1 done
Event: 111.861 loading class org/gradle/api/file/EmptyFileVisitor
Event: 111.861 loading class org/gradle/api/file/EmptyFileVisitor done
Event: 111.866 loading class org/gradle/api/file/ReproducibleFileVisitor
Event: 111.866 loading class org/gradle/api/file/ReproducibleFileVisitor done
Event: 111.868 loading class org/gradle/api/internal/file/collections/DefaultDirectoryWalker$PathVisitor
Event: 111.868 loading class org/gradle/api/internal/file/collections/DefaultDirectoryWalker$PathVisitor done
Event: 111.873 Executing VM operation: CollectForMetadataAllocation
Event: 111.874 Executing VM operation: CollectForMetadataAllocation done
Event: 111.874 loading class java/nio/file/FileTreeWalker$1
Event: 111.874 loading class java/nio/file/FileTreeWalker$1 done
Event: 111.875 loading class org/gradle/api/internal/file/DefaultFileVisitDetails
Event: 111.875 loading class org/gradle/api/internal/file/DefaultFileVisitDetails done
Event: 111.876 loading class org/gradle/api/internal/file/DefaultFileTreeElement
Event: 111.876 loading class org/gradle/api/internal/file/DefaultFileTreeElement done
Event: 111.879 loading class org/gradle/api/internal/file/AttributeBasedFileVisitDetails
Event: 111.879 loading class org/gradle/api/internal/file/AttributeBasedFileVisitDetails done
Event: 111.896 Executing VM operation: G1CollectForAllocation


Dynamic libraries:
0x00007ff7a43e0000 - 0x00007ff7a43ea000 	C:\Program Files\Android\Android Studio\jre\bin\java.exe
0x00007ffd23530000 - 0x00007ffd23747000 	C:\Windows\SYSTEM32\ntdll.dll
0x00007ffd226f0000 - 0x00007ffd227b4000 	C:\Windows\System32\KERNEL32.DLL
0x00007ffd20a30000 - 0x00007ffd20ddd000 	C:\Windows\System32\KERNELBASE.dll
0x00007ffd20910000 - 0x00007ffd20a21000 	C:\Windows\System32\ucrtbase.dll
0x00007ffd0a310000 - 0x00007ffd0a329000 	C:\Program Files\Android\Android Studio\jre\bin\jli.dll
0x00007ffd0a2f0000 - 0x00007ffd0a307000 	C:\Program Files\Android\Android Studio\jre\bin\VCRUNTIME140.dll
0x00007ffd212f0000 - 0x00007ffd2149e000 	C:\Windows\System32\USER32.dll
0x00007ffd21230000 - 0x00007ffd21256000 	C:\Windows\System32\win32u.dll
0x00007ffd227c0000 - 0x00007ffd227e9000 	C:\Windows\System32\GDI32.dll
0x00007ffd0d210000 - 0x00007ffd0d4a3000 	C:\Windows\WinSxS\amd64_microsoft.windows.common-controls_6595b64144ccf1df_6.0.22621.3672_none_2713b9d173822955\COMCTL32.dll
0x00007ffd21070000 - 0x00007ffd21189000 	C:\Windows\System32\gdi32full.dll
0x00007ffd21190000 - 0x00007ffd2122a000 	C:\Windows\System32\msvcp_win.dll
0x00007ffd23380000 - 0x00007ffd23427000 	C:\Windows\System32\msvcrt.dll
0x00007ffd23160000 - 0x00007ffd23191000 	C:\Windows\System32\IMM32.DLL
0x00007ffd0a020000 - 0x00007ffd0a0bd000 	C:\Program Files\Android\Android Studio\jre\bin\msvcp140.dll
0x00007ffcb73f0000 - 0x00007ffcb7ef2000 	C:\Program Files\Android\Android Studio\jre\bin\server\jvm.dll
0x00007ffd22330000 - 0x00007ffd223e2000 	C:\Windows\System32\ADVAPI32.dll
0x00007ffd23430000 - 0x00007ffd234d9000 	C:\Windows\System32\sechost.dll
0x00007ffd21040000 - 0x00007ffd21068000 	C:\Windows\System32\bcrypt.dll
0x00007ffd21a60000 - 0x00007ffd21b74000 	C:\Windows\System32\RPCRT4.dll
0x00007ffd23360000 - 0x00007ffd23368000 	C:\Windows\System32\PSAPI.DLL
0x00007ffd19570000 - 0x00007ffd19579000 	C:\Windows\SYSTEM32\WSOCK32.dll
0x00007ffd221e0000 - 0x00007ffd22251000 	C:\Windows\System32\WS2_32.dll
0x00007ffd186c0000 - 0x00007ffd186f4000 	C:\Windows\SYSTEM32\WINMM.dll
0x00007ffd17fe0000 - 0x00007ffd17fea000 	C:\Windows\SYSTEM32\VERSION.dll
0x00007ffd1f8f0000 - 0x00007ffd1f908000 	C:\Windows\SYSTEM32\kernel.appcore.dll
0x00007ffd0a2d0000 - 0x00007ffd0a2e1000 	C:\Program Files\Android\Android Studio\jre\bin\verify.dll
0x00007ffcfdff0000 - 0x00007ffcfe222000 	C:\Windows\SYSTEM32\DBGHELP.DLL
0x00007ffd216d0000 - 0x00007ffd21a5d000 	C:\Windows\System32\combase.dll
0x00007ffd231a0000 - 0x00007ffd23277000 	C:\Windows\System32\OLEAUT32.dll
0x00007ffcfe370000 - 0x00007ffcfe3a2000 	C:\Windows\SYSTEM32\dbgcore.DLL
0x00007ffd20de0000 - 0x00007ffd20e5b000 	C:\Windows\System32\bcryptPrimitives.dll
0x00007ffd09ff0000 - 0x00007ffd0a019000 	C:\Program Files\Android\Android Studio\jre\bin\java.dll
0x00007ffd0a6e0000 - 0x00007ffd0a6eb000 	C:\Program Files\Android\Android Studio\jre\bin\jimage.dll
0x00007ffd09fd0000 - 0x00007ffd09fe8000 	C:\Program Files\Android\Android Studio\jre\bin\zip.dll
0x00007ffd227f0000 - 0x00007ffd23058000 	C:\Windows\System32\SHELL32.dll
0x00007ffd1e7a0000 - 0x00007ffd1f09e000 	C:\Windows\SYSTEM32\windows.storage.dll
0x00007ffd1e660000 - 0x00007ffd1e79f000 	C:\Windows\SYSTEM32\wintypes.dll
0x00007ffd23060000 - 0x00007ffd23159000 	C:\Windows\System32\SHCORE.dll
0x00007ffd21b80000 - 0x00007ffd21bde000 	C:\Windows\System32\shlwapi.dll
0x00007ffd20780000 - 0x00007ffd207a1000 	C:\Windows\SYSTEM32\profapi.dll
0x00007ffd07010000 - 0x00007ffd0702a000 	C:\Program Files\Android\Android Studio\jre\bin\net.dll
0x00007ffd18700000 - 0x00007ffd18836000 	C:\Windows\SYSTEM32\WINHTTP.dll
0x00007ffd1fde0000 - 0x00007ffd1fe49000 	C:\Windows\system32\mswsock.dll
0x00007ffcf3d60000 - 0x00007ffcf3d74000 	C:\Program Files\Android\Android Studio\jre\bin\nio.dll
0x00007ffd0de10000 - 0x00007ffd0de37000 	C:\Users\User\.gradle\native\e1d6ef7f7dcc3fd88c89a11ec53ec762bb8ba0a96d01ffa2cd45eb1d1d8dd5c5\windows-amd64\native-platform.dll
0x00007ffcd1c00000 - 0x00007ffcd1d44000 	C:\Users\User\.gradle\native\0d407fdbe67a94daf76414ababcb853783967236a71b16ec16e742cd7a986fd3\windows-amd64\native-platform-file-events.dll
0x00007ffd0a2c0000 - 0x00007ffd0a2ca000 	C:\Program Files\Android\Android Studio\jre\bin\management.dll
0x00007ffd09fc0000 - 0x00007ffd09fcd000 	C:\Program Files\Android\Android Studio\jre\bin\management_ext.dll
0x00007ffd20050000 - 0x00007ffd2006b000 	C:\Windows\SYSTEM32\CRYPTSP.dll
0x00007ffd1f850000 - 0x00007ffd1f885000 	C:\Windows\system32\rsaenh.dll
0x00007ffd1fee0000 - 0x00007ffd1ff08000 	C:\Windows\SYSTEM32\USERENV.dll
0x00007ffd20040000 - 0x00007ffd2004c000 	C:\Windows\SYSTEM32\CRYPTBASE.dll
0x00007ffd1f300000 - 0x00007ffd1f32d000 	C:\Windows\SYSTEM32\IPHLPAPI.DLL
0x00007ffd214a0000 - 0x00007ffd214a9000 	C:\Windows\System32\NSI.dll
0x00007ffd18f50000 - 0x00007ffd18f69000 	C:\Windows\SYSTEM32\dhcpcsvc6.DLL
0x00007ffd17ff0000 - 0x00007ffd1800f000 	C:\Windows\SYSTEM32\dhcpcsvc.DLL
0x00007ffd1f370000 - 0x00007ffd1f468000 	C:\Windows\SYSTEM32\DNSAPI.dll
0x00007ffd188c0000 - 0x00007ffd188d7000 	C:\Windows\system32\napinsp.dll
0x00007ffd188a0000 - 0x00007ffd188bb000 	C:\Windows\system32\pnrpnsp.dll
0x00007ffd18880000 - 0x00007ffd18891000 	C:\Windows\System32\winrnr.dll
0x00007ffd15370000 - 0x00007ffd15385000 	C:\Windows\system32\wshbth.dll
0x00007ffd18850000 - 0x00007ffd18877000 	C:\Windows\system32\nlansp_c.dll
0x00007ffd19d20000 - 0x00007ffd19d2a000 	C:\Windows\System32\rasadhlp.dll
0x00007ffd12fa0000 - 0x00007ffd13023000 	C:\Windows\System32\fwpuclnt.dll

dbghelp: loaded successfully - version: 4.0.5 - missing functions: none
symbol engine: initialized successfully - sym options: 0x614 - pdb path: .;C:\Program Files\Android\Android Studio\jre\bin;C:\Windows\SYSTEM32;C:\Windows\WinSxS\amd64_microsoft.windows.common-controls_6595b64144ccf1df_6.0.22621.3672_none_2713b9d173822955;C:\Program Files\Android\Android Studio\jre\bin\server;C:\Users\User\.gradle\native\e1d6ef7f7dcc3fd88c89a11ec53ec762bb8ba0a96d01ffa2cd45eb1d1d8dd5c5\windows-amd64;C:\Users\User\.gradle\native\0d407fdbe67a94daf76414ababcb853783967236a71b16ec16e742cd7a986fd3\windows-amd64

VM Arguments:
jvm_args: --add-opens=java.base/java.util=ALL-UNNAMED --add-opens=java.base/java.lang=ALL-UNNAMED --add-opens=java.base/java.lang.invoke=ALL-UNNAMED --add-opens=java.base/java.util=ALL-UNNAMED --add-opens=java.prefs/java.util.prefs=ALL-UNNAMED --add-opens=java.prefs/java.util.prefs=ALL-UNNAMED --add-opens=java.base/java.nio.charset=ALL-UNNAMED --add-opens=java.base/java.net=ALL-UNNAMED --add-opens=java.base/java.util.concurrent.atomic=ALL-UNNAMED -Xmx4G -Dfile.encoding=windows-1252 -Duser.country=ID -Duser.language=en -Duser.variant 
java_command: org.gradle.launcher.daemon.bootstrap.GradleDaemon 7.5
java_class_path (initial): C:\Users\User\.gradle\wrapper\dists\gradle-7.5-all\6qsw290k5lz422uaf8jf6m7co\gradle-7.5\lib\gradle-launcher-7.5.jar
Launcher Type: SUN_STANDARD

[Global flags]
     intx CICompilerCount                          = 3                                         {product} {ergonomic}
     uint ConcGCThreads                            = 1                                         {product} {ergonomic}
     uint G1ConcRefinementThreads                  = 4                                         {product} {ergonomic}
   size_t G1HeapRegionSize                         = 1048576                                   {product} {ergonomic}
    uintx GCDrainStackTargetSize                   = 64                                        {product} {ergonomic}
   size_t InitialHeapSize                          = 67108864                                  {product} {ergonomic}
   size_t MarkStackSize                            = 4194304                                   {product} {ergonomic}
   size_t MaxHeapSize                              = 4294967296                                {product} {command line}
   size_t MaxNewSize                               = 2576351232                                {product} {ergonomic}
   size_t MinHeapDeltaBytes                        = 1048576                                   {product} {ergonomic}
    uintx NonNMethodCodeHeapSize                   = 5830732                                {pd product} {ergonomic}
    uintx NonProfiledCodeHeapSize                  = 122913754                              {pd product} {ergonomic}
    uintx ProfiledCodeHeapSize                     = 122913754                              {pd product} {ergonomic}
    uintx ReservedCodeCacheSize                    = 251658240                              {pd product} {ergonomic}
     bool SegmentedCodeCache                       = true                                      {product} {ergonomic}
     bool UseCompressedClassPointers               = true                                 {lp64_product} {ergonomic}
     bool UseCompressedOops                        = true                                 {lp64_product} {ergonomic}
     bool UseG1GC                                  = true                                      {product} {ergonomic}
     bool UseLargePagesIndividualAllocation        = false                                  {pd product} {ergonomic}

Logging:
Log output configuration:
 #0: stdout all=warning uptime,level,tags
 #1: stderr all=off uptime,level,tags

Environment Variables:
JAVA_HOME=C:\Program Files\Android\Android Studio\jre
CLASSPATH=D:\Tugas Akhir\baru ni\kesalahan\hapus\Project_DisApp\realtime\android\\gradle\wrapper\gradle-wrapper.jar
PATH=C:\Program Files\Android\Android Studio\jre\bin;C:\Program Files (x86)\Common Files\Oracle\Java\java8path;C:\Program Files (x86)\Common Files\Oracle\Java\javapath;C:\Windows\system32;C:\Windows;C:\Windows\System32\Wbem;C:\Windows\System32\WindowsPowerShell\v1.0\;C:\Windows\System32\OpenSSH\;C:\Program Files\Git\cmd;C:\xampp\php;C:\ProgramData\ComposerSetup\bin;C:\hadoop\bin;C:\hadoop\sbin;C:\Program Files\Java\jdk1.8.0_111\bin;C:\spark\bin;C:\spark\sbin;C:\Users\User\AppData\Local\Programs\Python\Python311;C:\Users\User\AppData\Local\Programs\Python\Python311\Scripts;C:\Program Files\nodejs\;C:\Users\User\AppData\Local\Pub\Cache\bin;C:\Program Files\Git\bin;C:\Users\User\AppData\Local\Programs\Python\Python311\Scripts\;C:\Users\User\AppData\Local\Programs\Python\Python311\;C:\Users\User\AppData\Local\Microsoft\WindowsApps;C:\src\flutter\bin;C:\Users\User\AppData\Local\Programs\Microsoft VS Code\bin;C:\Users\User\AppData\Roaming\Composer\vendor\bin;C:\Program Files\heroku\bin;C:\hadoop\sbin;C:\hadoop\bin;C:\spark\bin;C:\spark\sbin;C:\Program Files\Java\jdk1.8.0_111\bin;C:\msys64\mingw64\bin;C:\MinGW\bin;C:\Users\User\AppData\Local\Programs\Python\Python311;C:\Users\User\AppData\Local\Programs\Python\Python311\Scripts;C:\Users\User\AppData\Roaming\npm;C:\src\flutter\bin\mingit\cmd;C:\src\flutter\bin\mingit\cmd
USERNAME=User
OS=Windows_NT
PROCESSOR_IDENTIFIER=Intel64 Family 6 Model 142 Stepping 9, GenuineIntel



---------------  S Y S T E M  ---------------

OS: Windows 11 , 64 bit Build 22621 (10.0.22621.3958)
OS uptime: 0 days 4:00 hours

CPU:total 4 (initial active 4) (2 cores per cpu, 2 threads per core) family 6 model 142 stepping 9 microcode 0xde, cmov, cx8, fxsr, mmx, sse, sse2, sse3, ssse3, sse4.1, sse4.2, popcnt, avx, avx2, aes, clmul, erms, 3dnowpref, lzcnt, ht, tsc, tscinvbit, bmi1, bmi2, adx, fma

Memory: 4k page, system-wide physical 3977M (246M free)
TotalPageFile size 16265M (AvailPageFile size 83M)
current process WorkingSet (physical memory assigned to process): 369M, peak: 372M
current process commit charge ("private bytes"): 627M, peak: 912M

vm_info: OpenJDK 64-Bit Server VM (11.0.13+0-b1751.21-8125866) for windows-amd64 JRE (11.0.13+0-b1751.21-8125866), built on Feb  2 2022 03:00:22 by "builder" with MS VC++ 14.0 (VS2015)

END.
